2023-04-21 09:31:11,500 [INFO] MainUpdater:2854 - connection check result : 10
2023-04-21 09:31:11,635 [INFO] McuFinderGlobals:66 - Set McuFinderConnectedMode to true
2023-04-21 09:31:11,636 [INFO] MultiScanPanel:200 - Auto-refresh data requested => check proxy status ongoing
2023-04-21 09:31:11,636 [INFO] FinderPluginLoader:95 - Searching for filters in installed packs
2023-04-21 09:31:12,743 [INFO] LoadUrlFilesThread:185 - End of LoadServerUrlFiles without Thread
2023-04-21 09:31:12,743 [INFO] DetailPanel:341 - Set advertising image to C:/Users/hsuankai.chang/STM32Cube/Repository/\en.prom-stm32h5-mcu-finder.jpg
2023-04-21 09:31:16,782 [INFO] MultiScanPanel:200 - Auto-refresh data requested => check proxy status ongoing
2023-04-21 09:31:16,897 [INFO] LoadUrlFilesThread:185 - End of LoadServerUrlFiles without Thread
2023-04-21 09:31:16,898 [INFO] DetailPanel:341 - Set advertising image to C:/Users/hsuankai.chang/STM32Cube/Repository/\en.prom-stm32h5-mcu-finder.jpg
2023-04-21 09:31:22,510 [INFO] BoardResultTable:719 - Unmark Board NUCLEO-F446RE as favorite
2023-04-21 09:31:54,317 [INFO] MainUpdater:2854 - connection check result : 10
2023-04-21 09:31:54,318 [INFO] MainUpdater:2854 - connection check result : 10
2023-04-21 09:31:54,428 [INFO] MicroXplorer:468 - Change Database Path : 
2023-04-21 09:31:54,429 [INFO] MicroXplorer:498 - Change Database Version : DB.6.0.80
2023-04-21 09:31:54,488 [WARN] ThirdParty:871 - waiting for thirdparty lock release [close project]
2023-04-21 09:31:54,489 [INFO] ThirdParty:873 - entering critical section [close project]
2023-04-21 09:31:54,489 [INFO] ThirdParty:883 - exiting critical section [close project]
2023-04-21 09:31:54,490 [INFO] PinOutPanel:1499 - setPackage(No Configuration,No Configuration)
2023-04-21 09:31:54,497 [WARN] IpParametersView:150 - Warning: This peripheral hasn't parameters
2023-04-21 09:31:54,504 [WARN] MainPanel:257 - <html><b><center>Warning: This peripheral has no parameters to be configured<br></b></html>
2023-04-21 09:31:54,507 [INFO] UtilMem:75 - Begin LoadConfig() Used Memory: 453251432 Bytes (825229312)
2023-04-21 09:31:54,508 [INFO] OpenFileManager:308 - Change cursor
2023-04-21 09:31:54,519 [INFO] ProjectFactory:402 - No CPN specified for board NUCLEO-F446RE => set CPN to STM32F446RET6
2023-04-21 09:31:54,519 [INFO] Mcu:1937 - Initializing MCU STM32F446R(C-E)Tx STM32F446RETx STM32F446RET6
2023-04-21 09:31:56,039 [INFO] Context:659 - Trying to add GPIOservice into a context  which must be forbidden
2023-04-21 09:31:56,337 [INFO] Rule:228 - rule 117617 - U5Cobra4M][GTZC] default value MPCBB3 and MPCBB5 - Not Secured memory - MPCBB1 is applicable
2023-04-21 09:31:56,338 [INFO] Rule:228 - rule 117617 - U5Cobra4M][GTZC] default value MPCBB3 and MPCBB5 - Not Secured memory - MPCBB1 is applicable
2023-04-21 09:31:56,338 [INFO] Rule:228 - rule 117617 - U5Cobra4M][GTZC] default value MPCBB3 and MPCBB5 - Not Secured memory - MPCBB2 is applicable
2023-04-21 09:31:56,338 [INFO] Rule:228 - rule 117617 - U5Cobra4M][GTZC] default value MPCBB3 and MPCBB5 - Not Secured memory - MPCBB2 is applicable
2023-04-21 09:31:56,338 [INFO] Rule:228 - rule 117617 - U5Cobra4M][GTZC] default value MPCBB3 and MPCBB5 - Not Secured memory - MPCBB3 is applicable
2023-04-21 09:31:56,338 [INFO] Rule:228 - rule 117617 - U5Cobra4M][GTZC] default value MPCBB3 and MPCBB5 - Not Secured memory - MPCBB3 is applicable
2023-04-21 09:31:56,338 [INFO] Rule:228 - rule 117617 - U5Cobra4M][GTZC] default value MPCBB3 and MPCBB5 - Not Secured memory - MPCBB4 is applicable
2023-04-21 09:31:56,338 [INFO] Rule:228 - rule 117617 - U5Cobra4M][GTZC] default value MPCBB3 and MPCBB5 - Not Secured memory - MPCBB4 is applicable
2023-04-21 09:31:56,338 [INFO] Rule:228 - rule 117617 - U5Cobra4M][GTZC] default value MPCBB3 and MPCBB5 - Secured memory - MPCBB1 is applicable
2023-04-21 09:31:56,338 [INFO] Rule:228 - rule 117617 - U5Cobra4M][GTZC] default value MPCBB3 and MPCBB5 - Secured memory - MPCBB2 is applicable
2023-04-21 09:31:56,338 [INFO] Rule:228 - rule 117617 - U5Cobra4M][GTZC] default value MPCBB3 and MPCBB5 - Secured memory - MPCBB3 is applicable
2023-04-21 09:31:56,338 [INFO] Rule:228 - rule 117617 - U5Cobra4M][GTZC] default value MPCBB3 and MPCBB5 - Secured memory - MPCBB4 is applicable
2023-04-21 09:31:56,338 [INFO] Rule:228 - rule 117617 - U5Cobra4M][GTZC] default value MPCBB3 and MPCBB5 - Privileged memory - MPCBB1 is applicable
2023-04-21 09:31:56,338 [INFO] Rule:228 - rule 117617 - U5Cobra4M][GTZC] default value MPCBB3 and MPCBB5 - Privileged memory - MPCBB2 is applicable
2023-04-21 09:31:56,338 [INFO] Rule:228 - rule 117617 - U5Cobra4M][GTZC] default value MPCBB3 and MPCBB5 - Privileged memory - MPCBB3 is applicable
2023-04-21 09:31:56,338 [INFO] Rule:228 - rule 117617 - U5Cobra4M][GTZC] default value MPCBB3 and MPCBB5 - Privileged memory - MPCBB4 is applicable
2023-04-21 09:31:56,338 [INFO] Rule:228 - rule 117617 - U5Cobra4M][GTZC] default value MPCBB3 and MPCBB5 - Not Privileged memory - MPCBB1 is applicable
2023-04-21 09:31:56,338 [INFO] Rule:228 - rule 117617 - U5Cobra4M][GTZC] default value MPCBB3 and MPCBB5 - Not Privileged memory - MPCBB2 is applicable
2023-04-21 09:31:56,338 [INFO] Rule:228 - rule 117617 - U5Cobra4M][GTZC] default value MPCBB3 and MPCBB5 - Not Privileged memory - MPCBB3 is applicable
2023-04-21 09:31:56,338 [INFO] Rule:228 - rule 117617 - U5Cobra4M][GTZC] default value MPCBB3 and MPCBB5 - Not Privileged memory - MPCBB4 is applicable
2023-04-21 09:31:56,338 [INFO] Rule:228 - rule 117617 - U5Cobra4M][GTZC] default value MPCBB3 and MPCBB5 - Privileged memory - MPCBB1 is applicable
2023-04-21 09:31:56,338 [INFO] Rule:228 - rule 117617 - U5Cobra4M][GTZC] default value MPCBB3 and MPCBB5 - Privileged memory - MPCBB2 is applicable
2023-04-21 09:31:56,338 [INFO] Rule:228 - rule 117617 - U5Cobra4M][GTZC] default value MPCBB3 and MPCBB5 - Privileged memory - MPCBB3 is applicable
2023-04-21 09:31:56,338 [INFO] Rule:228 - rule 117617 - U5Cobra4M][GTZC] default value MPCBB3 and MPCBB5 - Privileged memory - MPCBB4 is applicable
2023-04-21 09:31:56,338 [INFO] Rule:228 - rule 117617 - U5Cobra4M][GTZC] default value MPCBB3 and MPCBB5 - Privileged memory - MPCBB1 is applicable
2023-04-21 09:31:56,338 [INFO] Rule:228 - rule 117617 - U5Cobra4M][GTZC] default value MPCBB3 and MPCBB5 - Privileged memory - MPCBB2 is applicable
2023-04-21 09:31:56,338 [INFO] Rule:228 - rule 117617 - U5Cobra4M][GTZC] default value MPCBB3 and MPCBB5 - Privileged memory - MPCBB3 is applicable
2023-04-21 09:31:56,338 [INFO] Rule:228 - rule 117617 - U5Cobra4M][GTZC] default value MPCBB3 and MPCBB5 - Privileged memory - MPCBB4 is applicable
2023-04-21 09:31:56,338 [INFO] Rule:228 - rule 117617 - U5Cobra4M][GTZC] default value MPCBB3 and MPCBB5 - Not Privileged memory - MPCBB1 is applicable
2023-04-21 09:31:56,338 [INFO] Rule:228 - rule 117617 - U5Cobra4M][GTZC] default value MPCBB3 and MPCBB5 - Not Privileged memory - MPCBB2 is applicable
2023-04-21 09:31:56,339 [INFO] Rule:228 - rule 117617 - U5Cobra4M][GTZC] default value MPCBB3 and MPCBB5 - Not Privileged memory - MPCBB3 is applicable
2023-04-21 09:31:56,339 [INFO] Rule:228 - rule 117617 - U5Cobra4M][GTZC] default value MPCBB3 and MPCBB5 - Not Privileged memory - MPCBB4 is applicable
2023-04-21 09:31:56,339 [INFO] Rule:228 - rule 117617 - U5Cobra4M][GTZC] default value MPCBB3 and MPCBB5 - Privileged memory - MPCBB1 is applicable
2023-04-21 09:31:56,339 [INFO] Rule:228 - rule 117617 - U5Cobra4M][GTZC] default value MPCBB3 and MPCBB5 - Privileged memory - MPCBB2 is applicable
2023-04-21 09:31:56,339 [INFO] Rule:228 - rule 117617 - U5Cobra4M][GTZC] default value MPCBB3 and MPCBB5 - Privileged memory - MPCBB3 is applicable
2023-04-21 09:31:56,339 [INFO] Rule:228 - rule 117617 - U5Cobra4M][GTZC] default value MPCBB3 and MPCBB5 - Privileged memory - MPCBB4 is applicable
2023-04-21 09:31:56,339 [INFO] Rule:228 - rule Rename SubGHz_Phy SUBGHZ_APPLICATION SUBGHZ_PINGPONG to SUBGHZ_ADV_APPLICATION is applicable
2023-04-21 09:31:56,339 [INFO] Rule:228 - rule Rename Enabled to IBEACON is applicable
2023-04-21 09:31:56,339 [INFO] Rule:228 - rule GTZC_S instance for project manager is applicable
2023-04-21 09:31:56,339 [INFO] Rule:228 - rule GTZC_S instance for context M33S is applicable
2023-04-21 09:31:56,339 [INFO] Rule:228 - rule GTZC_S instance value for IP GTZC is applicable
2023-04-21 09:31:56,339 [INFO] Rule:228 - rule GTZC_S instance for mcu.IP is applicable
2023-04-21 09:31:56,339 [INFO] Rule:228 - rule GTZC_S instance for VP is applicable
2023-04-21 09:31:56,339 [INFO] Rule:228 - rule GTZC_S instance for signal is applicable
2023-04-21 09:31:56,339 [INFO] Rule:228 - rule GTZC_S instance for mcu.Pin is applicable
2023-04-21 09:31:56,339 [INFO] Rule:228 - rule GTZC_S instance for VP is applicable
2023-04-21 09:31:56,339 [INFO] Rule:228 - rule GTZC_S instance for signal is applicable
2023-04-21 09:31:56,339 [INFO] Rule:228 - rule GTZC_S instance for mcu is applicable
2023-04-21 09:31:56,339 [INFO] Rule:228 - rule GTZC_S instance for mcu.Pin is applicable
2023-04-21 09:31:56,339 [INFO] Rule:228 - rule GTZC_S instance value for IP GTZC is applicable
2023-04-21 09:31:56,339 [INFO] Rule:228 - rule GTZC_S instance for project manager is applicable
2023-04-21 09:31:56,339 [INFO] Rule:228 - rule GTZC_S instance for context M33S is applicable
2023-04-21 09:31:56,339 [INFO] Rule:228 - rule GTZC_S instance for VP is applicable
2023-04-21 09:31:56,339 [INFO] Rule:228 - rule GTZC_S instance for signal is applicable
2023-04-21 09:31:56,339 [INFO] Rule:228 - rule SPDIFRX instance for mcu is applicable
2023-04-21 09:31:56,340 [INFO] Rule:228 - rule Rename Tracer Mode is applicable
2023-04-21 09:31:56,340 [INFO] Rule:228 - rule SPDIFRX instance value for IP SPDIFRX is applicable
2023-04-21 09:31:56,340 [INFO] Rule:228 - rule SPDIFRX instance for signal is applicable
2023-04-21 09:31:56,340 [INFO] Rule:228 - rule SPDIFRX instance for project manager is applicable
2023-04-21 09:31:56,340 [INFO] Rule:228 - rule SPDIFRX instance for project manager is applicable
2023-04-21 09:31:56,340 [INFO] Rule:228 - rule ADC Scan  fix with FW F7 is applicable
2023-04-21 09:31:56,340 [INFO] Rule:228 - rule ADC Scan  fix with FW F7 is applicable
2023-04-21 09:31:56,340 [INFO] Rule:228 - rule WakeUp0 Mode is applicable
2023-04-21 09:31:56,340 [INFO] Rule:228 - rule WakeUp0 SIGNAL is applicable
2023-04-21 09:31:56,341 [INFO] Rule:228 - rule WakeUp1 Mode is applicable
2023-04-21 09:31:56,341 [INFO] Rule:228 - rule WakeUp1 SIGNAL is applicable
2023-04-21 09:31:56,341 [INFO] Rule:228 - rule WakeUp2 Mode is applicable
2023-04-21 09:31:56,341 [INFO] Rule:228 - rule WakeUp2 SIGNAL is applicable
2023-04-21 09:31:56,341 [INFO] Rule:228 - rule WakeUp4 Mode is applicable
2023-04-21 09:31:56,341 [INFO] Rule:228 - rule WakeUp4 SIGNAL is applicable
2023-04-21 09:31:56,341 [INFO] Rule:228 - rule WakeUp5 Mode is applicable
2023-04-21 09:31:56,341 [INFO] Rule:228 - rule WakeUp5 SIGNAL is applicable
2023-04-21 09:31:56,341 [INFO] Rule:228 - rule Add RTC Activate Clock Source is applicable
2023-04-21 09:31:56,341 [INFO] Rule:228 - rule Add RTC Activate Calendar 1 is applicable
2023-04-21 09:31:56,341 [INFO] Rule:228 - rule Add RTC Activate Calendar 2 is applicable
2023-04-21 09:31:56,342 [INFO] Rule:228 - rule Add RTC Activate Calendar 3 is applicable
2023-04-21 09:31:56,342 [INFO] Rule:228 - rule UART/USART TX Mode is applicable
2023-04-21 09:31:56,342 [INFO] Rule:228 - rule UART/USART RX Mode is applicable
2023-04-21 09:31:56,342 [INFO] Rule:228 - rule UART/USART RX TX Mode is applicable
2023-04-21 09:31:56,342 [INFO] Rule:228 - rule UART/USART PARITY NONE is applicable
2023-04-21 09:31:56,342 [INFO] Rule:228 - rule UART/USART PARITY EVEN is applicable
2023-04-21 09:31:56,342 [INFO] Rule:228 - rule UART/USART PARITY ODD is applicable
2023-04-21 09:31:56,342 [INFO] Rule:228 - rule USART StopBits 1 is applicable
2023-04-21 09:31:56,342 [INFO] Rule:228 - rule USART StopBits 2 is applicable
2023-04-21 09:31:56,342 [INFO] Rule:228 - rule USART StopBits 1.5 is applicable
2023-04-21 09:31:56,342 [INFO] Rule:228 - rule USART StopBits 0.5 is applicable
2023-04-21 09:31:56,342 [INFO] Rule:228 - rule UART/USART WORD LENGTH 7 is applicable
2023-04-21 09:31:56,343 [INFO] Rule:228 - rule UART/USART WORD LENGTH 8 is applicable
2023-04-21 09:31:56,343 [INFO] Rule:228 - rule UART/USART WORD LENGTH 9 is applicable
2023-04-21 09:31:56,343 [INFO] Rule:228 - rule Rename FMC NAND NCE signal is applicable
2023-04-21 09:31:56,343 [INFO] Rule:228 - rule Rename FMC NAND INT signal is applicable
2023-04-21 09:31:56,343 [INFO] Rule:228 - rule Change Default Value for LSE Drive Capability for WB family is applicable
2023-04-21 09:31:56,343 [INFO] Rule:228 - rule Change Default Value for ADC Clock Prescaler G0 family is applicable
2023-04-21 09:31:56,343 [INFO] Rule:228 - rule Change Default Value for ADC ExternalTrigConv L4 family is applicable
2023-04-21 09:31:56,343 [INFO] Rule:228 - rule Change Default Value for ADC ExternalTrigInjecConv L4 family is applicable
2023-04-21 09:31:56,343 [INFO] Rule:228 - rule Change Default Value for ADC ExternalTrigConv F3 family is applicable
2023-04-21 09:31:56,343 [INFO] Rule:228 - rule Change Default Value for ADC ExternalTrigInjecConv F3 family is applicable
2023-04-21 09:31:56,343 [INFO] Rule:228 - rule Change Default Value for ADC ExternalTrigConv Goldfish serie is applicable
2023-04-21 09:31:56,343 [INFO] Rule:228 - rule Change Default Value for ADC ExternalTrigInjecConv Goldfish serie is applicable
2023-04-21 09:31:56,343 [INFO] Rule:228 - rule Change Default Value for ADC ExternalTrigConv L0 family is applicable
2023-04-21 09:31:56,343 [INFO] Rule:228 - rule Change Default Value for ADC ExternalTrigConv F0 family is applicable
2023-04-21 09:31:56,343 [INFO] Rule:228 - rule Change Default Value for ADC ExternalTrigConvn L1 family is applicable
2023-04-21 09:31:56,344 [INFO] Rule:228 - rule Change Default Value for ADC ExternalTrigInjecConv L1 family is applicable
2023-04-21 09:31:56,344 [INFO] Rule:228 - rule Change Default Value for ADC ExternalTrigConv F1 family is applicable
2023-04-21 09:31:56,344 [INFO] Rule:228 - rule Change Default Value for ADC ExternalTrigInjecConv F1 family is applicable
2023-04-21 09:31:56,344 [INFO] Rule:228 - rule Change Default Value for ADC ExternalTrigConv F7 family is applicable
2023-04-21 09:31:56,344 [INFO] Rule:228 - rule Change Default Value for ADC ExternalTrigInjecConv F7 family is applicable
2023-04-21 09:31:56,344 [INFO] Rule:228 - rule Change Default Value for ADC ExternalTrigConv F4 and F2 family is applicable
2023-04-21 09:31:56,344 [INFO] Rule:228 - rule Change Default Value for ADC ExternalTrigInjecConv F4 and F2 family is applicable
2023-04-21 09:31:56,344 [INFO] Rule:228 - rule ADC SamplingTime fix with FW L0  is applicable
2023-04-21 09:31:56,344 [INFO] Rule:228 - rule ADC SamplingTime fix with FW L0  is applicable
2023-04-21 09:31:56,344 [INFO] Rule:228 - rule ADC SamplingTime fix with FW L0 is applicable
2023-04-21 09:31:56,344 [INFO] Rule:228 - rule ADC SamplingTime fix with FW L0 is applicable
2023-04-21 09:31:56,344 [INFO] Rule:228 - rule ADC SamplingTime fix with FW L0  is applicable
2023-04-21 09:31:56,344 [INFO] Rule:228 - rule ADC SamplingTime fix with FW L0 is applicable
2023-04-21 09:31:56,344 [INFO] Rule:228 - rule Rename USB_OE Signal is applicable
2023-04-21 09:31:56,344 [INFO] Rule:228 - rule Rename Activate_OE Mode is applicable
2023-04-21 09:31:56,345 [INFO] Rule:228 - rule Rename DIE462/DIE415 pin PC14/OSC32_IN -> PC14-OSC32_IN (PC14) is applicable
2023-04-21 09:31:56,345 [INFO] Rule:228 - rule Rename DIE462/DIE415 pin PC15/OSC32_OUT -> PC15-OSC32_OUT (PC15) is applicable
2023-04-21 09:31:56,345 [INFO] Rule:228 - rule Rename DIE462/DIE415 pin PH0/OSC_IN -> PH0-OSC_IN (PH0) is applicable
2023-04-21 09:31:56,345 [INFO] Rule:228 - rule Rename DIE462/DIE415 pin PH1/OSC_OUT -> PH1-OSC_OUT (PH1) is applicable
2023-04-21 09:31:56,345 [INFO] Rule:228 - rule Rename DIE462 pin PA13 -> PA13 (JTMS/SWDIO) is applicable
2023-04-21 09:31:56,345 [INFO] Rule:228 - rule Rename DIE415 pin PA13 -> PA13 (JTMS/SWDIO) is applicable
2023-04-21 09:31:56,345 [INFO] Rule:228 - rule Rename DIE462 pin PA14 -> PA14 (JTCK/SWCLK) is applicable
2023-04-21 09:31:56,345 [INFO] Rule:228 - rule Rename DIE415 pin PA14 -> PA14 (JTCK/SWCLK) is applicable
2023-04-21 09:31:56,345 [INFO] Rule:228 - rule Rename DIE462/DIE415 pin PA15 -> PA15 (JTDI) is applicable
2023-04-21 09:31:56,345 [INFO] Rule:228 - rule Rename DIE462 pin PB3 -> PB3 (JTD0/TRACESWO) is applicable
2023-04-21 09:31:56,345 [INFO] Rule:228 - rule Rename DIE415 pin PB3 -> PB3 (JTD0-TRACESWO) is applicable
2023-04-21 09:31:56,346 [INFO] Rule:228 - rule Rename DIE462/DIE415 pin PB4 -> PB4 (NJTRST) is applicable
2023-04-21 09:31:56,346 [INFO] Rule:228 - rule Rename DIE462 pin PH3/BOOT0 -> PH3-BOOT0 (BOOT0) is applicable
2023-04-21 09:31:56,346 [INFO] Rule:228 - rule Rename CRYP DataEncryptionTypesList to Algorithm is applicable
2023-04-21 09:31:56,346 [INFO] Rule:228 - rule Rename AES DataEncryptionTypesList to Algorithm is applicable
2023-04-21 09:31:56,346 [INFO] Rule:228 - rule Rename TDESECB to CRYP_TDES_ECB is applicable
2023-04-21 09:31:56,346 [INFO] Rule:228 - rule Rename TDESCBC to CRYP_TDES_CBC is applicable
2023-04-21 09:31:56,346 [INFO] Rule:228 - rule Rename DESECB to CRYP_DES_ECB is applicable
2023-04-21 09:31:56,346 [INFO] Rule:228 - rule Rename DESCBC to CRYP_DES_CBC is applicable
2023-04-21 09:31:56,346 [INFO] Rule:228 - rule Rename AESECB to CRYP_AES_ECB is applicable
2023-04-21 09:31:56,346 [INFO] Rule:228 - rule Rename AESCBC to CRYP_AES_CBC is applicable
2023-04-21 09:31:56,346 [INFO] Rule:228 - rule Rename AESCTR to CRYP_AES_CTR is applicable
2023-04-21 09:31:56,346 [INFO] Rule:228 - rule Rename AESGCM to CRYP_AES_GCM is applicable
2023-04-21 09:31:56,346 [INFO] Rule:228 - rule Rename AESCCM to CRYP_AES_CCM is applicable
2023-04-21 09:31:56,347 [INFO] Rule:228 - rule Rename CAN TimeSeg1 to BS1 is applicable
2023-04-21 09:31:56,347 [INFO] Rule:228 - rule Rename CAN TimeSeg2 to BS2 is applicable
2023-04-21 09:31:56,347 [INFO] Rule:228 - rule Rename CAN SyncJumpWidth to SJW is applicable
2023-04-21 09:31:56,347 [INFO] Rule:228 - rule TimeTriggeredMode to TTCM is applicable
2023-04-21 09:31:56,347 [INFO] Rule:228 - rule Rename CAN AutoBusOff to ABOM is applicable
2023-04-21 09:31:56,348 [INFO] Rule:228 - rule Rename CAN AutoWakeUp to AWUM is applicable
2023-04-21 09:31:56,348 [INFO] Rule:228 - rule Rename CAN AutoRetransmission to NART is applicable
2023-04-21 09:31:56,348 [INFO] Rule:228 - rule Rename CAN ReceiveFifoLocked to RFLM is applicable
2023-04-21 09:31:56,348 [INFO] Rule:228 - rule Rename CAN TransmitFifoPriority to TXFP is applicable
2023-04-21 09:31:56,348 [INFO] Rule:228 - rule Rename HRTIMER HRTIM_OUTPUTFAULTLEVEL_HIGH in HRTIMER HRTIM_OUTPUTFAULTLEVEL_HIGHZ is applicable
2023-04-21 09:31:56,348 [INFO] Rule:228 - rule Rename TIMER TIM_CLEARINPUTSOURCE_OCREFCLR in  TIMER TIM_CLEARINPUTSOURCE_NONE for F7 family is applicable
2023-04-21 09:31:56,348 [INFO] Rule:228 - rule FDCAN_R1 - Rename FDCAN mode Master into Classic is applicable
2023-04-21 09:31:56,348 [INFO] Rule:228 - rule FDCAN_R2 - Rename FDCAN mode Slave into Classic is applicable
2023-04-21 09:31:56,348 [INFO] Rule:228 - rule FDCAN1_R3 - if PA10.Mode=FullDuplex, add Pin PA12 is applicable
2023-04-21 09:31:56,348 [INFO] Rule:228 - rule FDCAN1_R3 - if PA9.Mode=FullDuplex, add Pin PA11 is applicable
2023-04-21 09:31:56,348 [INFO] Rule:228 - rule FDCAN1_R3 - Alternatepin_1 - if PE1.Mode=FullDuplex, add Pin PB9 is applicable
2023-04-21 09:31:56,348 [INFO] Rule:228 - rule FDCAN1_R3 - Alternatepin_1 - if PE0.Mode=FullDuplex, add Pin PB8 is applicable
2023-04-21 09:31:56,348 [INFO] Rule:228 - rule FDCAN1_R3 - Alternatepin_2 - if PD5.Mode=FullDuplex, add Pin PD1 is applicable
2023-04-21 09:31:56,348 [INFO] Rule:228 - rule FDCAN1_R3 - Alternatepin_2 - if PD4.Mode=FullDuplex, add Pin PD0 is applicable
2023-04-21 09:31:56,348 [INFO] Rule:228 - rule FDCAN1_R4 - Rename Mode FullDuplex into Enable FDCAN_TXFD for pin PA10 is applicable
2023-04-21 09:31:56,348 [INFO] Rule:228 - rule FDCAN1_R4 - Rename Mode FullDuplex into Enable FDCAN_TXFD for pin PA9 is applicable
2023-04-21 09:31:56,348 [INFO] Rule:228 - rule FDCAN1_R4 - Alternatepin_1 - Rename Mode FullDuplex into Enable FDCAN_TXFD for pin PE1 is applicable
2023-04-21 09:31:56,349 [INFO] Rule:228 - rule FDCAN1_R4 - Alternatepin_1 - Rename Mode FullDuplex into Enable FDCAN_TXFD for pin PE0 is applicable
2023-04-21 09:31:56,349 [INFO] Rule:228 - rule FDCAN1_R4 - Alternatepin_2 - Rename Mode FullDuplex into Enable FDCAN_TXFD for pin PD5 is applicable
2023-04-21 09:31:56,349 [INFO] Rule:228 - rule FDCAN1_R4 - Alternatepin_2 - Rename Mode FullDuplex into Enable FDCAN_TXFD for pin PD4 is applicable
2023-04-21 09:31:56,349 [INFO] Rule:228 - rule FDCAN2_R3 - if PD10.Mode=FullDuplex, add Pin PB13 is applicable
2023-04-21 09:31:56,349 [INFO] Rule:228 - rule FDCAN2_R3 - if PD9.Mode=FullDuplex, add Pin PB12 is applicable
2023-04-21 09:31:56,349 [INFO] Rule:228 - rule FDCAN2_R3 - Alternatepin_1 - if PB7.Mode=FullDuplex, add Pin PB6 is applicable
2023-04-21 09:31:56,349 [INFO] Rule:228 - rule FDCAN2_R3 - Alternatepin_1 - if PD9.Mode=FullDuplex, add Pin PB12 is applicable
2023-04-21 09:31:56,349 [INFO] Rule:228 - rule FDCAN2_R4 - Rename Mode FullDuplex into Enable FDCAN_TXFD for pin PD10 is applicable
2023-04-21 09:31:56,349 [INFO] Rule:228 - rule FDCAN2_R4 - Rename Mode FullDuplex into Enable FDCAN_TXFD for pin PD9 is applicable
2023-04-21 09:31:56,349 [INFO] Rule:228 - rule FDCAN2_R4 - Alternatepin_1 - Rename Mode FullDuplex into Enable FDCAN_TXFD for pin PB7 is applicable
2023-04-21 09:31:56,350 [INFO] Rule:228 - rule FDCAN2_R4 - Alternatepin_1 - Rename Mode FullDuplex into Enable FDCAN_TXFD for pin PD6 is applicable
2023-04-21 09:31:56,350 [INFO] Rule:228 - rule USART TxPinLevelInvertParam Mode is applicable
2023-04-21 09:31:56,350 [INFO] Rule:228 - rule USART RxPinLevelInvertParam Mode is applicable
2023-04-21 09:31:56,350 [INFO] Rule:228 - rule USART DataInvertParam Mode is applicable
2023-04-21 09:31:56,350 [INFO] Rule:228 - rule USART SwapParam Mode is applicable
2023-04-21 09:31:56,350 [INFO] Rule:228 - rule USART OverrunDisableParam Mode is applicable
2023-04-21 09:31:56,350 [INFO] Rule:228 - rule USART DMADisableonRxErrorParam Mode is applicable
2023-04-21 09:31:56,350 [INFO] Rule:228 - rule USART MSBFirstParam Mode is applicable
2023-04-21 09:31:56,350 [INFO] Rule:228 - rule Update MwName for USB_DEVICE is applicable
2023-04-21 09:31:56,350 [INFO] Rule:228 - rule Change PWR_Regulator_Voltage_Scale Default Value for RCC  H7 family is applicable
2023-04-21 09:31:56,350 [INFO] Rule:228 - rule UART/USART IPParameter rename Prescaler parameter to ClockPrescaler is applicable
2023-04-21 09:31:56,350 [INFO] Rule:228 - rule UART/USART Prescaler rename Prescaler parameter to ClockPrescaler is applicable
2023-04-21 09:31:56,350 [INFO] Rule:228 - rule TIM1CLockSelection is applicable
2023-04-21 09:31:56,351 [INFO] Rule:228 - rule TIM15CLockSelection is applicable
2023-04-21 09:31:56,351 [INFO] Rule:228 - rule align RCC SDMMC3CLockSelection default value on MP1 is applicable
2023-04-21 09:31:56,351 [INFO] Rule:228 - rule align RCC SDMMC12CLockSelection default value on MP1 is applicable
2023-04-21 09:31:56,351 [INFO] Rule:228 - rule align RCC QSPICLockSelection default value on MP1 is applicable
2023-04-21 09:31:56,351 [INFO] Rule:228 - rule align RCC QSPICLockSelection default value on MP1 is applicable
2023-04-21 09:31:56,351 [INFO] Rule:228 - rule align RCC SPI6CLockSelection default value on MP1 is applicable
2023-04-21 09:31:56,351 [INFO] Rule:228 - rule align RCC LPTIM23CLockSelection default value on MP1 is applicable
2023-04-21 09:31:56,351 [INFO] Rule:228 - rule align RCC LPTIM1CLockSelection default value on MP1 is applicable
2023-04-21 09:31:56,351 [INFO] Rule:228 - rule align RCC USART1CLockSelection default value on MP1 is applicable
2023-04-21 09:31:56,351 [INFO] Rule:228 - rule align RCC USART24CLockSelection default value on MP1 is applicable
2023-04-21 09:31:56,351 [INFO] Rule:228 - rule align RCC USART6CLockSelection default value on MP1 is applicable
2023-04-21 09:31:56,351 [INFO] Rule:228 - rule align RCC UART78CLockSelection default value on MP1 is applicable
2023-04-21 09:31:56,351 [INFO] Rule:228 - rule align RCC USART35CLockSelection default value on MP1 is applicable
2023-04-21 09:31:56,351 [INFO] Rule:228 - rule align RCC SPI45CLockSelection default value on MP1 is applicable
2023-04-21 09:31:56,351 [INFO] Rule:228 - rule align RCC I2C46CLockSelection BCLK value on MP1 is applicable
2023-04-21 09:31:56,351 [INFO] Rule:228 - rule align RCC SPI45CLockSelection default value on MP1 is applicable
2023-04-21 09:31:56,352 [INFO] Rule:228 - rule align RCC I2C12CLockSelection default value on MP1 is applicable
2023-04-21 09:31:56,352 [INFO] Rule:228 - rule align RCC I2C35CLockSelection default value on MP1 is applicable
2023-04-21 09:31:56,352 [INFO] Rule:228 - rule align RCC LPTIM45CLockSelection default value on MP1 is applicable
2023-04-21 09:31:56,352 [INFO] Rule:228 - rule Rename DCMI PIXCK signal is applicable
2023-04-21 09:31:56,352 [INFO] Rule:228 - rule Change Default Value for I2C46CLockSelection MP1 family is applicable
2023-04-21 09:31:56,352 [INFO] Rule:228 - rule Change Default Value for UART for G4, G0 and WB families is applicable
2023-04-21 09:31:56,352 [INFO] Rule:228 - rule Change Default Value for USART for G4, G0 and WB families is applicable
2023-04-21 09:31:56,352 [INFO] Rule:228 - rule Change Default Value for USART for G4 family is applicable
2023-04-21 09:31:56,352 [INFO] Rule:228 - rule Change USART1CLockSelection refparam name for MP1 is applicable
2023-04-21 09:31:56,352 [INFO] Rule:228 - rule Change USART2CLockSelection refparam name for MP1 is applicable
2023-04-21 09:31:56,352 [INFO] Rule:228 - rule Change USART3CLockSelection refparam name for MP1 is applicable
2023-04-21 09:31:56,352 [INFO] Rule:228 - rule Change UART4CLockSelection refparam name for MP1 is applicable
2023-04-21 09:31:56,352 [INFO] Rule:228 - rule Change UART5CLockSelection refparam name for MP1 is applicable
2023-04-21 09:31:56,352 [INFO] Rule:228 - rule Change LPUART1CLockSelection refparam name for MP1 is applicable
2023-04-21 09:31:56,352 [INFO] Rule:228 - rule Change LPTIM1CLockSelection refparam name for MP1 is applicable
2023-04-21 09:31:56,352 [INFO] Rule:228 - rule Change LPTIM2CLockSelection refparam name for MP1 is applicable
2023-04-21 09:31:56,352 [INFO] Rule:228 - rule Change RCC_MCO1Source refparam name for MP1 is applicable
2023-04-21 09:31:56,352 [INFO] Rule:228 - rule Change LSCOSource1 refparam name for MP1 is applicable
2023-04-21 09:31:56,352 [INFO] Rule:228 - rule Change SMPSCLockSelection refparam name for MP1 is applicable
2023-04-21 09:31:56,352 [INFO] Rule:228 - rule Change LPTIM3CLockSelection refparam name for MP1 is applicable
2023-04-21 09:31:56,353 [INFO] Rule:228 - rule Change MPCBB* Default Template Mode to Parameters is applicable
2023-04-21 09:31:56,353 [INFO] Rule:228 - rule Change MPCWM* or MPCBB* Secure Mode to Parameters is applicable
2023-04-21 09:31:56,353 [INFO] Rule:228 - rule Change MPCWM* or MPCBB* No Secure Mode to Parameters is applicable
2023-04-21 09:31:56,353 [INFO] Rule:228 - rule Change TZSC IP Secure Mode to Parameters is applicable
2023-04-21 09:31:56,353 [INFO] Rule:228 - rule Change TZSC IP No Secure Mode to Parameters is applicable
2023-04-21 09:31:56,353 [INFO] Rule:228 - rule Change TZSC IP Privilege Mode to Parameters is applicable
2023-04-21 09:31:56,353 [INFO] Rule:228 - rule Change TZSC IP No Privilege Mode to Parameters is applicable
2023-04-21 09:31:56,353 [INFO] Rule:228 - rule Change TZIC IT Secure Mode to Parameters is applicable
2023-04-21 09:31:56,353 [INFO] Rule:228 - rule Change TZIC IT No Secure Mode to Parameters is applicable
2023-04-21 09:31:56,353 [INFO] Rule:228 - rule Add MPCBB1_NonSecureArea_Start_Address value with referenced to MPCBB1_NonSecureArea_Start value is applicable
2023-04-21 09:31:56,353 [INFO] Rule:228 - rule Add MPCBB2_NonSecureArea_Start_Address value with referenced to MPCBB2_NonSecureArea_Start value is applicable
2023-04-21 09:31:56,353 [INFO] Rule:228 - rule Add MPCWM1_NonSecureArea*_Start_Address value with referenced to MPCWM1_NonSecureArea*_Start value is applicable
2023-04-21 09:31:56,353 [INFO] Rule:228 - rule Add MPCWM2_NonSecureArea*_Start_Address value with referenced to MPCWM2_NonSecureArea*_Start value is applicable
2023-04-21 09:31:56,353 [INFO] Rule:228 - rule Add MPCWM3_NonSecureArea_Start_Address value with referenced to MPCWM3_NonSecureArea_Start value is applicable
2023-04-21 09:31:56,353 [INFO] Rule:228 - rule Change Default Value for PLL1UserDefinedConfig is applicable
2023-04-21 09:31:56,353 [INFO] Rule:228 - rule Change GPIO_PuPd Default Value for USART in async mode is applicable
2023-04-21 09:31:56,353 [INFO] Rule:228 - rule Change SMPSDivider Default Value is applicable
2023-04-21 09:31:56,353 [INFO] Rule:228 - rule OPAMP is applicable
2023-04-21 09:31:56,353 [INFO] Rule:228 - rule LPUART IPParameter rename Prescaler parameter to ClockPrescaler for STM32H7 is applicable
2023-04-21 09:31:56,353 [INFO] Rule:228 - rule LPUART IPParameter rename Prescaler parameter to ClockPrescaler for STM32H7 is applicable
2023-04-21 09:31:56,353 [INFO] Rule:228 - rule LPUART IPParameter rename Prescaler parameter to ClockPrescaler for STM32WB is applicable
2023-04-21 09:31:56,354 [INFO] Rule:228 - rule LPUART IPParameter rename Prescaler parameter to ClockPrescaler for STM32WB is applicable
2023-04-21 09:31:56,354 [INFO] Rule:228 - rule LPUART IPParameter rename Prescaler parameter to ClockPrescaler for STM32G4 is applicable
2023-04-21 09:31:56,354 [INFO] Rule:228 - rule LPUART IPParameter rename Prescaler parameter to ClockPrescaler for STM32G4 is applicable
2023-04-21 09:31:56,354 [INFO] Rule:228 - rule LPUART IPParameter rename Prescaler parameter to ClockPrescaler for STM32L5 is applicable
2023-04-21 09:31:56,354 [INFO] Rule:228 - rule LPUART IPParameter rename Prescaler parameter to ClockPrescaler for STM32L5 is applicable
2023-04-21 09:31:56,354 [INFO] Rule:228 - rule LPUART IPParameter rename Prescaler parameter to ClockPrescaler for STM32G4 is applicable
2023-04-21 09:31:56,354 [INFO] Rule:228 - rule LPUART IPParameter rename Prescaler parameter to ClockPrescaler for STM32G4 is applicable
2023-04-21 09:31:56,354 [INFO] Rule:228 - rule USB device lib V2.5.3 for L0 rename USBD_SUPPORT_USER_STRING parameter to USBD_SUPPORT_USER_STRING_DESC4 is applicable
2023-04-21 09:31:56,354 [INFO] Rule:228 - rule I2SCLockSelection clock entry align is applicable
2023-04-21 09:31:56,354 [INFO] Rule:228 - rule Assign TIMx context if used as SYS timebase is applicable
2023-04-21 09:31:56,354 [INFO] Rule:228 - rule Change GPIO_Pu Default Value for I2C is applicable
2023-04-21 09:31:56,354 [INFO] Rule:228 - rule Change GPIO_Pu Default Value for SMBus is applicable
2023-04-21 09:31:56,354 [INFO] Rule:228 - rule change FDCAN default value is applicable
2023-04-21 09:31:56,354 [INFO] Rule:228 - rule Change mode sai is applicable
2023-04-21 09:31:56,354 [INFO] Rule:228 - rule **Change sai mode is applicable
2023-04-21 09:31:56,369 [INFO] DbConfProperties:307 - Apply Compatibility (49/258 Rules)
2023-04-21 09:31:56,387 [INFO] ImportTextPane:194 - (OptionalMessage_ERROR) Unable to find key (Mcu.ThirdPartyNb) in loaded IOC file
2023-04-21 09:31:56,617 [INFO] RtosManager:555 - Registered RTOS mode: class=CMSIS, group=RTOS, mode=CMSIS_V1, owner=FREERTOS
2023-04-21 09:31:56,617 [INFO] RtosManager:555 - Registered RTOS mode: class=CMSIS, group=RTOS2, mode=CMSIS_V2, owner=FREERTOS
2023-04-21 09:31:56,617 [INFO] RtosManager:555 - Registered RTOS mode: class=RTOS, group=Core, mode=CMSIS_V1, owner=FREERTOS
2023-04-21 09:31:56,617 [INFO] RtosManager:555 - Registered RTOS mode: class=RTOS, group=Core, mode=CMSIS_V2, owner=FREERTOS
2023-04-21 09:31:56,618 [WARN] ModelIntegratedComponent:184 - Missing modes for component STMicroelectronics:FreeRTOS:0.0.1:STMicroelectronics:RTOS:FreeRTOS:Core:::10.2.0:
2023-04-21 09:31:56,639 [WARN] ModelIntegratedComponent:63 - No mode defined for component null
2023-04-21 09:31:56,639 [WARN] ModelIntegratedComponent:63 - No mode defined for component null
2023-04-21 09:31:56,639 [WARN] ModelIntegratedComponent:63 - No mode defined for component null
2023-04-21 09:31:56,639 [WARN] ModelIntegratedComponent:63 - No mode defined for component null
2023-04-21 09:31:56,639 [WARN] ModelIntegratedComponent:63 - No mode defined for component null
2023-04-21 09:31:56,639 [WARN] ModelIntegratedComponent:63 - No mode defined for component null
2023-04-21 09:31:56,639 [WARN] ModelIntegratedComponent:63 - No mode defined for component null
2023-04-21 09:31:56,640 [WARN] ModelIntegratedComponent:63 - No mode defined for component null
2023-04-21 09:31:56,640 [WARN] ModelIntegratedComponent:63 - No mode defined for component null
2023-04-21 09:31:56,640 [WARN] ModelIntegratedComponent:63 - No mode defined for component null
2023-04-21 09:31:56,640 [WARN] ModelIntegratedComponent:63 - No mode defined for component null
2023-04-21 09:31:56,640 [WARN] ModelIntegratedComponent:63 - No mode defined for component null
2023-04-21 09:31:56,640 [WARN] ModelIntegratedComponent:63 - No mode defined for component null
2023-04-21 09:31:56,640 [WARN] ModelIntegratedComponent:63 - No mode defined for component null
2023-04-21 09:31:56,640 [WARN] ModelIntegratedComponent:63 - No mode defined for component null
2023-04-21 09:31:56,640 [WARN] ModelIntegratedComponent:63 - No mode defined for component null
2023-04-21 09:31:56,640 [WARN] ModelIntegratedComponent:63 - No mode defined for component null
2023-04-21 09:31:56,640 [WARN] ModelIntegratedComponent:63 - No mode defined for component null
2023-04-21 09:31:56,640 [WARN] ModelIntegratedComponent:63 - No mode defined for component null
2023-04-21 09:31:56,640 [WARN] ModelIntegratedComponent:63 - No mode defined for component null
2023-04-21 09:31:56,640 [WARN] ModelIntegratedComponent:63 - No mode defined for component null
2023-04-21 09:31:56,640 [WARN] ModelIntegratedComponent:63 - No mode defined for component null
2023-04-21 09:31:56,640 [WARN] ModelIntegratedComponent:63 - No mode defined for component null
2023-04-21 09:31:56,640 [WARN] ModelIntegratedComponent:63 - No mode defined for component null
2023-04-21 09:31:56,641 [WARN] ModelIntegratedComponent:63 - No mode defined for component null
2023-04-21 09:31:56,641 [WARN] ModelIntegratedComponent:63 - No mode defined for component null
2023-04-21 09:31:56,641 [WARN] ModelIntegratedComponent:63 - No mode defined for component null
2023-04-21 09:31:56,641 [WARN] ModelIntegratedComponent:63 - No mode defined for component null
2023-04-21 09:31:56,641 [WARN] ModelIntegratedComponent:63 - No mode defined for component null
2023-04-21 09:31:56,641 [WARN] ModelIntegratedComponent:63 - No mode defined for component null
2023-04-21 09:31:56,641 [WARN] ModelIntegratedComponent:63 - No mode defined for component null
2023-04-21 09:31:56,641 [WARN] ModelIntegratedComponent:63 - No mode defined for component null
2023-04-21 09:31:56,641 [WARN] ModelIntegratedComponent:63 - No mode defined for component null
2023-04-21 09:31:56,922 [INFO] ThirdPartyModel:298 - Start build external matchings
2023-04-21 09:31:58,523 [INFO] ThirdPartyModel:316 - End build external matchings
2023-04-21 09:31:58,550 [INFO] ImportTextPane:194 - (OptionalMessage_ERROR) IP (RCC) : Invalid parameter (48MHZClocksFreq_Value)
2023-04-21 09:31:58,550 [INFO] ImportTextPane:194 - (OptionalMessage_ERROR) IP (RCC) : Invalid parameter (EthernetFreq_Value)
2023-04-21 09:31:58,554 [INFO] ImportTextPane:194 - (OptionalMessage_ERROR) IP (RCC) : Parameter (FLatency) has Id (AdvancedSettings) currently not set
2023-04-21 09:31:58,554 [INFO] ImportTextPane:194 - (OptionalMessage_ERROR) IP (RCC) : Invalid parameter (FamilyName)
2023-04-21 09:31:58,554 [INFO] ImportTextPane:194 - (OptionalMessage_ERROR) IP (RCC) : Invalid parameter (I2SClocksFreq_Value)
2023-04-21 09:31:58,555 [INFO] ImportTextPane:194 - (OptionalMessage_ERROR) IP (RCC) : Parameter (SDIOFreq_Value) has invalid value (168000000)
2023-04-21 09:31:58,555 [INFO] ImportTextPane:194 - (OptionalMessage_ERROR) IP (RCC) : Parameter (USBFreq_Value) has invalid value (168000000)
2023-04-21 09:31:58,555 [INFO] ImportTextPane:194 - (OptionalMessage_ERROR) IP (RCC) : Invalid parameter (VCOInputMFreq_Value)
2023-04-21 09:31:58,555 [INFO] ImportTextPane:194 - (OptionalMessage_ERROR) IP (RCC) : Invalid parameter (VcooutputI2S)
2023-04-21 09:31:58,901 [INFO] UtilMem:75 - End LoadConfig() Used Memory: 510009384 Bytes (825229312)
2023-04-21 09:31:58,930 [WARN] ThirdParty:833 - waiting for thirdparty lock release [change project]
2023-04-21 09:31:58,931 [INFO] ThirdParty:835 - entering critical section [change project]
2023-04-21 09:31:58,931 [INFO] ThirdParty:1030 - CMSIS Pack Vendor :STMicroelectronics X-CUBE-ISPU 1.1.0
2023-04-21 09:31:58,931 [INFO] ThirdParty:1030 - CMSIS Pack Vendor :RoweBots I-CUBE-UNISONRTOS 5.5.0-4
2023-04-21 09:31:58,931 [INFO] ThirdParty:1030 - CMSIS Pack Vendor :STMicroelectronics X-CUBE-GNSS1 6.0.0
2023-04-21 09:31:58,931 [INFO] ThirdParty:1030 - CMSIS Pack Vendor :STMicroelectronics X-CUBE-AZRTOS-H7 2.1.0
2023-04-21 09:31:58,931 [INFO] ThirdParty:1030 - CMSIS Pack Vendor :STMicroelectronics USB_HOST 2.0.0
2023-04-21 09:31:58,931 [INFO] ThirdParty:1030 - CMSIS Pack Vendor :STMicroelectronics X-CUBE-AZRTOS-F4 1.1.0
2023-04-21 09:31:58,931 [INFO] ThirdParty:1030 - CMSIS Pack Vendor :STMicroelectronics LIBJPEG 8.0.0
2023-04-21 09:31:58,931 [INFO] ThirdParty:1030 - CMSIS Pack Vendor :wolfSSL I-CUBE-wolfSSL 5.4.0
2023-04-21 09:31:58,932 [INFO] ThirdParty:1030 - CMSIS Pack Vendor :STMicroelectronics X-CUBE-SMBUS 2.1.0
2023-04-21 09:31:58,932 [INFO] ThirdParty:1030 - CMSIS Pack Vendor :STMicroelectronics USB_DEVICE 3.0.0
2023-04-21 09:31:58,932 [INFO] ThirdParty:1030 - CMSIS Pack Vendor :STMicroelectronics X-CUBE-AI 8.0.0
2023-04-21 09:31:58,932 [INFO] ThirdParty:1030 - CMSIS Pack Vendor :STMicroelectronics X-CUBE-FREERTOS 1.0.0
2023-04-21 09:31:58,932 [INFO] ThirdParty:1030 - CMSIS Pack Vendor :STMicroelectronics X-CUBE-FREERTOS 1.0.1
2023-04-21 09:31:58,932 [INFO] ThirdParty:1030 - CMSIS Pack Vendor :STMicroelectronics X-CUBE-TOUCHGFX 4.21.1
2023-04-21 09:31:58,932 [INFO] ThirdParty:1030 - CMSIS Pack Vendor :STMicroelectronics X-CUBE-TOUCHGFX 4.21.0
2023-04-21 09:31:58,932 [INFO] ThirdParty:1030 - CMSIS Pack Vendor :STMicroelectronics X-CUBE-TOUCHGFX 4.21.3
2023-04-21 09:31:58,932 [INFO] ThirdParty:1030 - CMSIS Pack Vendor :STMicroelectronics X-CUBE-BLEMGR 1.0.0
2023-04-21 09:31:58,932 [INFO] ThirdParty:1030 - CMSIS Pack Vendor :STMicroelectronics X-CUBE-BLEMGR 1.2.0
2023-04-21 09:31:58,932 [INFO] ThirdParty:1030 - CMSIS Pack Vendor :STMicroelectronics X-CUBE-AZRTOS-F7 1.1.0
2023-04-21 09:31:58,932 [INFO] ThirdParty:1030 - CMSIS Pack Vendor :STMicroelectronics X-CUBE-MEMS1 9.4.0
2023-04-21 09:31:58,932 [INFO] ThirdParty:1030 - CMSIS Pack Vendor :STMicroelectronics USB_DEVICE 2.0.0
2023-04-21 09:31:58,932 [INFO] ThirdParty:1030 - CMSIS Pack Vendor :STMicroelectronics X-CUBE-AI 7.3.0
2023-04-21 09:31:58,932 [INFO] ThirdParty:1030 - CMSIS Pack Vendor :STMicroelectronics X-CUBE-BLE1 6.2.3
2023-04-21 09:31:58,932 [INFO] ThirdParty:1030 - CMSIS Pack Vendor :STMicroelectronics X-CUBE-ALGOBUILD 1.3.0
2023-04-21 09:31:58,932 [INFO] ThirdParty:1030 - CMSIS Pack Vendor :STMicroelectronics X-CUBE-BLE1 6.2.4
2023-04-21 09:31:58,932 [INFO] ThirdParty:1030 - CMSIS Pack Vendor :STMicroelectronics X-CUBE-AZRTOS-L5 1.1.0
2023-04-21 09:31:58,932 [INFO] ThirdParty:1030 - CMSIS Pack Vendor :STMicroelectronics FreeRTOS 0.0.1
2023-04-21 09:31:58,932 [INFO] ThirdParty:1030 - CMSIS Pack Vendor :STMicroelectronics X-CUBE-AZRTOS-G0 1.1.0
2023-04-21 09:31:58,932 [INFO] ThirdParty:1030 - CMSIS Pack Vendor :STMicroelectronics X-CUBE-BLEMGR 2.0.0
2023-04-21 09:31:58,932 [INFO] ThirdParty:1030 - CMSIS Pack Vendor :STMicroelectronics X-CUBE-SUBG2 5.0.0
2023-04-21 09:31:58,932 [INFO] ThirdParty:1030 - CMSIS Pack Vendor :STMicroelectronics X-CUBE-NFC4 3.0.0
2023-04-21 09:31:58,932 [INFO] ThirdParty:1030 - CMSIS Pack Vendor :SEGGER I-CUBE-embOS 1.2.0
2023-04-21 09:31:58,932 [INFO] ThirdParty:1030 - CMSIS Pack Vendor :STMicroelectronics STM32_WPAN 1.0.0
2023-04-21 09:31:58,932 [INFO] ThirdParty:1030 - CMSIS Pack Vendor :STMicroelectronics lwIP 2.0.3
2023-04-21 09:31:58,932 [INFO] ThirdParty:1030 - CMSIS Pack Vendor :STMicroelectronics X-CUBE-NFC4 2.0.5
2023-04-21 09:31:58,932 [INFO] ThirdParty:1030 - CMSIS Pack Vendor :STMicroelectronics X-CUBE-NFC4 2.0.4
2023-04-21 09:31:58,932 [INFO] ThirdParty:1030 - CMSIS Pack Vendor :STMicroelectronics USB_HOST 1.0.0
2023-04-21 09:31:58,932 [INFO] ThirdParty:1030 - CMSIS Pack Vendor :STMicroelectronics PDM2PCM 3.1.0
2023-04-21 09:31:58,933 [INFO] ThirdParty:1030 - CMSIS Pack Vendor :STMicroelectronics X-CUBE-AZRTOS-H7 3.1.0
2023-04-21 09:31:58,933 [INFO] ThirdParty:1030 - CMSIS Pack Vendor :STMicroelectronics X-CUBE-TOF1 3.3.0
2023-04-21 09:31:58,933 [INFO] ThirdParty:1030 - CMSIS Pack Vendor :STMicroelectronics FP-ATR-ASTRA1 1.1.1
2023-04-21 09:31:58,933 [INFO] ThirdParty:1030 - CMSIS Pack Vendor :STMicroelectronics PDM2PCM 3.3.0
2023-04-21 09:31:58,933 [INFO] ThirdParty:1030 - CMSIS Pack Vendor :STMicroelectronics X-CUBE-TOF1 3.1.0
2023-04-21 09:31:58,933 [INFO] ThirdParty:1030 - CMSIS Pack Vendor :STMicroelectronics FP-ATR-ASTRA1 1.1.0
2023-04-21 09:31:58,933 [INFO] ThirdParty:1030 - CMSIS Pack Vendor :STMicroelectronics X-CUBE-DISPLAY 3.0.0
2023-04-21 09:31:58,933 [INFO] ThirdParty:1030 - CMSIS Pack Vendor :STMicroelectronics X-CUBE-BLEMGR 1.3.0
2023-04-21 09:31:58,933 [INFO] ThirdParty:1030 - CMSIS Pack Vendor :STMicroelectronics X-CUBE-AZRTOS-F4 1.0.0
2023-04-21 09:31:58,933 [INFO] ThirdParty:1030 - CMSIS Pack Vendor :STMicroelectronics X-CUBE-AZRTOS-G4 1.0.0
2023-04-21 09:31:58,934 [INFO] ThirdParty:1030 - CMSIS Pack Vendor :STMicroelectronics FP-ATR-SIGFOX1 3.2.0
2023-04-21 09:31:58,934 [INFO] ThirdParty:1030 - CMSIS Pack Vendor :STMicroelectronics X-CUBE-AZRTOS-L4 1.0.0
2023-04-21 09:31:58,934 [INFO] ThirdParty:1030 - CMSIS Pack Vendor :STMicroelectronics HAL Drivers 0.0.0
2023-04-21 09:31:58,934 [INFO] ThirdParty:1030 - CMSIS Pack Vendor :STMicroelectronics MBEDTLS 2.16.2
2023-04-21 09:31:58,934 [INFO] ThirdParty:1030 - CMSIS Pack Vendor :emotas I-CUBE-CANOPEN 1.1.2
2023-04-21 09:31:58,934 [INFO] ThirdParty:1030 - CMSIS Pack Vendor :STMicroelectronics X-CUBE-TOUCHGFX 4.20.0
2023-04-21 09:31:58,934 [INFO] ThirdParty:1030 - CMSIS Pack Vendor :STMicroelectronics MBEDTLS 2.14.1
2023-04-21 09:31:58,934 [INFO] ThirdParty:1030 - CMSIS Pack Vendor :STMicroelectronics X-CUBE-NFC7 1.0.0
2023-04-21 09:31:58,934 [INFO] ThirdParty:1030 - CMSIS Pack Vendor :STMicroelectronics X-CUBE-AZRTOS-WL 1.0.0
2023-04-21 09:31:58,935 [INFO] ThirdParty:1030 - CMSIS Pack Vendor :STMicroelectronics X-CUBE-MEMS1 9.3.0
2023-04-21 09:31:58,935 [INFO] ThirdParty:1030 - CMSIS Pack Vendor :STMicroelectronics X-CUBE-EEPRMA1 4.1.0
2023-04-21 09:31:58,935 [INFO] ThirdParty:1030 - CMSIS Pack Vendor :portGmbH I-Cube-SoM-uGOAL 1.1.0
2023-04-21 09:31:58,935 [INFO] ThirdParty:1030 - CMSIS Pack Vendor :STMicroelectronics X-CUBE-ALS 1.0.1
2023-04-21 09:31:58,935 [INFO] ThirdParty:1030 - CMSIS Pack Vendor :STMicroelectronics X-CUBE-AI 7.2.0
2023-04-21 09:31:58,935 [INFO] ThirdParty:1030 - CMSIS Pack Vendor :STMicroelectronics X-CUBE-MEMS1 9.5.0
2023-04-21 09:31:58,935 [INFO] ThirdParty:1030 - CMSIS Pack Vendor :STMicroelectronics ThreadX 1.0.0
2023-04-21 09:31:58,935 [INFO] ThirdParty:1030 - CMSIS Pack Vendor :STMicroelectronics X-CUBE-AZRTOS-WB 1.1.0
2023-04-21 09:31:58,935 [INFO] ThirdParty:1030 - CMSIS Pack Vendor :SEGGER I-CUBE-embOS 1.3.1
2023-04-21 09:31:58,935 [INFO] ThirdParty:1030 - CMSIS Pack Vendor :STMicroelectronics X-CUBE-AZRTOS-L5 1.0.0
2023-04-21 09:31:58,935 [INFO] ThirdParty:1030 - CMSIS Pack Vendor :STMicroelectronics USB_DEVICE 1.0.0
2023-04-21 09:31:58,935 [INFO] ThirdParty:1030 - CMSIS Pack Vendor :STMicroelectronics X-CUBE-EEPRMA1 3.1.1
2023-04-21 09:31:58,935 [INFO] ThirdParty:1030 - CMSIS Pack Vendor :STMicroelectronics ThreadX 0.0.2
2023-04-21 09:31:58,936 [INFO] ThirdParty:1030 - CMSIS Pack Vendor :WES I-CUBE-Cesium 1.3.0
2023-04-21 09:31:58,936 [INFO] ThirdParty:1030 - CMSIS Pack Vendor :STMicroelectronics FP-ATR-ASTRA1 2.0.0
2023-04-21 09:31:58,936 [INFO] ThirdParty:1030 - CMSIS Pack Vendor :STMicroelectronics lwIP 2.1.2
2023-04-21 09:31:58,936 [INFO] ThirdParty:1030 - CMSIS Pack Vendor :STMicroelectronics X-CUBE-SFXS2LP1 4.0.0
2023-04-21 09:31:58,936 [INFO] ThirdParty:1030 - CMSIS Pack Vendor :STMicroelectronics X-CUBE-BLE2 3.3.0
2023-04-21 09:31:58,936 [INFO] ThirdParty:1030 - CMSIS Pack Vendor :STMicroelectronics X-CUBE-DISPLAY 2.2.0
2023-04-21 09:31:58,936 [INFO] ThirdParty:1030 - CMSIS Pack Vendor :STMicroelectronics X-CUBE-TOF1 3.2.0
2023-04-21 09:31:58,936 [INFO] ThirdParty:1030 - CMSIS Pack Vendor :STMicroelectronics PDM2PCM 3.2.0
2023-04-21 09:31:58,936 [INFO] ThirdParty:1030 - CMSIS Pack Vendor :STMicroelectronics X-CUBE-AZRTOS-H7 3.0.0
2023-04-21 09:31:58,936 [INFO] ThirdParty:1030 - CMSIS Pack Vendor :STMicroelectronics X-CUBE-ISPU 1.0.0
2023-04-21 09:31:58,936 [INFO] ThirdParty:841 - exiting critical section [change project]
2023-04-21 09:31:59,283 [INFO] PinOutPanel:1499 - setPackage(No Configuration,No Configuration)
2023-04-21 09:31:59,284 [INFO] PinOutPanel:1499 - setPackage(STM32F446RETx,LQFP64)
2023-04-21 09:31:59,608 [INFO] UtilMem:75 - Before build in PCC Used Memory: 703610744 Bytes (825229312)
2023-04-21 09:31:59,935 [INFO] UtilMem:75 - After build in PCC Used Memory: 423105736 Bytes (825229312)
2023-04-21 09:31:59,970 [INFO] IPUIPlugin:80 - create IPUIPlugin
2023-04-21 09:31:59,970 [INFO] IPUIPlugin:80 - create IPUIPlugin
2023-04-21 09:31:59,970 [INFO] IPUIPlugin:80 - create IPUIPlugin
2023-04-21 09:31:59,971 [INFO] IPUIPlugin:80 - create IPUIPlugin
2023-04-21 09:31:59,971 [INFO] IPUIPlugin:80 - create IPUIPlugin
2023-04-21 09:31:59,971 [INFO] IPUIPlugin:80 - create IPUIPlugin
2023-04-21 09:31:59,971 [INFO] IPUIPlugin:80 - create IPUIPlugin
2023-04-21 09:31:59,971 [INFO] IPUIPlugin:80 - create IPUIPlugin
2023-04-21 09:31:59,971 [INFO] IPUIPlugin:80 - create IPUIPlugin
2023-04-21 09:31:59,971 [INFO] IPUIPlugin:80 - create IPUIPlugin
2023-04-21 09:31:59,972 [INFO] IPUIPlugin:80 - create IPUIPlugin
2023-04-21 09:31:59,972 [INFO] IPUIPlugin:80 - create IPUIPlugin
2023-04-21 09:31:59,972 [INFO] IPUIPlugin:80 - create IPUIPlugin
2023-04-21 09:31:59,972 [INFO] IPUIPlugin:80 - create IPUIPlugin
2023-04-21 09:31:59,972 [INFO] IPUIPlugin:80 - create IPUIPlugin
2023-04-21 09:31:59,972 [INFO] IPUIPlugin:80 - create IPUIPlugin
2023-04-21 09:31:59,972 [INFO] IPUIPlugin:80 - create IPUIPlugin
2023-04-21 09:31:59,972 [INFO] IPUIPlugin:80 - create IPUIPlugin
2023-04-21 09:31:59,972 [INFO] IPUIPlugin:80 - create IPUIPlugin
2023-04-21 09:31:59,972 [INFO] IPUIPlugin:80 - create IPUIPlugin
2023-04-21 09:31:59,972 [INFO] IPUIPlugin:80 - create IPUIPlugin
2023-04-21 09:31:59,973 [INFO] IPUIPlugin:80 - create IPUIPlugin
2023-04-21 09:31:59,973 [INFO] IPUIPlugin:80 - create IPUIPlugin
2023-04-21 09:31:59,974 [INFO] IPUIPlugin:80 - create IPUIPlugin
2023-04-21 09:31:59,974 [INFO] IPUIPlugin:80 - create IPUIPlugin
2023-04-21 09:31:59,974 [INFO] IPUIPlugin:80 - create IPUIPlugin
2023-04-21 09:31:59,974 [INFO] IPUIPlugin:80 - create IPUIPlugin
2023-04-21 09:31:59,975 [INFO] IPUIPlugin:80 - create IPUIPlugin
2023-04-21 09:31:59,976 [INFO] IPUIPlugin:80 - create IPUIPlugin
2023-04-21 09:31:59,976 [INFO] IPUIPlugin:80 - create IPUIPlugin
2023-04-21 09:31:59,976 [INFO] IPUIPlugin:80 - create IPUIPlugin
2023-04-21 09:31:59,976 [INFO] IPUIPlugin:80 - create IPUIPlugin
2023-04-21 09:31:59,976 [INFO] IPUIPlugin:80 - create IPUIPlugin
2023-04-21 09:31:59,977 [INFO] IPUIPlugin:80 - create IPUIPlugin
2023-04-21 09:31:59,977 [INFO] IPUIPlugin:80 - create IPUIPlugin
2023-04-21 09:31:59,977 [INFO] IPUIPlugin:80 - create IPUIPlugin
2023-04-21 09:31:59,977 [INFO] IPUIPlugin:80 - create IPUIPlugin
2023-04-21 09:31:59,978 [INFO] IPUIPlugin:80 - create IPUIPlugin
2023-04-21 09:31:59,978 [INFO] IPUIPlugin:80 - create IPUIPlugin
2023-04-21 09:31:59,978 [INFO] IPUIPlugin:80 - create IPUIPlugin
2023-04-21 09:31:59,978 [INFO] IPUIPlugin:80 - create IPUIPlugin
2023-04-21 09:31:59,979 [INFO] IPUIPlugin:80 - create IPUIPlugin
2023-04-21 09:31:59,979 [INFO] IPUIPlugin:80 - create IPUIPlugin
2023-04-21 09:31:59,979 [INFO] IPUIPlugin:80 - create IPUIPlugin
2023-04-21 09:31:59,979 [INFO] IPUIPlugin:80 - create IPUIPlugin
2023-04-21 09:31:59,980 [INFO] IPUIPlugin:80 - create IPUIPlugin
2023-04-21 09:31:59,980 [INFO] IPUIPlugin:80 - create IPUIPlugin
2023-04-21 09:31:59,980 [INFO] IPUIPlugin:80 - create IPUIPlugin
2023-04-21 09:31:59,981 [INFO] IPUIPlugin:80 - create IPUIPlugin
2023-04-21 09:31:59,981 [INFO] IPUIPlugin:80 - create IPUIPlugin
2023-04-21 09:31:59,982 [INFO] IPUIPlugin:80 - create IPUIPlugin
2023-04-21 09:31:59,982 [INFO] IPUIPlugin:80 - create IPUIPlugin
2023-04-21 09:31:59,983 [INFO] IPUIPlugin:80 - create IPUIPlugin
2023-04-21 09:31:59,983 [INFO] IPUIPlugin:80 - create IPUIPlugin
2023-04-21 09:31:59,984 [INFO] IPUIPlugin:80 - create IPUIPlugin
2023-04-21 09:31:59,985 [INFO] IPUIPlugin:80 - create IPUIPlugin
2023-04-21 09:31:59,986 [INFO] IPUIPlugin:80 - create IPUIPlugin
2023-04-21 09:31:59,986 [INFO] IPUIPlugin:80 - create IPUIPlugin
2023-04-21 09:31:59,987 [INFO] IPUIPlugin:80 - create IPUIPlugin
2023-04-21 09:31:59,988 [INFO] IPUIPlugin:80 - create IPUIPlugin
2023-04-21 09:31:59,992 [INFO] ApiDbMcu:507 - Load IP Config File for PDM2PCM
2023-04-21 09:32:00,083 [INFO] CADModel:165 - CPN selected for project levelSTM32F446RET6
2023-04-21 09:32:00,083 [INFO] CADModel:114 - Register for checkConnection events
2023-04-21 09:32:00,136 [INFO] OpenFileManager:328 - Restore cursor
2023-04-21 09:32:00,788 [INFO] UtilMem:75 - End SaveConfig() Used Memory: 576674416 Bytes (825229312)
2023-04-21 09:32:00,949 [INFO] UtilMem:75 - End SaveConfig() Used Memory: 597979584 Bytes (825229312)
2023-04-21 09:32:01,335 [INFO] BlockDiagram:2759 - set Specific Code input for plugin: SYS
2023-04-21 09:32:01,335 [INFO] BlockDiagram:2759 - set Specific Code input for plugin: RCC
2023-04-21 09:32:01,335 [INFO] BlockDiagram:2759 - set Specific Code input for plugin: NVIC
2023-04-21 09:32:01,336 [INFO] BlockDiagram:2759 - set Specific Code input for plugin: USART
2023-04-21 09:32:01,336 [INFO] BlockDiagram:2759 - set Specific Code input for plugin: GPIO
2023-04-21 09:32:01,338 [INFO] CodeGenerator:793 - code generatio: config db path: C:\ST\STM32CubeIDE_1.9.0\STM32CubeIDE\plugins\com.st.stm32cube.common.mx_6.8.0.202302231600\\db\
2023-04-21 09:32:01,720 [INFO] CodeEngine:255 - oldGeneratedFile, C:\learning\FreeRTOS_GroundUp\FreeRTOS_GroundUp\48_SVCService\MXTmpFiles\license.tmp_save
2023-04-21 09:32:01,888 [INFO] CodeEngine:279 - Generated code: C:\learning\FreeRTOS_GroundUp\FreeRTOS_GroundUp\48_SVCService\MXTmpFiles\license.tmp
2023-04-21 09:32:01,935 [INFO] CodeEngine:255 - oldGeneratedFile, C:\learning\FreeRTOS_GroundUp\FreeRTOS_GroundUp\48_SVCService\MXTmpFiles\gpio.tmp_save
2023-04-21 09:32:02,053 [INFO] CodeEngine:279 - Generated code: C:\learning\FreeRTOS_GroundUp\FreeRTOS_GroundUp\48_SVCService\MXTmpFiles\gpio.tmp
2023-04-21 09:32:02,125 [INFO] CodeEngine:255 - oldGeneratedFile, C:\learning\FreeRTOS_GroundUp\FreeRTOS_GroundUp\48_SVCService\Core\Src\stm32f4xx_it.c_save
2023-04-21 09:32:02,378 [INFO] CodeEngine:279 - Generated code: C:\learning\FreeRTOS_GroundUp\FreeRTOS_GroundUp\48_SVCService\Core\Src\stm32f4xx_it.c
2023-04-21 09:32:02,431 [INFO] CodeEngine:255 - oldGeneratedFile, C:\learning\FreeRTOS_GroundUp\FreeRTOS_GroundUp\48_SVCService\Core\Inc\stm32f4xx_it.h_save
2023-04-21 09:32:02,602 [INFO] CodeEngine:279 - Generated code: C:\learning\FreeRTOS_GroundUp\FreeRTOS_GroundUp\48_SVCService\Core\Inc\stm32f4xx_it.h
2023-04-21 09:32:02,617 [INFO] CodeEngine:255 - oldGeneratedFile, C:\learning\FreeRTOS_GroundUp\FreeRTOS_GroundUp\48_SVCService\Core\Src\stm32f4xx_hal_msp.c_save
2023-04-21 09:32:02,757 [INFO] CodeEngine:279 - Generated code: C:\learning\FreeRTOS_GroundUp\FreeRTOS_GroundUp\48_SVCService\Core\Src\stm32f4xx_hal_msp.c
2023-04-21 09:32:02,765 [INFO] CodeEngine:255 - oldGeneratedFile, C:\learning\FreeRTOS_GroundUp\FreeRTOS_GroundUp\48_SVCService\MXTmpFiles\system.tmp_save
2023-04-21 09:32:02,833 [INFO] CodeEngine:279 - Generated code: C:\learning\FreeRTOS_GroundUp\FreeRTOS_GroundUp\48_SVCService\MXTmpFiles\system.tmp
2023-04-21 09:32:02,847 [INFO] CodeEngine:311 - oldGeneratedFile, C:\learning\FreeRTOS_GroundUp\FreeRTOS_GroundUp\48_SVCService\Core\Inc\stm32f4xx_hal_conf.h_save
2023-04-21 09:32:02,941 [INFO] CodeEngine:335 - Generated code: C:\learning\FreeRTOS_GroundUp\FreeRTOS_GroundUp\48_SVCService\Core\Inc\stm32f4xx_hal_conf.h
2023-04-21 09:32:02,976 [WARN] IPConfigManager:2937 - Warning: the RefConfig PLL2P_FOR_MCO is not available in your config.xml file
2023-04-21 09:32:02,997 [INFO] CodeEngine:255 - oldGeneratedFile, C:\learning\FreeRTOS_GroundUp\FreeRTOS_GroundUp\48_SVCService\Core\Inc\main.h_save
2023-04-21 09:32:03,080 [INFO] CodeEngine:279 - Generated code: C:\learning\FreeRTOS_GroundUp\FreeRTOS_GroundUp\48_SVCService\Core\Inc\main.h
2023-04-21 09:32:03,086 [INFO] CodeEngine:255 - oldGeneratedFile, C:\learning\FreeRTOS_GroundUp\FreeRTOS_GroundUp\48_SVCService\Core\Src\main.c_save
2023-04-21 09:32:03,202 [INFO] CodeEngine:279 - Generated code: C:\learning\FreeRTOS_GroundUp\FreeRTOS_GroundUp\48_SVCService\Core\Src\main.c
2023-04-21 09:32:04,098 [INFO] ProjectBuilder:2996 - Time for Copy HAL[1] : 266mS.
2023-04-21 09:32:04,105 [INFO] ProjectBuilder:4304 - Project Generator version: 3.19.2
2023-04-21 09:32:04,515 [INFO] ConfigFileManager:1483 - The Die is : DIE421
2023-04-21 09:32:04,518 [INFO] ApiDbMcu:507 - Load IP Config File for FATFS
2023-04-21 09:32:04,522 [INFO] ApiDbMcu:507 - Load IP Config File for FREERTOS
2023-04-21 09:32:04,525 [INFO] ApiDbMcu:507 - Load IP Config File for LIBJPEG
2023-04-21 09:32:04,600 [INFO] ApiDbMcu:507 - Load IP Config File for MBEDTLS
2023-04-21 09:32:04,609 [INFO] ApiDbMcu:507 - Load IP Config File for USB_DEVICE
2023-04-21 09:32:04,614 [INFO] ApiDbMcu:507 - Load IP Config File for USB_HOST
2023-04-21 09:32:08,031 [INFO] ProjectBuilder:4505 - Time for Generating toolchain IDE Files: 3926mS.
2023-04-21 09:32:08,032 [INFO] ProjectBuilder:2867 - Time for Copy CMSIS : 1mS.
2023-04-21 09:32:08,038 [INFO] ProjectBuilder:2867 - Time for Copy CMSIS : 0mS.
2023-04-21 09:32:09,204 [INFO] McuFinderGlobals:66 - Set McuFinderConnectedMode to true
2023-04-21 09:32:09,207 [INFO] ApiDb:448 - Save user favorites file C:\Users\hsuankai.chang/.stm32cubeide/favorites.mcus.txt: 0 item(s)
2023-04-21 09:32:09,208 [INFO] ApiDb:452 - User favorites MCUs=[]
2023-04-21 09:32:09,210 [INFO] ApiDb:448 - Save user favorites file C:\Users\hsuankai.chang/.stm32cubeide/favorites.boards.txt: 1 item(s)
2023-04-21 09:32:09,211 [INFO] ApiDb:452 - User favorites Boards=[B-L475E-IOT01A2]
2023-04-21 09:33:32,421 [INFO] RtosManager:919 - Current active RTOS is FREERTOS [Cortex-M4NS]
2023-04-21 09:33:32,892 [ERROR] RtosPanel:558 - Can not restore the selected Tab for FREERTOS(A reason can be that the tab is no more available.)
2023-04-21 09:33:32,964 [ERROR] RtosPanel:558 - Can not restore the selected Tab for FREERTOS(A reason can be that the tab is no more available.)
2023-04-21 09:33:48,333 [INFO] TasksAndQueuesTab:757 - Dynamic
2023-04-21 09:33:48,333 [WARN] TasksAndQueuesTab:763 - 128 128
2023-04-21 09:33:48,333 [WARN] TasksAndQueuesTab:775 - max value is: 3840.0
2023-04-21 09:33:56,454 [INFO] TasksAndQueuesTab:757 - Dynamic
2023-04-21 09:33:56,454 [WARN] TasksAndQueuesTab:763 - 128 128
2023-04-21 09:33:56,454 [WARN] TasksAndQueuesTab:775 - max value is: 3840.0
2023-04-21 09:40:22,773 [INFO] UtilMem:75 - End SaveConfig() Used Memory: 659907512 Bytes (856686592)
2023-04-21 09:40:25,926 [INFO] UtilMem:75 - End SaveConfig() Used Memory: 693988280 Bytes (856686592)
2023-04-21 09:40:29,008 [INFO] UtilMem:75 - End SaveConfig() Used Memory: 482011552 Bytes (856686592)
2023-04-21 09:40:31,575 [INFO] BlockDiagram:2759 - set Specific Code input for plugin: FREERTOS
2023-04-21 09:40:31,575 [INFO] BlockDiagram:2759 - set Specific Code input for plugin: SYS
2023-04-21 09:40:31,575 [INFO] BlockDiagram:2759 - set Specific Code input for plugin: RCC
2023-04-21 09:40:31,575 [INFO] BlockDiagram:2759 - set Specific Code input for plugin: NVIC
2023-04-21 09:40:31,575 [INFO] BlockDiagram:2759 - set Specific Code input for plugin: USART
2023-04-21 09:40:31,576 [INFO] BlockDiagram:2759 - set Specific Code input for plugin: GPIO
2023-04-21 09:40:31,578 [INFO] CodeGenerator:793 - code generatio: config db path: C:\ST\STM32CubeIDE_1.9.0\STM32CubeIDE\plugins\com.st.stm32cube.common.mx_6.8.0.202302231600\\db\
2023-04-21 09:40:31,791 [INFO] CodeEngine:255 - oldGeneratedFile, C:\learning\FreeRTOS_GroundUp\FreeRTOS_GroundUp\48_SVCService\MXTmpFiles\license.tmp_save
2023-04-21 09:40:31,860 [INFO] CodeEngine:279 - Generated code: C:\learning\FreeRTOS_GroundUp\FreeRTOS_GroundUp\48_SVCService\MXTmpFiles\license.tmp
2023-04-21 09:40:31,888 [INFO] CodeEngine:255 - oldGeneratedFile, C:\learning\FreeRTOS_GroundUp\FreeRTOS_GroundUp\48_SVCService\MXTmpFiles\gpio.tmp_save
2023-04-21 09:40:31,971 [INFO] CodeEngine:279 - Generated code: C:\learning\FreeRTOS_GroundUp\FreeRTOS_GroundUp\48_SVCService\MXTmpFiles\gpio.tmp
2023-04-21 09:40:32,059 [INFO] Middleware:1439 - No code input for Bsp Dependency
2023-04-21 09:40:32,071 [INFO] CodeEngine:255 - oldGeneratedFile, C:\learning\FreeRTOS_GroundUp\FreeRTOS_GroundUp\48_SVCService\MXTmpFiles\rtos_inc.tmp_save
2023-04-21 09:40:32,144 [INFO] CodeEngine:279 - Generated code: C:\learning\FreeRTOS_GroundUp\FreeRTOS_GroundUp\48_SVCService\MXTmpFiles\rtos_inc.tmp
2023-04-21 09:40:32,150 [INFO] CodeEngine:255 - oldGeneratedFile, C:\learning\FreeRTOS_GroundUp\FreeRTOS_GroundUp\48_SVCService\MXTmpFiles\rtos_kernelInit.tmp_save
2023-04-21 09:40:32,226 [INFO] CodeEngine:279 - Generated code: C:\learning\FreeRTOS_GroundUp\FreeRTOS_GroundUp\48_SVCService\MXTmpFiles\rtos_kernelInit.tmp
2023-04-21 09:40:32,234 [INFO] CodeEngine:255 - oldGeneratedFile, C:\learning\FreeRTOS_GroundUp\FreeRTOS_GroundUp\48_SVCService\MXTmpFiles\rtos_kernelStart.tmp_save
2023-04-21 09:40:32,301 [INFO] CodeEngine:279 - Generated code: C:\learning\FreeRTOS_GroundUp\FreeRTOS_GroundUp\48_SVCService\MXTmpFiles\rtos_kernelStart.tmp
2023-04-21 09:40:32,307 [INFO] CodeEngine:255 - oldGeneratedFile, C:\learning\FreeRTOS_GroundUp\FreeRTOS_GroundUp\48_SVCService\MXTmpFiles\rtos_typedefs.tmp_save
2023-04-21 09:40:32,386 [INFO] CodeEngine:279 - Generated code: C:\learning\FreeRTOS_GroundUp\FreeRTOS_GroundUp\48_SVCService\MXTmpFiles\rtos_typedefs.tmp
2023-04-21 09:40:32,391 [INFO] CodeEngine:255 - oldGeneratedFile, C:\learning\FreeRTOS_GroundUp\FreeRTOS_GroundUp\48_SVCService\MXTmpFiles\rtos_vars.tmp_save
2023-04-21 09:40:32,481 [INFO] CodeEngine:279 - Generated code: C:\learning\FreeRTOS_GroundUp\FreeRTOS_GroundUp\48_SVCService\MXTmpFiles\rtos_vars.tmp
2023-04-21 09:40:32,488 [INFO] CodeEngine:255 - oldGeneratedFile, C:\learning\FreeRTOS_GroundUp\FreeRTOS_GroundUp\48_SVCService\MXTmpFiles\rtos_pfp.tmp_save
2023-04-21 09:40:32,572 [INFO] CodeEngine:279 - Generated code: C:\learning\FreeRTOS_GroundUp\FreeRTOS_GroundUp\48_SVCService\MXTmpFiles\rtos_pfp.tmp
2023-04-21 09:40:32,577 [INFO] CodeEngine:255 - oldGeneratedFile, C:\learning\FreeRTOS_GroundUp\FreeRTOS_GroundUp\48_SVCService\MXTmpFiles\rtos_obj_creat.tmp_save
2023-04-21 09:40:32,653 [INFO] CodeEngine:279 - Generated code: C:\learning\FreeRTOS_GroundUp\FreeRTOS_GroundUp\48_SVCService\MXTmpFiles\rtos_obj_creat.tmp
2023-04-21 09:40:32,658 [INFO] CodeEngine:255 - oldGeneratedFile, C:\learning\FreeRTOS_GroundUp\FreeRTOS_GroundUp\48_SVCService\MXTmpFiles\rtos_default_thread.tmp_save
2023-04-21 09:40:32,747 [INFO] CodeEngine:279 - Generated code: C:\learning\FreeRTOS_GroundUp\FreeRTOS_GroundUp\48_SVCService\MXTmpFiles\rtos_default_thread.tmp
2023-04-21 09:40:32,755 [INFO] CodeEngine:255 - oldGeneratedFile, C:\learning\FreeRTOS_GroundUp\FreeRTOS_GroundUp\48_SVCService\MXTmpFiles\rtos_threads.tmp_save
2023-04-21 09:40:32,825 [INFO] CodeEngine:279 - Generated code: C:\learning\FreeRTOS_GroundUp\FreeRTOS_GroundUp\48_SVCService\MXTmpFiles\rtos_threads.tmp
2023-04-21 09:40:32,843 [INFO] Middleware:1439 - No code input for Bsp Dependency
2023-04-21 09:40:32,858 [INFO] CodeEngine:255 - oldGeneratedFile, C:\learning\FreeRTOS_GroundUp\FreeRTOS_GroundUp\48_SVCService\MXTmpFiles\rtos_inc.tmp_save
2023-04-21 09:40:32,935 [INFO] CodeEngine:279 - Generated code: C:\learning\FreeRTOS_GroundUp\FreeRTOS_GroundUp\48_SVCService\MXTmpFiles\rtos_inc.tmp
2023-04-21 09:40:32,944 [INFO] CodeEngine:255 - oldGeneratedFile, C:\learning\FreeRTOS_GroundUp\FreeRTOS_GroundUp\48_SVCService\MXTmpFiles\rtos_kernelInit.tmp_save
2023-04-21 09:40:33,019 [INFO] CodeEngine:279 - Generated code: C:\learning\FreeRTOS_GroundUp\FreeRTOS_GroundUp\48_SVCService\MXTmpFiles\rtos_kernelInit.tmp
2023-04-21 09:40:33,028 [INFO] CodeEngine:255 - oldGeneratedFile, C:\learning\FreeRTOS_GroundUp\FreeRTOS_GroundUp\48_SVCService\MXTmpFiles\rtos_kernelStart.tmp_save
2023-04-21 09:40:33,097 [INFO] CodeEngine:279 - Generated code: C:\learning\FreeRTOS_GroundUp\FreeRTOS_GroundUp\48_SVCService\MXTmpFiles\rtos_kernelStart.tmp
2023-04-21 09:40:33,107 [INFO] CodeEngine:255 - oldGeneratedFile, C:\learning\FreeRTOS_GroundUp\FreeRTOS_GroundUp\48_SVCService\MXTmpFiles\rtos_typedefs.tmp_save
2023-04-21 09:40:33,183 [INFO] CodeEngine:279 - Generated code: C:\learning\FreeRTOS_GroundUp\FreeRTOS_GroundUp\48_SVCService\MXTmpFiles\rtos_typedefs.tmp
2023-04-21 09:40:33,196 [INFO] CodeEngine:255 - oldGeneratedFile, C:\learning\FreeRTOS_GroundUp\FreeRTOS_GroundUp\48_SVCService\MXTmpFiles\rtos_vars.tmp_save
2023-04-21 09:40:33,301 [INFO] CodeEngine:279 - Generated code: C:\learning\FreeRTOS_GroundUp\FreeRTOS_GroundUp\48_SVCService\MXTmpFiles\rtos_vars.tmp
2023-04-21 09:40:33,315 [INFO] CodeEngine:255 - oldGeneratedFile, C:\learning\FreeRTOS_GroundUp\FreeRTOS_GroundUp\48_SVCService\MXTmpFiles\rtos_pfp.tmp_save
2023-04-21 09:40:33,448 [INFO] CodeEngine:279 - Generated code: C:\learning\FreeRTOS_GroundUp\FreeRTOS_GroundUp\48_SVCService\MXTmpFiles\rtos_pfp.tmp
2023-04-21 09:40:33,460 [INFO] CodeEngine:255 - oldGeneratedFile, C:\learning\FreeRTOS_GroundUp\FreeRTOS_GroundUp\48_SVCService\MXTmpFiles\rtos_obj_creat.tmp_save
2023-04-21 09:40:33,614 [INFO] CodeEngine:279 - Generated code: C:\learning\FreeRTOS_GroundUp\FreeRTOS_GroundUp\48_SVCService\MXTmpFiles\rtos_obj_creat.tmp
2023-04-21 09:40:33,626 [INFO] CodeEngine:255 - oldGeneratedFile, C:\learning\FreeRTOS_GroundUp\FreeRTOS_GroundUp\48_SVCService\MXTmpFiles\rtos_default_thread.tmp_save
2023-04-21 09:40:33,708 [INFO] CodeEngine:279 - Generated code: C:\learning\FreeRTOS_GroundUp\FreeRTOS_GroundUp\48_SVCService\MXTmpFiles\rtos_default_thread.tmp
2023-04-21 09:40:33,721 [INFO] CodeEngine:255 - oldGeneratedFile, C:\learning\FreeRTOS_GroundUp\FreeRTOS_GroundUp\48_SVCService\MXTmpFiles\rtos_threads.tmp_save
2023-04-21 09:40:33,796 [INFO] CodeEngine:279 - Generated code: C:\learning\FreeRTOS_GroundUp\FreeRTOS_GroundUp\48_SVCService\MXTmpFiles\rtos_threads.tmp
2023-04-21 09:40:33,804 [INFO] CodeEngine:255 - oldGeneratedFile, C:\learning\FreeRTOS_GroundUp\FreeRTOS_GroundUp\48_SVCService\Core\Inc\FreeRTOSConfig.h_save
2023-04-21 09:40:33,895 [INFO] CodeEngine:279 - Generated code: C:\learning\FreeRTOS_GroundUp\FreeRTOS_GroundUp\48_SVCService\Core\Inc\FreeRTOSConfig.h
2023-04-21 09:40:33,904 [INFO] CodeEngine:255 - oldGeneratedFile, C:\learning\FreeRTOS_GroundUp\FreeRTOS_GroundUp\48_SVCService\Core\Src\freertos.c_save
2023-04-21 09:40:34,024 [INFO] CodeEngine:279 - Generated code: C:\learning\FreeRTOS_GroundUp\FreeRTOS_GroundUp\48_SVCService\Core\Src\freertos.c
2023-04-21 09:40:34,044 [INFO] CodeEngine:255 - oldGeneratedFile, C:\learning\FreeRTOS_GroundUp\FreeRTOS_GroundUp\48_SVCService\Core\Src\stm32f4xx_it.c_save
2023-04-21 09:40:34,143 [INFO] CodeEngine:279 - Generated code: C:\learning\FreeRTOS_GroundUp\FreeRTOS_GroundUp\48_SVCService\Core\Src\stm32f4xx_it.c
2023-04-21 09:40:34,156 [INFO] CodeEngine:255 - oldGeneratedFile, C:\learning\FreeRTOS_GroundUp\FreeRTOS_GroundUp\48_SVCService\Core\Inc\stm32f4xx_it.h_save
2023-04-21 09:40:34,260 [INFO] CodeEngine:279 - Generated code: C:\learning\FreeRTOS_GroundUp\FreeRTOS_GroundUp\48_SVCService\Core\Inc\stm32f4xx_it.h
2023-04-21 09:40:34,287 [INFO] CodeEngine:255 - oldGeneratedFile, C:\learning\FreeRTOS_GroundUp\FreeRTOS_GroundUp\48_SVCService\Core\Src\stm32f4xx_hal_msp.c_save
2023-04-21 09:40:34,421 [INFO] CodeEngine:279 - Generated code: C:\learning\FreeRTOS_GroundUp\FreeRTOS_GroundUp\48_SVCService\Core\Src\stm32f4xx_hal_msp.c
2023-04-21 09:40:34,430 [INFO] CodeEngine:255 - oldGeneratedFile, C:\learning\FreeRTOS_GroundUp\FreeRTOS_GroundUp\48_SVCService\MXTmpFiles\system.tmp_save
2023-04-21 09:40:34,537 [INFO] CodeEngine:279 - Generated code: C:\learning\FreeRTOS_GroundUp\FreeRTOS_GroundUp\48_SVCService\MXTmpFiles\system.tmp
2023-04-21 09:40:34,556 [INFO] CodeEngine:311 - oldGeneratedFile, C:\learning\FreeRTOS_GroundUp\FreeRTOS_GroundUp\48_SVCService\Core\Inc\stm32f4xx_hal_conf.h_save
2023-04-21 09:40:34,642 [INFO] CodeEngine:335 - Generated code: C:\learning\FreeRTOS_GroundUp\FreeRTOS_GroundUp\48_SVCService\Core\Inc\stm32f4xx_hal_conf.h
2023-04-21 09:40:34,675 [WARN] IPConfigManager:2937 - Warning: the RefConfig PLL2P_FOR_MCO is not available in your config.xml file
2023-04-21 09:40:34,696 [INFO] CodeEngine:255 - oldGeneratedFile, C:\learning\FreeRTOS_GroundUp\FreeRTOS_GroundUp\48_SVCService\Core\Inc\main.h_save
2023-04-21 09:40:34,806 [INFO] CodeEngine:279 - Generated code: C:\learning\FreeRTOS_GroundUp\FreeRTOS_GroundUp\48_SVCService\Core\Inc\main.h
2023-04-21 09:40:34,821 [INFO] CodeEngine:255 - oldGeneratedFile, C:\learning\FreeRTOS_GroundUp\FreeRTOS_GroundUp\48_SVCService\Core\Src\main.c_save
2023-04-21 09:40:35,007 [INFO] CodeEngine:279 - Generated code: C:\learning\FreeRTOS_GroundUp\FreeRTOS_GroundUp\48_SVCService\Core\Src\main.c
2023-04-21 09:40:36,225 [INFO] ProjectBuilder:2996 - Time for Copy HAL[1] : 456mS.
2023-04-21 09:40:36,232 [INFO] ProjectBuilder:4304 - Project Generator version: 3.19.2
2023-04-21 09:40:36,641 [INFO] ConfigFileManager:1483 - The Die is : DIE421
2023-04-21 09:40:38,597 [INFO] ProjectBuilder:4505 - Time for Generating toolchain IDE Files: 2365mS.
2023-04-21 09:40:38,599 [INFO] ProjectBuilder:2867 - Time for Copy CMSIS : 1mS.
2023-04-21 09:40:38,612 [INFO] ProjectBuilder:2867 - Time for Copy CMSIS : 0mS.
2023-04-21 09:40:57,976 [INFO] MainUpdater:2854 - connection check result : 10
2023-04-21 09:40:57,976 [INFO] MainUpdater:2854 - connection check result : 10
2023-04-21 09:40:58,082 [INFO] MicroXplorer:468 - Change Database Path : 
2023-04-21 09:40:58,082 [INFO] MicroXplorer:498 - Change Database Version : DB.6.0.80
2023-04-21 09:40:58,122 [WARN] ThirdParty:871 - waiting for thirdparty lock release [close project]
2023-04-21 09:40:58,122 [INFO] ThirdParty:873 - entering critical section [close project]
2023-04-21 09:40:58,122 [INFO] ThirdParty:883 - exiting critical section [close project]
2023-04-21 09:40:58,124 [INFO] PinOutPanel:1499 - setPackage(No Configuration,No Configuration)
2023-04-21 09:40:58,134 [WARN] IpParametersView:150 - Warning: This peripheral hasn't parameters
2023-04-21 09:40:58,137 [WARN] MainPanel:257 - <html><b><center>Warning: This peripheral has no parameters to be configured<br></b></html>
2023-04-21 09:40:58,140 [INFO] UtilMem:75 - Begin LoadConfig() Used Memory: 543530152 Bytes (856686592)
2023-04-21 09:40:58,141 [INFO] MicroXplorer:468 - Change Database Path : 
2023-04-21 09:40:58,141 [INFO] MicroXplorer:498 - Change Database Version : DB.6.0.80
2023-04-21 09:40:58,142 [INFO] OpenFileManager:308 - Change cursor
2023-04-21 09:40:58,156 [INFO] RulesReader:64 - Compatibility file has been processed (293 Rules)
2023-04-21 09:40:58,160 [INFO] Mcu:1937 - Initializing MCU STM32F446R(C-E)Tx STM32F446RETx STM32F446RET6
2023-04-21 09:40:59,773 [INFO] Context:659 - Trying to add GPIOservice into a context  which must be forbidden
2023-04-21 09:41:00,273 [INFO] RtosManager:555 - Registered RTOS mode: class=CMSIS, group=RTOS, mode=CMSIS_V1, owner=FREERTOS
2023-04-21 09:41:00,274 [INFO] RtosManager:555 - Registered RTOS mode: class=CMSIS, group=RTOS2, mode=CMSIS_V2, owner=FREERTOS
2023-04-21 09:41:00,274 [INFO] RtosManager:555 - Registered RTOS mode: class=RTOS, group=Core, mode=CMSIS_V1, owner=FREERTOS
2023-04-21 09:41:00,274 [INFO] RtosManager:555 - Registered RTOS mode: class=RTOS, group=Core, mode=CMSIS_V2, owner=FREERTOS
2023-04-21 09:41:00,274 [WARN] ModelIntegratedComponent:184 - Missing modes for component STMicroelectronics:FreeRTOS:0.0.1:STMicroelectronics:RTOS:FreeRTOS:Core:::10.2.0:
2023-04-21 09:41:00,287 [WARN] ModelIntegratedComponent:63 - No mode defined for component null
2023-04-21 09:41:00,287 [WARN] ModelIntegratedComponent:63 - No mode defined for component null
2023-04-21 09:41:00,287 [WARN] ModelIntegratedComponent:63 - No mode defined for component null
2023-04-21 09:41:00,287 [WARN] ModelIntegratedComponent:63 - No mode defined for component null
2023-04-21 09:41:00,287 [WARN] ModelIntegratedComponent:63 - No mode defined for component null
2023-04-21 09:41:00,288 [WARN] ModelIntegratedComponent:63 - No mode defined for component null
2023-04-21 09:41:00,288 [WARN] ModelIntegratedComponent:63 - No mode defined for component null
2023-04-21 09:41:00,288 [WARN] ModelIntegratedComponent:63 - No mode defined for component null
2023-04-21 09:41:00,288 [WARN] ModelIntegratedComponent:63 - No mode defined for component null
2023-04-21 09:41:00,288 [WARN] ModelIntegratedComponent:63 - No mode defined for component null
2023-04-21 09:41:00,288 [WARN] ModelIntegratedComponent:63 - No mode defined for component null
2023-04-21 09:41:00,288 [WARN] ModelIntegratedComponent:63 - No mode defined for component null
2023-04-21 09:41:00,288 [WARN] ModelIntegratedComponent:63 - No mode defined for component null
2023-04-21 09:41:00,288 [WARN] ModelIntegratedComponent:63 - No mode defined for component null
2023-04-21 09:41:00,288 [WARN] ModelIntegratedComponent:63 - No mode defined for component null
2023-04-21 09:41:00,288 [WARN] ModelIntegratedComponent:63 - No mode defined for component null
2023-04-21 09:41:00,288 [WARN] ModelIntegratedComponent:63 - No mode defined for component null
2023-04-21 09:41:00,288 [WARN] ModelIntegratedComponent:63 - No mode defined for component null
2023-04-21 09:41:00,288 [WARN] ModelIntegratedComponent:63 - No mode defined for component null
2023-04-21 09:41:00,288 [WARN] ModelIntegratedComponent:63 - No mode defined for component null
2023-04-21 09:41:00,288 [WARN] ModelIntegratedComponent:63 - No mode defined for component null
2023-04-21 09:41:00,288 [WARN] ModelIntegratedComponent:63 - No mode defined for component null
2023-04-21 09:41:00,288 [WARN] ModelIntegratedComponent:63 - No mode defined for component null
2023-04-21 09:41:00,288 [WARN] ModelIntegratedComponent:63 - No mode defined for component null
2023-04-21 09:41:00,288 [WARN] ModelIntegratedComponent:63 - No mode defined for component null
2023-04-21 09:41:00,289 [WARN] ModelIntegratedComponent:63 - No mode defined for component null
2023-04-21 09:41:00,289 [WARN] ModelIntegratedComponent:63 - No mode defined for component null
2023-04-21 09:41:00,289 [WARN] ModelIntegratedComponent:63 - No mode defined for component null
2023-04-21 09:41:00,289 [WARN] ModelIntegratedComponent:63 - No mode defined for component null
2023-04-21 09:41:00,289 [WARN] ModelIntegratedComponent:63 - No mode defined for component null
2023-04-21 09:41:00,289 [WARN] ModelIntegratedComponent:63 - No mode defined for component null
2023-04-21 09:41:00,289 [WARN] ModelIntegratedComponent:63 - No mode defined for component null
2023-04-21 09:41:00,289 [WARN] ModelIntegratedComponent:63 - No mode defined for component null
2023-04-21 09:41:00,494 [INFO] ThirdPartyModel:298 - Start build external matchings
2023-04-21 09:41:02,064 [INFO] ThirdPartyModel:316 - End build external matchings
2023-04-21 09:41:02,084 [INFO] RtosManager:919 - Current active RTOS is FREERTOS [Cortex-M4NS]
2023-04-21 09:41:02,087 [INFO] ImportTextPane:194 - (OptionalMessage_ERROR) IP (RCC) : Invalid parameter (48MHZClocksFreq_Value)
2023-04-21 09:41:02,088 [INFO] ImportTextPane:194 - (OptionalMessage_ERROR) IP (RCC) : Invalid parameter (EthernetFreq_Value)
2023-04-21 09:41:02,088 [INFO] ImportTextPane:194 - (OptionalMessage_ERROR) IP (RCC) : Parameter (FLatency) has Id (AdvancedSettings) currently not set
2023-04-21 09:41:02,088 [INFO] ImportTextPane:194 - (OptionalMessage_ERROR) IP (RCC) : Invalid parameter (FamilyName)
2023-04-21 09:41:02,088 [INFO] ImportTextPane:194 - (OptionalMessage_ERROR) IP (RCC) : Invalid parameter (I2SClocksFreq_Value)
2023-04-21 09:41:02,089 [INFO] ImportTextPane:194 - (OptionalMessage_ERROR) IP (RCC) : Parameter (SDIOFreq_Value) has invalid value (168000000)
2023-04-21 09:41:02,089 [INFO] ImportTextPane:194 - (OptionalMessage_ERROR) IP (RCC) : Parameter (USBFreq_Value) has invalid value (168000000)
2023-04-21 09:41:02,089 [INFO] ImportTextPane:194 - (OptionalMessage_ERROR) IP (RCC) : Invalid parameter (VCOInputMFreq_Value)
2023-04-21 09:41:02,089 [INFO] ImportTextPane:194 - (OptionalMessage_ERROR) IP (RCC) : Invalid parameter (VcooutputI2S)
2023-04-21 09:41:02,405 [INFO] UtilMem:75 - End LoadConfig() Used Memory: 621159672 Bytes (856686592)
2023-04-21 09:41:02,457 [WARN] ThirdParty:833 - waiting for thirdparty lock release [change project]
2023-04-21 09:41:02,457 [INFO] ThirdParty:835 - entering critical section [change project]
2023-04-21 09:41:02,457 [INFO] ThirdParty:1030 - CMSIS Pack Vendor :STMicroelectronics X-CUBE-ISPU 1.1.0
2023-04-21 09:41:02,457 [INFO] ThirdParty:1030 - CMSIS Pack Vendor :RoweBots I-CUBE-UNISONRTOS 5.5.0-4
2023-04-21 09:41:02,457 [INFO] ThirdParty:1030 - CMSIS Pack Vendor :STMicroelectronics X-CUBE-GNSS1 6.0.0
2023-04-21 09:41:02,458 [INFO] ThirdParty:1030 - CMSIS Pack Vendor :STMicroelectronics X-CUBE-AZRTOS-H7 2.1.0
2023-04-21 09:41:02,458 [INFO] ThirdParty:1030 - CMSIS Pack Vendor :STMicroelectronics USB_HOST 2.0.0
2023-04-21 09:41:02,458 [INFO] ThirdParty:1030 - CMSIS Pack Vendor :STMicroelectronics X-CUBE-AZRTOS-F4 1.1.0
2023-04-21 09:41:02,458 [INFO] ThirdParty:1030 - CMSIS Pack Vendor :STMicroelectronics LIBJPEG 8.0.0
2023-04-21 09:41:02,458 [INFO] ThirdParty:1030 - CMSIS Pack Vendor :wolfSSL I-CUBE-wolfSSL 5.4.0
2023-04-21 09:41:02,458 [INFO] ThirdParty:1030 - CMSIS Pack Vendor :STMicroelectronics X-CUBE-SMBUS 2.1.0
2023-04-21 09:41:02,458 [INFO] ThirdParty:1030 - CMSIS Pack Vendor :STMicroelectronics USB_DEVICE 3.0.0
2023-04-21 09:41:02,458 [INFO] ThirdParty:1030 - CMSIS Pack Vendor :STMicroelectronics X-CUBE-AI 8.0.0
2023-04-21 09:41:02,458 [INFO] ThirdParty:1030 - CMSIS Pack Vendor :STMicroelectronics X-CUBE-FREERTOS 1.0.0
2023-04-21 09:41:02,458 [INFO] ThirdParty:1030 - CMSIS Pack Vendor :STMicroelectronics X-CUBE-FREERTOS 1.0.1
2023-04-21 09:41:02,458 [INFO] ThirdParty:1030 - CMSIS Pack Vendor :STMicroelectronics X-CUBE-TOUCHGFX 4.21.1
2023-04-21 09:41:02,458 [INFO] ThirdParty:1030 - CMSIS Pack Vendor :STMicroelectronics X-CUBE-TOUCHGFX 4.21.0
2023-04-21 09:41:02,458 [INFO] ThirdParty:1030 - CMSIS Pack Vendor :STMicroelectronics X-CUBE-TOUCHGFX 4.21.3
2023-04-21 09:41:02,458 [INFO] ThirdParty:1030 - CMSIS Pack Vendor :STMicroelectronics X-CUBE-BLEMGR 1.0.0
2023-04-21 09:41:02,458 [INFO] ThirdParty:1030 - CMSIS Pack Vendor :STMicroelectronics X-CUBE-BLEMGR 1.2.0
2023-04-21 09:41:02,459 [INFO] ThirdParty:1030 - CMSIS Pack Vendor :STMicroelectronics X-CUBE-AZRTOS-F7 1.1.0
2023-04-21 09:41:02,459 [INFO] ThirdParty:1030 - CMSIS Pack Vendor :STMicroelectronics X-CUBE-MEMS1 9.4.0
2023-04-21 09:41:02,459 [INFO] ThirdParty:1030 - CMSIS Pack Vendor :STMicroelectronics USB_DEVICE 2.0.0
2023-04-21 09:41:02,459 [INFO] ThirdParty:1030 - CMSIS Pack Vendor :STMicroelectronics X-CUBE-AI 7.3.0
2023-04-21 09:41:02,459 [INFO] ThirdParty:1030 - CMSIS Pack Vendor :STMicroelectronics X-CUBE-BLE1 6.2.3
2023-04-21 09:41:02,459 [INFO] ThirdParty:1030 - CMSIS Pack Vendor :STMicroelectronics X-CUBE-ALGOBUILD 1.3.0
2023-04-21 09:41:02,459 [INFO] ThirdParty:1030 - CMSIS Pack Vendor :STMicroelectronics X-CUBE-BLE1 6.2.4
2023-04-21 09:41:02,460 [INFO] ThirdParty:1030 - CMSIS Pack Vendor :STMicroelectronics X-CUBE-AZRTOS-L5 1.1.0
2023-04-21 09:41:02,460 [INFO] ThirdParty:1030 - CMSIS Pack Vendor :STMicroelectronics FreeRTOS 0.0.1
2023-04-21 09:41:02,460 [INFO] ThirdParty:1030 - CMSIS Pack Vendor :STMicroelectronics X-CUBE-AZRTOS-G0 1.1.0
2023-04-21 09:41:02,460 [INFO] ThirdParty:1030 - CMSIS Pack Vendor :STMicroelectronics X-CUBE-BLEMGR 2.0.0
2023-04-21 09:41:02,460 [INFO] ThirdParty:1030 - CMSIS Pack Vendor :STMicroelectronics X-CUBE-SUBG2 5.0.0
2023-04-21 09:41:02,460 [INFO] ThirdParty:1030 - CMSIS Pack Vendor :STMicroelectronics X-CUBE-NFC4 3.0.0
2023-04-21 09:41:02,460 [INFO] ThirdParty:1030 - CMSIS Pack Vendor :SEGGER I-CUBE-embOS 1.2.0
2023-04-21 09:41:02,460 [INFO] ThirdParty:1030 - CMSIS Pack Vendor :STMicroelectronics STM32_WPAN 1.0.0
2023-04-21 09:41:02,460 [INFO] ThirdParty:1030 - CMSIS Pack Vendor :STMicroelectronics lwIP 2.0.3
2023-04-21 09:41:02,460 [INFO] ThirdParty:1030 - CMSIS Pack Vendor :STMicroelectronics X-CUBE-NFC4 2.0.5
2023-04-21 09:41:02,460 [INFO] ThirdParty:1030 - CMSIS Pack Vendor :STMicroelectronics X-CUBE-NFC4 2.0.4
2023-04-21 09:41:02,460 [INFO] ThirdParty:1030 - CMSIS Pack Vendor :STMicroelectronics USB_HOST 1.0.0
2023-04-21 09:41:02,460 [INFO] ThirdParty:1030 - CMSIS Pack Vendor :STMicroelectronics PDM2PCM 3.1.0
2023-04-21 09:41:02,460 [INFO] ThirdParty:1030 - CMSIS Pack Vendor :STMicroelectronics X-CUBE-AZRTOS-H7 3.1.0
2023-04-21 09:41:02,460 [INFO] ThirdParty:1030 - CMSIS Pack Vendor :STMicroelectronics X-CUBE-TOF1 3.3.0
2023-04-21 09:41:02,461 [INFO] ThirdParty:1030 - CMSIS Pack Vendor :STMicroelectronics FP-ATR-ASTRA1 1.1.1
2023-04-21 09:41:02,461 [INFO] ThirdParty:1030 - CMSIS Pack Vendor :STMicroelectronics PDM2PCM 3.3.0
2023-04-21 09:41:02,461 [INFO] ThirdParty:1030 - CMSIS Pack Vendor :STMicroelectronics X-CUBE-TOF1 3.1.0
2023-04-21 09:41:02,461 [INFO] ThirdParty:1030 - CMSIS Pack Vendor :STMicroelectronics FP-ATR-ASTRA1 1.1.0
2023-04-21 09:41:02,461 [INFO] ThirdParty:1030 - CMSIS Pack Vendor :STMicroelectronics X-CUBE-DISPLAY 3.0.0
2023-04-21 09:41:02,461 [INFO] ThirdParty:1030 - CMSIS Pack Vendor :STMicroelectronics X-CUBE-BLEMGR 1.3.0
2023-04-21 09:41:02,461 [INFO] ThirdParty:1030 - CMSIS Pack Vendor :STMicroelectronics X-CUBE-AZRTOS-F4 1.0.0
2023-04-21 09:41:02,461 [INFO] ThirdParty:1030 - CMSIS Pack Vendor :STMicroelectronics X-CUBE-AZRTOS-G4 1.0.0
2023-04-21 09:41:02,462 [INFO] ThirdParty:1030 - CMSIS Pack Vendor :STMicroelectronics FP-ATR-SIGFOX1 3.2.0
2023-04-21 09:41:02,462 [INFO] ThirdParty:1030 - CMSIS Pack Vendor :STMicroelectronics X-CUBE-AZRTOS-L4 1.0.0
2023-04-21 09:41:02,462 [INFO] ThirdParty:1030 - CMSIS Pack Vendor :STMicroelectronics HAL Drivers 0.0.0
2023-04-21 09:41:02,462 [INFO] ThirdParty:1030 - CMSIS Pack Vendor :STMicroelectronics MBEDTLS 2.16.2
2023-04-21 09:41:02,462 [INFO] ThirdParty:1030 - CMSIS Pack Vendor :emotas I-CUBE-CANOPEN 1.1.2
2023-04-21 09:41:02,462 [INFO] ThirdParty:1030 - CMSIS Pack Vendor :STMicroelectronics X-CUBE-TOUCHGFX 4.20.0
2023-04-21 09:41:02,462 [INFO] ThirdParty:1030 - CMSIS Pack Vendor :STMicroelectronics MBEDTLS 2.14.1
2023-04-21 09:41:02,462 [INFO] ThirdParty:1030 - CMSIS Pack Vendor :STMicroelectronics X-CUBE-NFC7 1.0.0
2023-04-21 09:41:02,462 [INFO] ThirdParty:1030 - CMSIS Pack Vendor :STMicroelectronics X-CUBE-AZRTOS-WL 1.0.0
2023-04-21 09:41:02,463 [INFO] ThirdParty:1030 - CMSIS Pack Vendor :STMicroelectronics X-CUBE-MEMS1 9.3.0
2023-04-21 09:41:02,463 [INFO] ThirdParty:1030 - CMSIS Pack Vendor :STMicroelectronics X-CUBE-EEPRMA1 4.1.0
2023-04-21 09:41:02,463 [INFO] ThirdParty:1030 - CMSIS Pack Vendor :portGmbH I-Cube-SoM-uGOAL 1.1.0
2023-04-21 09:41:02,463 [INFO] ThirdParty:1030 - CMSIS Pack Vendor :STMicroelectronics X-CUBE-ALS 1.0.1
2023-04-21 09:41:02,463 [INFO] ThirdParty:1030 - CMSIS Pack Vendor :STMicroelectronics X-CUBE-AI 7.2.0
2023-04-21 09:41:02,463 [INFO] ThirdParty:1030 - CMSIS Pack Vendor :STMicroelectronics X-CUBE-MEMS1 9.5.0
2023-04-21 09:41:02,463 [INFO] ThirdParty:1030 - CMSIS Pack Vendor :STMicroelectronics ThreadX 1.0.0
2023-04-21 09:41:02,463 [INFO] ThirdParty:1030 - CMSIS Pack Vendor :STMicroelectronics X-CUBE-AZRTOS-WB 1.1.0
2023-04-21 09:41:02,463 [INFO] ThirdParty:1030 - CMSIS Pack Vendor :SEGGER I-CUBE-embOS 1.3.1
2023-04-21 09:41:02,463 [INFO] ThirdParty:1030 - CMSIS Pack Vendor :STMicroelectronics X-CUBE-AZRTOS-L5 1.0.0
2023-04-21 09:41:02,463 [INFO] ThirdParty:1030 - CMSIS Pack Vendor :STMicroelectronics USB_DEVICE 1.0.0
2023-04-21 09:41:02,463 [INFO] ThirdParty:1030 - CMSIS Pack Vendor :STMicroelectronics X-CUBE-EEPRMA1 3.1.1
2023-04-21 09:41:02,464 [INFO] ThirdParty:1030 - CMSIS Pack Vendor :STMicroelectronics ThreadX 0.0.2
2023-04-21 09:41:02,464 [INFO] ThirdParty:1030 - CMSIS Pack Vendor :WES I-CUBE-Cesium 1.3.0
2023-04-21 09:41:02,464 [INFO] ThirdParty:1030 - CMSIS Pack Vendor :STMicroelectronics FP-ATR-ASTRA1 2.0.0
2023-04-21 09:41:02,464 [INFO] ThirdParty:1030 - CMSIS Pack Vendor :STMicroelectronics lwIP 2.1.2
2023-04-21 09:41:02,464 [INFO] ThirdParty:1030 - CMSIS Pack Vendor :STMicroelectronics X-CUBE-SFXS2LP1 4.0.0
2023-04-21 09:41:02,464 [INFO] ThirdParty:1030 - CMSIS Pack Vendor :STMicroelectronics X-CUBE-BLE2 3.3.0
2023-04-21 09:41:02,464 [INFO] ThirdParty:1030 - CMSIS Pack Vendor :STMicroelectronics X-CUBE-DISPLAY 2.2.0
2023-04-21 09:41:02,464 [INFO] ThirdParty:1030 - CMSIS Pack Vendor :STMicroelectronics X-CUBE-TOF1 3.2.0
2023-04-21 09:41:02,464 [INFO] ThirdParty:1030 - CMSIS Pack Vendor :STMicroelectronics PDM2PCM 3.2.0
2023-04-21 09:41:02,464 [INFO] ThirdParty:1030 - CMSIS Pack Vendor :STMicroelectronics X-CUBE-AZRTOS-H7 3.0.0
2023-04-21 09:41:02,464 [INFO] ThirdParty:1030 - CMSIS Pack Vendor :STMicroelectronics X-CUBE-ISPU 1.0.0
2023-04-21 09:41:02,465 [INFO] ThirdParty:841 - exiting critical section [change project]
2023-04-21 09:41:02,672 [INFO] PinOutPanel:1499 - setPackage(No Configuration,No Configuration)
2023-04-21 09:41:02,673 [INFO] PinOutPanel:1499 - setPackage(STM32F446RETx,LQFP64)
2023-04-21 09:41:03,065 [INFO] UtilMem:75 - Before build in PCC Used Memory: 491504976 Bytes (856686592)
2023-04-21 09:41:03,322 [INFO] UtilMem:75 - After build in PCC Used Memory: 541310288 Bytes (856686592)
2023-04-21 09:41:03,327 [INFO] ApiDbMcu:507 - Load IP Config File for FREERTOS
2023-04-21 09:41:03,357 [INFO] IPUIPlugin:80 - create IPUIPlugin
2023-04-21 09:41:03,357 [INFO] IPUIPlugin:80 - create IPUIPlugin
2023-04-21 09:41:03,357 [INFO] IPUIPlugin:80 - create IPUIPlugin
2023-04-21 09:41:03,357 [INFO] IPUIPlugin:80 - create IPUIPlugin
2023-04-21 09:41:03,357 [INFO] IPUIPlugin:80 - create IPUIPlugin
2023-04-21 09:41:03,357 [INFO] IPUIPlugin:80 - create IPUIPlugin
2023-04-21 09:41:03,357 [INFO] IPUIPlugin:80 - create IPUIPlugin
2023-04-21 09:41:03,358 [INFO] IPUIPlugin:80 - create IPUIPlugin
2023-04-21 09:41:03,358 [INFO] IPUIPlugin:80 - create IPUIPlugin
2023-04-21 09:41:03,358 [INFO] IPUIPlugin:80 - create IPUIPlugin
2023-04-21 09:41:03,358 [INFO] IPUIPlugin:80 - create IPUIPlugin
2023-04-21 09:41:03,358 [INFO] IPUIPlugin:80 - create IPUIPlugin
2023-04-21 09:41:03,358 [INFO] IPUIPlugin:80 - create IPUIPlugin
2023-04-21 09:41:03,358 [INFO] IPUIPlugin:80 - create IPUIPlugin
2023-04-21 09:41:03,358 [INFO] IPUIPlugin:80 - create IPUIPlugin
2023-04-21 09:41:03,358 [INFO] IPUIPlugin:80 - create IPUIPlugin
2023-04-21 09:41:03,358 [INFO] IPUIPlugin:80 - create IPUIPlugin
2023-04-21 09:41:03,359 [INFO] IPUIPlugin:80 - create IPUIPlugin
2023-04-21 09:41:03,359 [INFO] IPUIPlugin:80 - create IPUIPlugin
2023-04-21 09:41:03,359 [INFO] IPUIPlugin:80 - create IPUIPlugin
2023-04-21 09:41:03,359 [INFO] IPUIPlugin:80 - create IPUIPlugin
2023-04-21 09:41:03,359 [INFO] IPUIPlugin:80 - create IPUIPlugin
2023-04-21 09:41:03,359 [INFO] IPUIPlugin:80 - create IPUIPlugin
2023-04-21 09:41:03,359 [INFO] IPUIPlugin:80 - create IPUIPlugin
2023-04-21 09:41:03,360 [INFO] IPUIPlugin:80 - create IPUIPlugin
2023-04-21 09:41:03,360 [INFO] IPUIPlugin:80 - create IPUIPlugin
2023-04-21 09:41:03,360 [INFO] IPUIPlugin:80 - create IPUIPlugin
2023-04-21 09:41:03,360 [INFO] IPUIPlugin:80 - create IPUIPlugin
2023-04-21 09:41:03,360 [INFO] IPUIPlugin:80 - create IPUIPlugin
2023-04-21 09:41:03,360 [INFO] IPUIPlugin:80 - create IPUIPlugin
2023-04-21 09:41:03,361 [INFO] IPUIPlugin:80 - create IPUIPlugin
2023-04-21 09:41:03,361 [INFO] IPUIPlugin:80 - create IPUIPlugin
2023-04-21 09:41:03,361 [INFO] IPUIPlugin:80 - create IPUIPlugin
2023-04-21 09:41:03,361 [INFO] IPUIPlugin:80 - create IPUIPlugin
2023-04-21 09:41:03,362 [INFO] IPUIPlugin:80 - create IPUIPlugin
2023-04-21 09:41:03,362 [INFO] IPUIPlugin:80 - create IPUIPlugin
2023-04-21 09:41:03,363 [INFO] IPUIPlugin:80 - create IPUIPlugin
2023-04-21 09:41:03,363 [INFO] IPUIPlugin:80 - create IPUIPlugin
2023-04-21 09:41:03,364 [INFO] IPUIPlugin:80 - create IPUIPlugin
2023-04-21 09:41:03,364 [INFO] IPUIPlugin:80 - create IPUIPlugin
2023-04-21 09:41:03,364 [INFO] IPUIPlugin:80 - create IPUIPlugin
2023-04-21 09:41:03,364 [INFO] IPUIPlugin:80 - create IPUIPlugin
2023-04-21 09:41:03,365 [INFO] IPUIPlugin:80 - create IPUIPlugin
2023-04-21 09:41:03,365 [INFO] IPUIPlugin:80 - create IPUIPlugin
2023-04-21 09:41:03,365 [INFO] IPUIPlugin:80 - create IPUIPlugin
2023-04-21 09:41:03,365 [INFO] IPUIPlugin:80 - create IPUIPlugin
2023-04-21 09:41:03,366 [INFO] IPUIPlugin:80 - create IPUIPlugin
2023-04-21 09:41:03,366 [INFO] IPUIPlugin:80 - create IPUIPlugin
2023-04-21 09:41:03,366 [INFO] IPUIPlugin:80 - create IPUIPlugin
2023-04-21 09:41:03,367 [INFO] IPUIPlugin:80 - create IPUIPlugin
2023-04-21 09:41:03,367 [INFO] IPUIPlugin:80 - create IPUIPlugin
2023-04-21 09:41:03,367 [INFO] IPUIPlugin:80 - create IPUIPlugin
2023-04-21 09:41:03,367 [INFO] IPUIPlugin:80 - create IPUIPlugin
2023-04-21 09:41:03,368 [INFO] IPUIPlugin:80 - create IPUIPlugin
2023-04-21 09:41:03,368 [INFO] IPUIPlugin:80 - create IPUIPlugin
2023-04-21 09:41:03,369 [INFO] IPUIPlugin:80 - create IPUIPlugin
2023-04-21 09:41:03,369 [INFO] IPUIPlugin:80 - create IPUIPlugin
2023-04-21 09:41:03,369 [INFO] IPUIPlugin:80 - create IPUIPlugin
2023-04-21 09:41:03,370 [INFO] IPUIPlugin:80 - create IPUIPlugin
2023-04-21 09:41:03,371 [INFO] IPUIPlugin:80 - create IPUIPlugin
2023-04-21 09:41:03,376 [INFO] ApiDbMcu:507 - Load IP Config File for PDM2PCM
2023-04-21 09:41:03,385 [WARN] FreeRTOS:1023 - Null or empty value: should not occur! (nothing added to the table)
2023-04-21 09:41:03,464 [INFO] CADModel:165 - CPN selected for project levelSTM32F446RET6
2023-04-21 09:41:03,464 [INFO] CADModel:114 - Register for checkConnection events
2023-04-21 09:41:03,466 [INFO] RtosManager:697 - Active RTOS found at IOC load: FREERTOS [Cortex-M4NS]
2023-04-21 09:41:03,524 [INFO] OpenFileManager:328 - Restore cursor
2023-04-21 09:41:12,945 [ERROR] RtosPanel:558 - Can not restore the selected Tab for FREERTOS(A reason can be that the tab is no more available.)
2023-04-21 09:41:14,225 [INFO] RtosManager:930 - There is no active RTOS [Cortex-M4NS]
2023-04-21 09:41:15,589 [INFO] UtilMem:75 - End SaveConfig() Used Memory: 436890128 Bytes (856686592)
2023-04-21 09:41:16,882 [INFO] UtilMem:75 - End SaveConfig() Used Memory: 461529616 Bytes (856686592)
2023-04-21 09:41:18,225 [INFO] UtilMem:75 - End SaveConfig() Used Memory: 519201296 Bytes (856686592)
2023-04-21 09:41:18,543 [INFO] BlockDiagram:2759 - set Specific Code input for plugin: SYS
2023-04-21 09:41:18,543 [INFO] BlockDiagram:2759 - set Specific Code input for plugin: RCC
2023-04-21 09:41:18,543 [INFO] BlockDiagram:2759 - set Specific Code input for plugin: NVIC
2023-04-21 09:41:18,543 [INFO] BlockDiagram:2759 - set Specific Code input for plugin: USART
2023-04-21 09:41:18,544 [INFO] BlockDiagram:2759 - set Specific Code input for plugin: GPIO
2023-04-21 09:41:18,545 [INFO] CodeGenerator:793 - code generatio: config db path: C:\ST\STM32CubeIDE_1.9.0\STM32CubeIDE\plugins\com.st.stm32cube.common.mx_6.8.0.202302231600\\db\
2023-04-21 09:41:18,756 [INFO] CodeEngine:255 - oldGeneratedFile, C:\learning\FreeRTOS_GroundUp\FreeRTOS_GroundUp\48_SVCService\MXTmpFiles\license.tmp_save
2023-04-21 09:41:18,861 [INFO] CodeEngine:279 - Generated code: C:\learning\FreeRTOS_GroundUp\FreeRTOS_GroundUp\48_SVCService\MXTmpFiles\license.tmp
2023-04-21 09:41:19,001 [INFO] CodeEngine:255 - oldGeneratedFile, C:\learning\FreeRTOS_GroundUp\FreeRTOS_GroundUp\48_SVCService\MXTmpFiles\gpio.tmp_save
2023-04-21 09:41:19,085 [INFO] CodeEngine:279 - Generated code: C:\learning\FreeRTOS_GroundUp\FreeRTOS_GroundUp\48_SVCService\MXTmpFiles\gpio.tmp
2023-04-21 09:41:19,137 [INFO] CodeEngine:255 - oldGeneratedFile, C:\learning\FreeRTOS_GroundUp\FreeRTOS_GroundUp\48_SVCService\Core\Src\stm32f4xx_it.c_save
2023-04-21 09:41:19,312 [INFO] CodeEngine:279 - Generated code: C:\learning\FreeRTOS_GroundUp\FreeRTOS_GroundUp\48_SVCService\Core\Src\stm32f4xx_it.c
2023-04-21 09:41:19,324 [INFO] CodeEngine:255 - oldGeneratedFile, C:\learning\FreeRTOS_GroundUp\FreeRTOS_GroundUp\48_SVCService\Core\Inc\stm32f4xx_it.h_save
2023-04-21 09:41:19,412 [INFO] CodeEngine:279 - Generated code: C:\learning\FreeRTOS_GroundUp\FreeRTOS_GroundUp\48_SVCService\Core\Inc\stm32f4xx_it.h
2023-04-21 09:41:19,434 [INFO] CodeEngine:255 - oldGeneratedFile, C:\learning\FreeRTOS_GroundUp\FreeRTOS_GroundUp\48_SVCService\Core\Src\stm32f4xx_hal_msp.c_save
2023-04-21 09:41:19,567 [INFO] CodeEngine:279 - Generated code: C:\learning\FreeRTOS_GroundUp\FreeRTOS_GroundUp\48_SVCService\Core\Src\stm32f4xx_hal_msp.c
2023-04-21 09:41:19,576 [INFO] CodeEngine:255 - oldGeneratedFile, C:\learning\FreeRTOS_GroundUp\FreeRTOS_GroundUp\48_SVCService\MXTmpFiles\system.tmp_save
2023-04-21 09:41:19,644 [INFO] CodeEngine:279 - Generated code: C:\learning\FreeRTOS_GroundUp\FreeRTOS_GroundUp\48_SVCService\MXTmpFiles\system.tmp
2023-04-21 09:41:19,662 [INFO] CodeEngine:311 - oldGeneratedFile, C:\learning\FreeRTOS_GroundUp\FreeRTOS_GroundUp\48_SVCService\Core\Inc\stm32f4xx_hal_conf.h_save
2023-04-21 09:41:19,748 [INFO] CodeEngine:335 - Generated code: C:\learning\FreeRTOS_GroundUp\FreeRTOS_GroundUp\48_SVCService\Core\Inc\stm32f4xx_hal_conf.h
2023-04-21 09:41:19,773 [WARN] IPConfigManager:2937 - Warning: the RefConfig PLL2P_FOR_MCO is not available in your config.xml file
2023-04-21 09:41:19,791 [INFO] CodeEngine:255 - oldGeneratedFile, C:\learning\FreeRTOS_GroundUp\FreeRTOS_GroundUp\48_SVCService\Core\Inc\main.h_save
2023-04-21 09:41:19,867 [INFO] CodeEngine:279 - Generated code: C:\learning\FreeRTOS_GroundUp\FreeRTOS_GroundUp\48_SVCService\Core\Inc\main.h
2023-04-21 09:41:19,877 [INFO] CodeEngine:255 - oldGeneratedFile, C:\learning\FreeRTOS_GroundUp\FreeRTOS_GroundUp\48_SVCService\Core\Src\main.c_save
2023-04-21 09:41:20,015 [INFO] CodeEngine:279 - Generated code: C:\learning\FreeRTOS_GroundUp\FreeRTOS_GroundUp\48_SVCService\Core\Src\main.c
2023-04-21 09:41:21,006 [INFO] ProjectBuilder:2996 - Time for Copy HAL[1] : 343mS.
2023-04-21 09:41:21,013 [INFO] ProjectBuilder:4304 - Project Generator version: 3.19.2
2023-04-21 09:41:21,518 [INFO] ConfigFileManager:1483 - The Die is : DIE421
2023-04-21 09:41:21,521 [INFO] ApiDbMcu:507 - Load IP Config File for FATFS
2023-04-21 09:41:21,523 [INFO] ApiDbMcu:507 - Load IP Config File for LIBJPEG
2023-04-21 09:41:21,529 [INFO] ApiDbMcu:507 - Load IP Config File for MBEDTLS
2023-04-21 09:41:21,541 [INFO] ApiDbMcu:507 - Load IP Config File for USB_DEVICE
2023-04-21 09:41:21,545 [INFO] ApiDbMcu:507 - Load IP Config File for USB_HOST
2023-04-21 09:41:23,416 [INFO] ProjectBuilder:4505 - Time for Generating toolchain IDE Files: 2403mS.
2023-04-21 09:41:23,417 [INFO] ProjectBuilder:2867 - Time for Copy CMSIS : 1mS.
2023-04-21 09:41:23,424 [INFO] ProjectBuilder:2867 - Time for Copy CMSIS : 0mS.
