2023-04-12 13:07:08,631 [INFO] ApplicationProperties:184 - Using Application install path: C:\ST\STM32CubeIDE_1.9.0\STM32CubeIDE\plugins\com.st.stm32cube.common.mx_6.8.0.202302231600
2023-04-12 13:07:08,663 [INFO] DbMcusXml:78 - Set database path to: C:\ST\STM32CubeIDE_1.9.0\STM32CubeIDE\plugins\com.st.stm32cube.common.mx_6.8.0.202302231600\\db\/mcu/
2023-04-12 13:07:08,663 [INFO] ApiDb:274 - Set plugin database path to: C:\ST\STM32CubeIDE_1.9.0\STM32CubeIDE\plugins\com.st.stm32cube.common.mx_6.8.0.202302231600\\db\/plugins/boardmanager/
2023-04-12 13:07:08,665 [WARN] ApiDb:259 - Overriding images path with different value:  => C:\ST\STM32CubeIDE_1.9.0\STM32CubeIDE\plugins\com.st.stm32cube.common.mx_6.8.0.202302231600\\db\/plugins/mcufinder/images/
2023-04-12 13:07:08,683 [INFO] ApiDb:250 - Set database path to: C:\Users\hsuankai.chang\.stmcufinder\plugins\mcufinder//mcu/
2023-04-12 13:07:08,685 [INFO] DbMcusAds:125 - Set database path to: C:\Users\hsuankai.chang\.stmcufinder\plugins\mcufinder//mcu/
2023-04-12 13:07:08,708 [INFO] CrossReferenceDbSqlite:203 - Set database path to: C:\Users\hsuankai.chang\.stmcufinder\plugins\mcufinder//mcu/cs/
2023-04-12 13:07:08,841 [INFO] RulesReader:64 - Compatibility file has been processed (293 Rules)
2023-04-12 13:07:08,955 [INFO] DbMcusXml:78 - Set database path to: C:\ST\STM32CubeIDE_1.9.0\STM32CubeIDE\plugins\com.st.stm32cube.common.mx_6.8.0.202302231600\\db\/mcu/
2023-04-12 13:07:08,955 [INFO] ApiDb:274 - Set plugin database path to: C:\ST\STM32CubeIDE_1.9.0\STM32CubeIDE\plugins\com.st.stm32cube.common.mx_6.8.0.202302231600\\db\/plugins/boardmanager/
2023-04-12 13:07:08,955 [INFO] ApiDb:261 - Set plugin images path to: C:\ST\STM32CubeIDE_1.9.0\STM32CubeIDE\plugins\com.st.stm32cube.common.mx_6.8.0.202302231600\\db\/plugins/mcufinder/images/
2023-04-12 13:07:08,956 [WARN] DbFile:41 - Overriding database path with different value: C:\Users\hsuankai.chang\.stmcufinder\plugins\mcufinder/ => C:\Users\hsuankai.chang\.stmcufinder\plugins\mcufinder
2023-04-12 13:07:08,956 [INFO] ApiDb:250 - Set database path to: C:\Users\hsuankai.chang\.stmcufinder\plugins\mcufinder//mcu/
2023-04-12 13:07:08,956 [WARN] DbFile:41 - Overriding database path with different value: C:\Users\hsuankai.chang\.stmcufinder\plugins\mcufinder/ => C:\Users\hsuankai.chang\.stmcufinder\plugins\mcufinder
2023-04-12 13:07:08,956 [INFO] DbMcusAds:125 - Set database path to: C:\Users\hsuankai.chang\.stmcufinder\plugins\mcufinder//mcu/
2023-04-12 13:07:08,957 [WARN] DbFile:41 - Overriding database path with different value: C:\Users\hsuankai.chang\.stmcufinder\plugins\mcufinder/ => C:\Users\hsuankai.chang\.stmcufinder\plugins\mcufinder
2023-04-12 13:07:08,957 [WARN] DbFile:41 - Overriding database path with different value: C:\Users\hsuankai.chang\.stmcufinder\plugins\mcufinder/ => C:\Users\hsuankai.chang\.stmcufinder\plugins\mcufinder
2023-04-12 13:07:08,957 [INFO] CrossReferenceDbSqlite:203 - Set database path to: C:\Users\hsuankai.chang\.stmcufinder\plugins\mcufinder//mcu/cs/
2023-04-12 13:07:09,053 [INFO] MainPanel:253 - HeapMemory: 510656512
2023-04-12 13:07:09,163 [INFO] DbMcusXml:78 - Set database path to: C:\ST\STM32CubeIDE_1.9.0\STM32CubeIDE\plugins\com.st.stm32cube.common.mx_6.8.0.202302231600\\db\/mcu/
2023-04-12 13:07:09,163 [INFO] ApiDb:274 - Set plugin database path to: C:\ST\STM32CubeIDE_1.9.0\STM32CubeIDE\plugins\com.st.stm32cube.common.mx_6.8.0.202302231600\\db\/plugins/boardmanager/
2023-04-12 13:07:09,163 [INFO] ApiDb:261 - Set plugin images path to: C:\ST\STM32CubeIDE_1.9.0\STM32CubeIDE\plugins\com.st.stm32cube.common.mx_6.8.0.202302231600\\db\/plugins/mcufinder/images/
2023-04-12 13:07:09,166 [WARN] DbFile:41 - Overriding database path with different value: C:\Users\hsuankai.chang\.stmcufinder\plugins\mcufinder/ => C:\Users\hsuankai.chang\.stmcufinder\plugins\mcufinder
2023-04-12 13:07:09,166 [INFO] ApiDb:250 - Set database path to: C:\Users\hsuankai.chang\.stmcufinder\plugins\mcufinder//mcu/
2023-04-12 13:07:09,166 [WARN] DbFile:41 - Overriding database path with different value: C:\Users\hsuankai.chang\.stmcufinder\plugins\mcufinder/ => C:\Users\hsuankai.chang\.stmcufinder\plugins\mcufinder
2023-04-12 13:07:09,167 [INFO] DbMcusAds:125 - Set database path to: C:\Users\hsuankai.chang\.stmcufinder\plugins\mcufinder//mcu/
2023-04-12 13:07:09,167 [WARN] DbFile:41 - Overriding database path with different value: C:\Users\hsuankai.chang\.stmcufinder\plugins\mcufinder/ => C:\Users\hsuankai.chang\.stmcufinder\plugins\mcufinder
2023-04-12 13:07:09,167 [WARN] DbFile:41 - Overriding database path with different value: C:\Users\hsuankai.chang\.stmcufinder\plugins\mcufinder/ => C:\Users\hsuankai.chang\.stmcufinder\plugins\mcufinder
2023-04-12 13:07:09,167 [INFO] CrossReferenceDbSqlite:203 - Set database path to: C:\Users\hsuankai.chang\.stmcufinder\plugins\mcufinder//mcu/cs/
2023-04-12 13:07:09,195 [INFO] ApplicationProperties:184 - Using Application install path: C:\ST\STM32CubeIDE_1.9.0\STM32CubeIDE\plugins\com.st.stm32cube.common.mx_6.8.0.202302231600
2023-04-12 13:07:09,197 [INFO] PluginManage:196 - Search for loadable plugins [exclusion list=, ]
2023-04-12 13:07:09,199 [INFO] PluginManage:310 - Check plugin analytics
2023-04-12 13:07:09,421 [INFO] AnalyticsPlugin:253 - Accepted Software Licenses: Error : could not load the licence version !,STM32CubeMX.6.6.1,STM32CubeMX.6.5.0
2023-04-12 13:07:09,422 [INFO] AnalyticsPlugin:255 - Accepted CMSIS Pack Licenses: 
2023-04-12 13:07:09,422 [INFO] AnalyticsPlugin:257 - Accepted Firmware Licenses: FW.F4.1.27.0
2023-04-12 13:07:09,425 [INFO] PluginManage:359 - Loaded plugin analytics (category:tool,tabindex:-1)
2023-04-12 13:07:09,425 [INFO] PluginManage:310 - Check plugin cadmodel
2023-04-12 13:07:09,433 [INFO] CADModel:105 - Init CAD model plugin
2023-04-12 13:07:09,434 [INFO] PluginManage:359 - Loaded plugin cadmodel (category:power,tabindex:5)
2023-04-12 13:07:09,434 [INFO] PluginManage:310 - Check plugin clock
2023-04-12 13:07:09,447 [INFO] PluginManage:359 - Loaded plugin clock (category:base,tabindex:2)
2023-04-12 13:07:09,448 [INFO] PluginManage:310 - Check plugin ddr
2023-04-12 13:07:09,451 [INFO] PluginManage:359 - Loaded plugin ddr (category:tool,tabindex:6)
2023-04-12 13:07:09,451 [INFO] PluginManage:310 - Check plugin filemanager
2023-04-12 13:07:09,614 [INFO] PluginManage:359 - Loaded plugin filemanager (category:base,tabindex:10)
2023-04-12 13:07:09,614 [INFO] PluginManage:310 - Check plugin ipmanager
2023-04-12 13:07:09,626 [INFO] PluginManage:359 - Loaded plugin ipmanager (category:base,tabindex:5)
2023-04-12 13:07:09,626 [INFO] PluginManage:310 - Check plugin lpbam
2023-04-12 13:07:09,639 [INFO] PluginManage:359 - Loaded plugin lpbam (category:base,tabindex:0)
2023-04-12 13:07:09,639 [INFO] PluginManage:310 - Check plugin pinoutandconfiguration
2023-04-12 13:07:09,650 [INFO] PluginManage:359 - Loaded plugin pinoutandconfiguration (category:base,tabindex:1)
2023-04-12 13:07:09,650 [INFO] PluginManage:310 - Check plugin pinoutconfig
2023-04-12 13:07:09,761 [WARN] SupportedApi:132 - Cannot load RTOS API schema: s4s-elt-must-match.1: The content of 'definitions' must match (annotation?, (simpleType | complexType)?, (unique | key | keyref)*)). A problem was found starting at: attribute.
2023-04-12 13:07:09,953 [INFO] PluginManage:359 - Loaded plugin pinoutconfig (category:base,tabindex:0)
2023-04-12 13:07:09,953 [INFO] PluginManage:310 - Check plugin power
2023-04-12 13:07:09,965 [INFO] PluginManage:359 - Loaded plugin power (category:power,tabindex:4)
2023-04-12 13:07:09,965 [INFO] PluginManage:310 - Check plugin projectmanager
2023-04-12 13:07:09,982 [INFO] PluginManage:359 - Loaded plugin projectmanager (category:projectmanager,tabindex:3)
2023-04-12 13:07:09,982 [INFO] PluginManage:310 - Check plugin thirdparty
2023-04-12 13:07:10,137 [INFO] PluginManage:359 - Loaded plugin thirdparty (category:base,tabindex:-1)
2023-04-12 13:07:10,137 [WARN] IntegrityCheckThread:84 - waiting for thirdparty lock release [integrity check]
2023-04-12 13:07:10,138 [INFO] PluginManage:310 - Check plugin tools
2023-04-12 13:07:10,138 [INFO] IntegrityCheckThread:86 - entering critical section [integrity check]
2023-04-12 13:07:10,139 [INFO] ThirdPartyUpdaterWithRetryManager:70 - Updater plugin not ready yet. [1/15]
2023-04-12 13:07:10,140 [INFO] PluginManage:359 - Loaded plugin tools (category:base,tabindex:7)
2023-04-12 13:07:10,140 [INFO] PluginManage:310 - Check plugin tutovideos
2023-04-12 13:07:10,475 [INFO] PluginManage:359 - Loaded plugin tutovideos (category:base,tabindex:-1)
2023-04-12 13:07:10,475 [INFO] PluginManage:310 - Check plugin updater
2023-04-12 13:07:10,495 [INFO] PluginManage:359 - Loaded plugin updater (category:base,tabindex:12)
2023-04-12 13:07:10,496 [INFO] PluginManage:283 - PluginManage : Loaded plugins [15]
2023-04-12 13:07:10,838 [INFO] PinOutPanel:1499 - setPackage(No Configuration,No Configuration)
2023-04-12 13:07:10,938 [INFO] CADModel:165 - CPN selected for project level
2023-04-12 13:07:10,938 [INFO] CADModel:114 - Register for checkConnection events
2023-04-12 13:07:10,967 [INFO] IPUIPlugin:80 - create IPUIPlugin
2023-04-12 13:07:10,968 [INFO] PluginManager:220 - loadIPPluginJar : add adc
2023-04-12 13:07:10,972 [INFO] IPUIPlugin:80 - create IPUIPlugin
2023-04-12 13:07:10,972 [INFO] PluginManager:220 - loadIPPluginJar : add aes
2023-04-12 13:07:10,976 [INFO] IPUIPlugin:80 - create IPUIPlugin
2023-04-12 13:07:10,976 [INFO] PluginManager:220 - loadIPPluginJar : add can
2023-04-12 13:07:10,978 [INFO] IPUIPlugin:80 - create IPUIPlugin
2023-04-12 13:07:10,978 [INFO] PluginManager:220 - loadIPPluginJar : add comp
2023-04-12 13:07:10,984 [INFO] IPUIPlugin:80 - create IPUIPlugin
2023-04-12 13:07:10,984 [INFO] PluginManager:220 - loadIPPluginJar : add cryp
2023-04-12 13:07:10,988 [INFO] IPUIPlugin:80 - create IPUIPlugin
2023-04-12 13:07:10,988 [INFO] PluginManager:220 - loadIPPluginJar : add dfsdm
2023-04-12 13:07:10,998 [INFO] IPUIPlugin:80 - create IPUIPlugin
2023-04-12 13:07:10,999 [INFO] PluginManager:220 - loadIPPluginJar : add dma
2023-04-12 13:07:11,004 [INFO] IPUIPlugin:80 - create IPUIPlugin
2023-04-12 13:07:11,004 [INFO] PluginManager:220 - loadIPPluginJar : add dma3
2023-04-12 13:07:11,007 [INFO] IPUIPlugin:80 - create IPUIPlugin
2023-04-12 13:07:11,007 [INFO] PluginManager:220 - loadIPPluginJar : add fatfs
2023-04-12 13:07:11,014 [INFO] IPUIPlugin:80 - create IPUIPlugin
2023-04-12 13:07:11,014 [INFO] PluginManager:220 - loadIPPluginJar : add fmc
2023-04-12 13:07:11,022 [INFO] IPUIPlugin:80 - create IPUIPlugin
2023-04-12 13:07:11,023 [INFO] PluginManager:220 - loadIPPluginJar : add freertos
2023-04-12 13:07:11,025 [INFO] IPUIPlugin:80 - create IPUIPlugin
2023-04-12 13:07:11,025 [INFO] PluginManager:220 - loadIPPluginJar : add genericplugin
2023-04-12 13:07:11,029 [INFO] IPUIPlugin:80 - create IPUIPlugin
2023-04-12 13:07:11,029 [INFO] PluginManager:220 - loadIPPluginJar : add gfxmmu
2023-04-12 13:07:11,036 [INFO] IPUIPlugin:80 - create IPUIPlugin
2023-04-12 13:07:11,036 [INFO] PluginManager:220 - loadIPPluginJar : add gic
2023-04-12 13:07:11,042 [INFO] IPUIPlugin:80 - create IPUIPlugin
2023-04-12 13:07:11,042 [INFO] PluginManager:220 - loadIPPluginJar : add gpio
2023-04-12 13:07:11,047 [INFO] IPUIPlugin:80 - create IPUIPlugin
2023-04-12 13:07:11,047 [INFO] PluginManager:220 - loadIPPluginJar : add gtzc
2023-04-12 13:07:11,052 [INFO] IPUIPlugin:80 - create IPUIPlugin
2023-04-12 13:07:11,052 [INFO] PluginManager:220 - loadIPPluginJar : add hash
2023-04-12 13:07:11,057 [INFO] IPUIPlugin:80 - create IPUIPlugin
2023-04-12 13:07:11,057 [INFO] PluginManager:220 - loadIPPluginJar : add i2c
2023-04-12 13:07:11,060 [INFO] IPUIPlugin:80 - create IPUIPlugin
2023-04-12 13:07:11,061 [INFO] PluginManager:220 - loadIPPluginJar : add i2s
2023-04-12 13:07:11,066 [INFO] IPUIPlugin:80 - create IPUIPlugin
2023-04-12 13:07:11,066 [INFO] PluginManager:220 - loadIPPluginJar : add i3c
2023-04-12 13:07:11,071 [INFO] IPUIPlugin:80 - create IPUIPlugin
2023-04-12 13:07:11,072 [INFO] PluginManager:220 - loadIPPluginJar : add ipddr
2023-04-12 13:07:11,083 [INFO] IPUIPlugin:80 - create IPUIPlugin
2023-04-12 13:07:11,084 [INFO] PluginManager:220 - loadIPPluginJar : add linkedlist
2023-04-12 13:07:11,088 [INFO] IPUIPlugin:80 - create IPUIPlugin
2023-04-12 13:07:11,088 [INFO] PluginManager:220 - loadIPPluginJar : add lorawan
2023-04-12 13:07:11,091 [INFO] IPUIPlugin:80 - create IPUIPlugin
2023-04-12 13:07:11,091 [INFO] PluginManager:220 - loadIPPluginJar : add ltdc
2023-04-12 13:07:11,100 [INFO] IPUIPlugin:80 - create IPUIPlugin
2023-04-12 13:07:11,100 [INFO] PluginManager:220 - loadIPPluginJar : add mdma
2023-04-12 13:07:11,105 [INFO] IPUIPlugin:80 - create IPUIPlugin
2023-04-12 13:07:11,105 [INFO] PluginManager:220 - loadIPPluginJar : add nvic
2023-04-12 13:07:11,110 [INFO] IPUIPlugin:80 - create IPUIPlugin
2023-04-12 13:07:11,110 [INFO] PluginManager:220 - loadIPPluginJar : add opamp
2023-04-12 13:07:11,115 [INFO] IPUIPlugin:80 - create IPUIPlugin
2023-04-12 13:07:11,116 [INFO] PluginManager:220 - loadIPPluginJar : add openamp
2023-04-12 13:07:11,122 [INFO] IPUIPlugin:80 - create IPUIPlugin
2023-04-12 13:07:11,122 [INFO] PluginManager:220 - loadIPPluginJar : add pdm2pcm
2023-04-12 13:07:11,133 [INFO] IPUIPlugin:80 - create IPUIPlugin
2023-04-12 13:07:11,138 [INFO] PluginManager:220 - loadIPPluginJar : add plateformsettings
2023-04-12 13:07:11,140 [INFO] IPUIPlugin:80 - create IPUIPlugin
2023-04-12 13:07:11,140 [INFO] PluginManager:220 - loadIPPluginJar : add quadspi
2023-04-12 13:07:11,146 [INFO] IPUIPlugin:80 - create IPUIPlugin
2023-04-12 13:07:11,146 [INFO] PluginManager:220 - loadIPPluginJar : add resmgrutility
2023-04-12 13:07:11,151 [INFO] IPUIPlugin:80 - create IPUIPlugin
2023-04-12 13:07:11,151 [INFO] PluginManager:220 - loadIPPluginJar : add sai
2023-04-12 13:07:11,155 [INFO] IPUIPlugin:80 - create IPUIPlugin
2023-04-12 13:07:11,155 [INFO] PluginManager:220 - loadIPPluginJar : add spi
2023-04-12 13:07:11,162 [INFO] IPUIPlugin:80 - create IPUIPlugin
2023-04-12 13:07:11,162 [INFO] PluginManager:220 - loadIPPluginJar : add stm32_wpan
2023-04-12 13:07:11,165 [INFO] IPUIPlugin:80 - create IPUIPlugin
2023-04-12 13:07:11,165 [INFO] PluginManager:220 - loadIPPluginJar : add tim
2023-04-12 13:07:11,170 [INFO] IPUIPlugin:80 - create IPUIPlugin
2023-04-12 13:07:11,170 [INFO] PluginManager:220 - loadIPPluginJar : add touchsensing
2023-04-12 13:07:11,174 [INFO] IPUIPlugin:80 - create IPUIPlugin
2023-04-12 13:07:11,174 [INFO] PluginManager:220 - loadIPPluginJar : add tracer_emb
2023-04-12 13:07:11,176 [INFO] IPUIPlugin:80 - create IPUIPlugin
2023-04-12 13:07:11,176 [INFO] PluginManager:220 - loadIPPluginJar : add ts
2023-04-12 13:07:11,179 [INFO] IPUIPlugin:80 - create IPUIPlugin
2023-04-12 13:07:11,179 [INFO] PluginManager:220 - loadIPPluginJar : add tsc
2023-04-12 13:07:11,181 [INFO] IPUIPlugin:80 - create IPUIPlugin
2023-04-12 13:07:11,181 [INFO] PluginManager:220 - loadIPPluginJar : add ucpd
2023-04-12 13:07:11,186 [INFO] IPUIPlugin:80 - create IPUIPlugin
2023-04-12 13:07:11,186 [INFO] PluginManager:220 - loadIPPluginJar : add usart
2023-04-12 13:07:11,191 [INFO] IPUIPlugin:80 - create IPUIPlugin
2023-04-12 13:07:11,191 [INFO] PluginManager:220 - loadIPPluginJar : add usbx
2023-04-12 13:07:11,341 [INFO] CADModel:165 - CPN selected for project level
2023-04-12 13:07:11,342 [INFO] CADModel:114 - Register for checkConnection events
2023-04-12 13:07:11,342 [FATAL] Updater:308 - Updater called before beeing initialized
2023-04-12 13:07:11,343 [ERROR] CADModel:125 - Updater not yet initialized, retry later 
2023-04-12 13:07:11,543 [INFO] CADModel:165 - CPN selected for project level
2023-04-12 13:07:11,543 [INFO] CADModel:114 - Register for checkConnection events
2023-04-12 13:07:11,544 [FATAL] Updater:308 - Updater called before beeing initialized
2023-04-12 13:07:11,544 [ERROR] CADModel:125 - Updater not yet initialized, retry later 
2023-04-12 13:07:11,547 [FATAL] Updater:308 - Updater called before beeing initialized
2023-04-12 13:07:11,707 [FATAL] Updater:308 - Updater called before beeing initialized
2023-04-12 13:07:11,716 [INFO] DbMcusAds:53 - JSON generation date=Tue Mar 07 00:50:55 PST 2023 (1678179055335)
2023-04-12 13:07:11,716 [FATAL] Updater:308 - Updater called before beeing initialized
2023-04-12 13:07:11,772 [WARN] DetailPanel:346 - Failed to get advertising image, set to default
2023-04-12 13:07:11,922 [FATAL] Updater:308 - Updater called before beeing initialized
2023-04-12 13:07:11,925 [FATAL] Updater:308 - Updater called before beeing initialized
2023-04-12 13:07:11,925 [FATAL] Updater:308 - Updater called before beeing initialized
2023-04-12 13:07:11,925 [WARN] DetailPanel:346 - Failed to get advertising image, set to default
2023-04-12 13:07:11,926 [FATAL] Updater:308 - Updater called before beeing initialized
2023-04-12 13:07:11,981 [ERROR] Updater:1120 - MainUpdater not yet initialized. External WinMGr cannot be set.
2023-04-12 13:07:11,983 [INFO] Updater:1056 - Updater Version found : 6.8.0
2023-04-12 13:07:12,005 [INFO] ApplicationProperties:184 - Using Application install path: C:\ST\STM32CubeIDE_1.9.0\STM32CubeIDE\plugins\com.st.stm32cube.common.mx_6.8.0.202302231600
2023-04-12 13:07:12,162 [INFO] MainUpdater:2854 - connection check result : 10
2023-04-12 13:07:12,162 [INFO] MainUpdater:283 - Updater Check For Update Now.
2023-04-12 13:07:12,163 [INFO] MicroXplorer:498 - Change Database Version : DB.6.0.80
2023-04-12 13:07:12,341 [INFO] CheckServerUpdateThread:120 - End of CheckServer Thread
2023-04-12 13:07:12,375 [INFO] MainUpdater:2854 - connection check result : 10
2023-04-12 13:07:12,773 [INFO] ApiDb:581 - Connected to CubeFinder SQLite database (C:\Users\hsuankai.chang\.stmcufinder\plugins\mcufinder\mcu\cube-finder-db.db)
2023-04-12 13:07:12,942 [INFO] ApiDb:668 - CubeFinder database Data Model version=2.1
2023-04-12 13:07:12,942 [INFO] ApiDb:669 - CubeFinder database Configuration version=3.0.35
2023-04-12 13:07:12,942 [INFO] ApiDb:670 - CubeFinder database generation date=2023-03-10 (1678456172)
2023-04-12 13:07:12,942 [INFO] ApiDb:671 - CubeFinder database FW Pack versions=[FP-ATR-ASTRA1_V1.1.1, STM32Cube_FW_C0_V1.0.1, STM32Cube_FW_F0_V1.11.4, STM32Cube_FW_F3_V1.11.4, STM32Cube_FW_F4_V1.27.1, STM32Cube_FW_F7_V1.17.0, STM32Cube_FW_G0_V1.6.1, STM32Cube_FW_G4_V1.5.1, STM32Cube_FW_H5_V0.5.1, STM32Cube_FW_H5_V1.0.0, STM32Cube_FW_H7_V1.11.0, STM32Cube_FW_L0_V1.12.2, STM32Cube_FW_L5_V1.5.0, STM32Cube_FW_U5_V1.2.0, STM32Cube_FW_WBA_V1.0.0, STM32Cube_FW_WBA_V1.0.0RC1, STM32Cube_FW_WBA_V1.0.0RC3, STM32Cube_FW_WB_V1.15.0RC1, STM32Cube_FW_WB_V1.16.0, STM32Cube_FW_WB_V1.16.0RC2, STM32Cube_FW_WL_V1.3.0, X-CUBE-ALGOBUILD_V1.3.0, X-CUBE-ALS_V1.0.1, X-CUBE-AZRTOS-F4_V1.1.0, X-CUBE-AZRTOS-F7_V1.1.0, X-CUBE-AZRTOS-G0_V1.1.0, X-CUBE-AZRTOS-G4_V1.0.0, X-CUBE-AZRTOS-H7_V3.0.0, X-CUBE-AZRTOS-L4_V1.0.0, X-CUBE-AZRTOS-L5_V1.1.0, X-CUBE-AZRTOS-WB_V1.1.0, X-CUBE-AZRTOS-WL_V1.0.0, X-CUBE-BLE1_V6.2.4, X-CUBE-BLE2_V3.3.0, X-CUBE-BLEMGR_V1.3.0, X-CUBE-EEPRMA1_V4.1.0, X-CUBE-GNSS1_V6.0.0, X-CUBE-MEMS1_V9.1.0, X-CUBE-MEMS1_V9.4.0, X-CUBE-MEMS1_V9.5.0, X-CUBE-NFC4_V3.0.0, X-CUBE-NFC7_V1.0.0, X-CUBE-SFXS2LP1_V4.0.0, X-CUBE-SUBG2_V5.0.0]
2023-04-12 13:07:13,112 [INFO] DbBoardsSqlite:226 - include board P-NUCLEO-WB55-NUCLEO as a kit item of type 'Nucleo-64'
2023-04-12 13:07:13,113 [INFO] DbBoardsSqlite:226 - include board P-NUCLEO-WB55-USBDONGLE as a kit item of type 'Nucleo USB Dongle'
2023-04-12 13:07:13,115 [INFO] DbBoardsSqlite:226 - include board STEVAL-IDP005V1 as a kit item of type 'Evaluation Board'
2023-04-12 13:07:13,115 [INFO] DbBoardsSqlite:226 - include board STEVAL-IDP005V2 as a kit item of type 'Evaluation Board'
2023-04-12 13:07:13,431 [WARN] PackLoader:240 - Cannot read IP mode file for STMicroelectronics.X-CUBE-GNSS1.6.0.0
2023-04-12 13:07:13,469 [WARN] PackLoader:240 - Cannot read IP mode file for STMicroelectronics.X-CUBE-AZRTOS-F4.1.1.0
2023-04-12 13:07:13,491 [WARN] PackLoader:240 - Cannot read IP mode file for STMicroelectronics.X-CUBE-SMBUS.2.1.0
2023-04-12 13:07:13,502 [WARN] PackLoader:240 - Cannot read IP mode file for STMicroelectronics.X-CUBE-BLEMGR.1.2.0
2023-04-12 13:07:13,532 [WARN] PackLoader:240 - Cannot read IP mode file for STMicroelectronics.X-CUBE-AZRTOS-F7.1.1.0
2023-04-12 13:07:13,588 [WARN] PackLoader:240 - Cannot read IP mode file for STMicroelectronics.X-CUBE-BLE1.6.2.3
2023-04-12 13:07:13,593 [WARN] PackLoader:240 - Cannot read IP mode file for STMicroelectronics.X-CUBE-BLE1.6.2.4
2023-04-12 13:07:13,604 [WARN] PackLoader:240 - Cannot read IP mode file for STMicroelectronics.X-CUBE-BLEMGR.2.0.0
2023-04-12 13:07:13,615 [WARN] PackLoader:240 - Cannot read IP mode file for STMicroelectronics.X-CUBE-NFC4.2.0.5
2023-04-12 13:07:13,633 [WARN] PackLoader:240 - Cannot read IP mode file for STMicroelectronics.X-CUBE-NFC4.2.0.4
2023-04-12 13:07:13,706 [WARN] ConditionMgr:438 - getConditionDescription Invalid condition id : UX DEVICE CLASS RTOS Condition cause : null
2023-04-12 13:07:13,706 [WARN] ConditionMgr:438 - getConditionDescription Invalid condition id : UX DEVICE CLASS RTOS Condition cause : null
2023-04-12 13:07:13,716 [INFO] ApiDb:240 - Found 297 in-development CPN: [B-G473E-ZEST1S, B-WB1M-WPAN1, B-WL5M-SUBG1, NUCLEO-C031C6, NUCLEO-H503RB, NUCLEO-H563ZI, NUCLEO-U545RE-Q, NUCLEO-U5A5ZJ-Q, NUCLEO-WBA52CG, STEVAL-PROTEUS1, STEVAL-STWINBX1, STM320518-EVAL, STM32C0116-DK, STM32C011D6Y3TR, STM32C011D6Y6TR, STM32C011F4P3, STM32C011F4P6, STM32C011F4U3, STM32C011F4U6TR, STM32C011F6P3, STM32C011F6P6, STM32C011F6U3, STM32C011F6U6TR, STM32C011J4M3, STM32C011J4M6, STM32C011J6M3, STM32C011J6M6, STM32C0316-DK, STM32C031C4T3, STM32C031C4T6, STM32C031C4U3, STM32C031C4U6, STM32C031C6T3, STM32C031C6T6, STM32C031C6U3, STM32C031C6U6, STM32C031F4P3, STM32C031F4P6, STM32C031F6P3, STM32C031F6P6, STM32C031G4U3, STM32C031G4U6, STM32C031G6U3, STM32C031G6U6, STM32C031K4T3, STM32C031K4T6, STM32C031K4U3, STM32C031K4U6, STM32C031K6T3, STM32C031K6T6, STM32C031K6U3, STM32C031K6U6, STM32G071K8TXN, STM32G071K8UXN, STM32G081GBU6N, STM32G081KBT6N, STM32G081KBUXN, STM32G0B1CCT6N, STM32G0B1KCT6, STM32G0B1NEY6TR, STM32G0B1RCT6N, STM32G0C1CCT6, STM32G0C1CCT6N, STM32G0C1CCU6N, STM32G0C1CET6N, STM32G0C1CEU6N, STM32G0C1KCT6, STM32G0C1NEY6TR, STM32G0C1RCI6N, STM32G0C1RCT6N, STM32G0C1REI6N, STM32G0C1RET6N, STM32G0C1VCI6, STM32G0C1VEI6, STM32G471CCT6, STM32G471CCU6, STM32G471CET3, STM32G471CET6, STM32G471CEU3, STM32G471CEU6, STM32G471MCT6, STM32G471MET3, STM32G471MET6, STM32G471MEY6TR, STM32G471QCT6, STM32G471QET3, STM32G471RCT6, STM32G471RET3, STM32G471RET6, STM32G471VCH6, STM32G471VCI6, STM32G471VCT6, STM32G471VEH3, STM32G471VEH6, STM32G471VEI3, STM32G471VEI6, STM32G471VET3, STM32G471VET6, STM32G474CCT6, STM32H503CBT6, STM32H503CBU6, STM32H503EBY6TR, STM32H503KBU6, STM32H503RBT6, STM32H562AGI6, STM32H562AII6, STM32H562IGK6, STM32H562IGT6, STM32H562IIK6, STM32H562IIT6, STM32H562RGT6, STM32H562RGV6, STM32H562RIT6, STM32H562RIV6, STM32H562VGT6, STM32H562VIT6, STM32H562ZGT6, STM32H562ZIT6, STM32H563AGI6, STM32H563AII3Q, STM32H563AII6, STM32H563IGK6, STM32H563IGT6, STM32H563IIK3Q, STM32H563IIK6, STM32H563IIT3Q, STM32H563IIT6, STM32H563MIY3QTR, STM32H563RGT6, STM32H563RGV6, STM32H563RIT6, STM32H563RIV6, STM32H563VGT6, STM32H563VIT3Q, STM32H563VIT6, STM32H563ZGT6, STM32H563ZIT3Q, STM32H563ZIT6, STM32H573AII3Q, STM32H573AII6, STM32H573I-DK, STM32H573IIK3Q, STM32H573IIK6, STM32H573IIT3Q, STM32H573IIT6, STM32H573MIY3QTR, STM32H573RIT6, STM32H573RIV6, STM32H573VIT3Q, STM32H573VIT6, STM32H573ZIT3Q, STM32H573ZIT6, STM32L4R5QGI6STR, STM32MP131AAE3, STM32MP131AAF3, STM32MP131AAG3, STM32MP131CAE3, STM32MP131CAF3, STM32MP131CAG3, STM32MP131DAE7, STM32MP131DAF7, STM32MP131DAG7, STM32MP131FAE7, STM32MP131FAF7, STM32MP131FAG7, STM32MP133AAE3, STM32MP133AAF3, STM32MP133AAG3, STM32MP133CAE3, STM32MP133CAF3, STM32MP133CAG3, STM32MP133DAE7, STM32MP133DAF7, STM32MP133DAG7, STM32MP133FAE7, STM32MP133FAF7, STM32MP133FAG7, STM32MP135AAE3, STM32MP135AAF3, STM32MP135AAG3, STM32MP135CAE3, STM32MP135CAF3, STM32MP135CAG3, STM32MP135DAE7, STM32MP135DAF7, STM32MP135DAG7, STM32MP135F-DK, STM32MP135FAE7, STM32MP135FAF7, STM32MP135FAF7T, STM32MP135FAF7U, STM32MP135FAG7, STM32U535CBT6, STM32U535CBT6Q, STM32U535CBU6, STM32U535CBU6Q, STM32U535CCT6, STM32U535CCT6Q, STM32U535CCU6, STM32U535CCU6Q, STM32U535CET6, STM32U535CET6Q, STM32U535CEU6, STM32U535CEU6Q, STM32U535JEY6QTR, STM32U535NCY6QTR, STM32U535NEY6QTR, STM32U535RBI6, STM32U535RBI6Q, STM32U535RBT6, STM32U535RBT6Q, STM32U535RCI6, STM32U535RCI6Q, STM32U535RCT6, STM32U535RCT6Q, STM32U535REI6, STM32U535REI6Q, STM32U535RET6, STM32U535RET6Q, STM32U535VCI6, STM32U535VCI6Q, STM32U535VCT6, STM32U535VCT6Q, STM32U535VEI6, STM32U535VEI6Q, STM32U535VET6, STM32U535VET6Q, STM32U545CET6, STM32U545CET6Q, STM32U545CEU6, STM32U545CEU6Q, STM32U545JEY6QTR, STM32U545NEY6QTR, STM32U545REI6, STM32U545REI6Q, STM32U545RET6, STM32U545RET6Q, STM32U545VEI6, STM32U545VEI6Q, STM32U545VET6, STM32U545VET6Q, STM32U595AIH6, STM32U595AIH6Q, STM32U595AJH6, STM32U595AJH6Q, STM32U595QII6, STM32U595QII6Q, STM32U595QJI6, STM32U595QJI6Q, STM32U595RIT6, STM32U595RIT6Q, STM32U595RJT6, STM32U595RJT6Q, STM32U595VIT6, STM32U595VIT6Q, STM32U595VJT6, STM32U595VJT6Q, STM32U595ZIT6, STM32U595ZIT6Q, STM32U595ZIY6QTR, STM32U595ZJT6, STM32U595ZJT6Q, STM32U595ZJY6QTR, STM32U599BJY6QTR, STM32U599NIH6Q, STM32U599NJH6Q, STM32U599VIT6Q, STM32U599VJT6, STM32U599VJT6Q, STM32U599ZIT6Q, STM32U599ZIY6QTR, STM32U599ZJT6Q, STM32U599ZJY6QTR, STM32U5A5AJH6, STM32U5A5AJH6Q, STM32U5A5QJI6, STM32U5A5QJI6Q, STM32U5A5RJT6, STM32U5A5RJT6Q, STM32U5A5VJT6, STM32U5A5VJT6Q, STM32U5A5ZJT6, STM32U5A5ZJT6Q, STM32U5A5ZJY6QTR, STM32U5A9BJY6QTR, STM32U5A9J-DK, STM32U5A9NJH6Q, STM32U5A9VJT6Q, STM32U5A9ZJT6Q, STM32U5A9ZJY6QTR, STM32WB1MMCH6, STM32WBA52CEU6, STM32WBA52CEU6T, STM32WBA52CGU6, STM32WBA52CGU6T, STM32WL5MOCH6, STM32WL5MOCH6TR]
2023-04-12 13:07:13,718 [WARN] PackLoader:240 - Cannot read IP mode file for STMicroelectronics.X-CUBE-AZRTOS-H7.3.1.0
2023-04-12 13:07:13,720 [WARN] ConditionMgr:1039 - genDependencies : Invalid condition id : UX DEVICE CLASS RTOS Condition cause : null
2023-04-12 13:07:13,721 [WARN] ConditionMgr:1039 - genDependencies : Invalid condition id : UX DEVICE CLASS RTOS Condition cause : null
2023-04-12 13:07:13,722 [WARN] ConditionMgr:1039 - genDependencies : Invalid condition id : UX DEVICE CLASS RTOS Condition cause : null
2023-04-12 13:07:13,723 [WARN] ConditionMgr:1039 - genDependencies : Invalid condition id : UX DEVICE CLASS RTOS Condition cause : null
2023-04-12 13:07:13,723 [WARN] ConditionMgr:1039 - genDependencies : Invalid condition id : UX DEVICE CLASS RTOS Condition cause : null
2023-04-12 13:07:13,747 [WARN] PackLoader:240 - Cannot read IP mode file for STMicroelectronics.X-CUBE-TOF1.3.1.0
2023-04-12 13:07:13,775 [WARN] PackLoader:240 - Cannot read IP mode file for STMicroelectronics.X-CUBE-DISPLAY.3.0.0
2023-04-12 13:07:13,812 [WARN] PackLoader:240 - Cannot read IP mode file for STMicroelectronics.X-CUBE-AZRTOS-F4.1.0.0
2023-04-12 13:07:13,823 [WARN] PackLoader:240 - Cannot read IP mode file for STMicroelectronics.X-CUBE-NFC7.1.0.0
2023-04-12 13:07:13,879 [WARN] PackLoader:240 - Cannot read IP mode file for STMicroelectronics.X-CUBE-MEMS1.9.3.0
2023-04-12 13:07:13,988 [INFO] BoardInfo:880 - No configuration file found for board P-NUCLEO-WB55
2023-04-12 13:07:13,988 [INFO] DbBoards:157 - Kit is not supported: P-NUCLEO-WB55
2023-04-12 13:07:14,001 [INFO] BoardInfo:880 - No configuration file found for board STEVAL-BFA001V1B
2023-04-12 13:07:14,001 [INFO] DbBoards:157 - Kit is not supported: STEVAL-BFA001V1B
2023-04-12 13:07:14,005 [INFO] BoardInfo:880 - No configuration file found for board STEVAL-BFA001V2B
2023-04-12 13:07:14,005 [INFO] DbBoards:157 - Kit is not supported: STEVAL-BFA001V2B
2023-04-12 13:07:14,073 [WARN] PackLoader:240 - Cannot read IP mode file for STMicroelectronics.X-CUBE-EEPRMA1.4.1.0
2023-04-12 13:07:14,080 [WARN] PackLoader:240 - Cannot read IP mode file for STMicroelectronics.X-CUBE-AI.7.2.0
2023-04-12 13:07:14,091 [WARN] PackLoader:240 - Cannot read IP mode file for WES.I-CUBE-Cesium.1.3.0
2023-04-12 13:07:14,101 [WARN] PackLoader:240 - Cannot read IP mode file for STMicroelectronics.X-CUBE-SFXS2LP1.4.0.0
2023-04-12 13:07:14,110 [WARN] PackLoader:240 - Cannot read IP mode file for STMicroelectronics.X-CUBE-BLE2.3.3.0
2023-04-12 13:07:14,117 [WARN] PackLoader:240 - Cannot read IP mode file for STMicroelectronics.X-CUBE-DISPLAY.2.2.0
2023-04-12 13:07:14,157 [WARN] PackLoader:240 - Cannot read IP mode file for STMicroelectronics.X-CUBE-TOF1.3.2.0
2023-04-12 13:07:14,210 [WARN] PackLoader:240 - Cannot read IP mode file for STMicroelectronics.X-CUBE-AZRTOS-H7.3.0.0
2023-04-12 13:07:14,222 [WARN] PackLoader:240 - Cannot read IP mode file for STMicroelectronics.X-CUBE-ISPU.1.0.0
2023-04-12 13:07:14,229 [WARN] PackLoader:240 - Cannot read IP mode file for STMicroelectronics.X-CUBE-ISPU.1.1.0
2023-04-12 13:07:14,241 [WARN] PackLoader:240 - Cannot read IP mode file for RoweBots.I-CUBE-UNISONRTOS.5.5.0-4
2023-04-12 13:07:14,280 [WARN] PackLoader:240 - Cannot read IP mode file for STMicroelectronics.X-CUBE-AZRTOS-H7.2.1.0
2023-04-12 13:07:14,292 [WARN] PackLoader:240 - Cannot read IP mode file for wolfSSL.I-CUBE-wolfSSL.5.4.0
2023-04-12 13:07:14,298 [WARN] PackLoader:240 - Cannot read IP mode file for STMicroelectronics.X-CUBE-AI.8.0.0
2023-04-12 13:07:14,307 [WARN] PackLoader:240 - Cannot read IP mode file for STMicroelectronics.X-CUBE-FREERTOS.1.0.0
2023-04-12 13:07:14,314 [WARN] PackLoader:240 - Cannot read IP mode file for STMicroelectronics.X-CUBE-FREERTOS.1.0.1
2023-04-12 13:07:14,321 [WARN] PackLoader:240 - Cannot read IP mode file for STMicroelectronics.X-CUBE-TOUCHGFX.4.21.1
2023-04-12 13:07:14,324 [WARN] PackLoader:240 - Cannot read IP mode file for STMicroelectronics.X-CUBE-TOUCHGFX.4.21.0
2023-04-12 13:07:14,329 [WARN] PackLoader:240 - Cannot read IP mode file for STMicroelectronics.X-CUBE-TOUCHGFX.4.21.3
2023-04-12 13:07:14,407 [WARN] PackLoader:240 - Cannot read IP mode file for STMicroelectronics.X-CUBE-BLEMGR.1.0.0
2023-04-12 13:07:14,435 [INFO] DbBoards:161 - Found 187 boards, 184 are supported
2023-04-12 13:07:14,442 [INFO] ApiDb:668 - CubeFinder database Data Model version=2.1
2023-04-12 13:07:14,443 [INFO] ApiDb:669 - CubeFinder database Configuration version=3.0.35
2023-04-12 13:07:14,443 [INFO] ApiDb:670 - CubeFinder database generation date=2023-03-10 (1678456172)
2023-04-12 13:07:14,443 [INFO] ApiDb:671 - CubeFinder database FW Pack versions=[FP-ATR-ASTRA1_V1.1.1, STM32Cube_FW_C0_V1.0.1, STM32Cube_FW_F0_V1.11.4, STM32Cube_FW_F3_V1.11.4, STM32Cube_FW_F4_V1.27.1, STM32Cube_FW_F7_V1.17.0, STM32Cube_FW_G0_V1.6.1, STM32Cube_FW_G4_V1.5.1, STM32Cube_FW_H5_V0.5.1, STM32Cube_FW_H5_V1.0.0, STM32Cube_FW_H7_V1.11.0, STM32Cube_FW_L0_V1.12.2, STM32Cube_FW_L5_V1.5.0, STM32Cube_FW_U5_V1.2.0, STM32Cube_FW_WBA_V1.0.0, STM32Cube_FW_WBA_V1.0.0RC1, STM32Cube_FW_WBA_V1.0.0RC3, STM32Cube_FW_WB_V1.15.0RC1, STM32Cube_FW_WB_V1.16.0, STM32Cube_FW_WB_V1.16.0RC2, STM32Cube_FW_WL_V1.3.0, X-CUBE-ALGOBUILD_V1.3.0, X-CUBE-ALS_V1.0.1, X-CUBE-AZRTOS-F4_V1.1.0, X-CUBE-AZRTOS-F7_V1.1.0, X-CUBE-AZRTOS-G0_V1.1.0, X-CUBE-AZRTOS-G4_V1.0.0, X-CUBE-AZRTOS-H7_V3.0.0, X-CUBE-AZRTOS-L4_V1.0.0, X-CUBE-AZRTOS-L5_V1.1.0, X-CUBE-AZRTOS-WB_V1.1.0, X-CUBE-AZRTOS-WL_V1.0.0, X-CUBE-BLE1_V6.2.4, X-CUBE-BLE2_V3.3.0, X-CUBE-BLEMGR_V1.3.0, X-CUBE-EEPRMA1_V4.1.0, X-CUBE-GNSS1_V6.0.0, X-CUBE-MEMS1_V9.1.0, X-CUBE-MEMS1_V9.4.0, X-CUBE-MEMS1_V9.5.0, X-CUBE-NFC4_V3.0.0, X-CUBE-NFC7_V1.0.0, X-CUBE-SFXS2LP1_V4.0.0, X-CUBE-SUBG2_V5.0.0]
2023-04-12 13:07:14,466 [WARN] PackLoader:240 - Cannot read IP mode file for STMicroelectronics.X-CUBE-MEMS1.9.4.0
2023-04-12 13:07:14,629 [WARN] PackLoader:240 - Cannot read IP mode file for STMicroelectronics.X-CUBE-AI.7.3.0
2023-04-12 13:07:14,635 [WARN] PackLoader:240 - Cannot read IP mode file for STMicroelectronics.X-CUBE-ALGOBUILD.1.3.0
2023-04-12 13:07:14,655 [WARN] PackLoader:240 - Cannot read IP mode file for STMicroelectronics.X-CUBE-AZRTOS-L5.1.1.0
2023-04-12 13:07:14,675 [WARN] PackLoader:240 - Cannot read IP mode file for STMicroelectronics.X-CUBE-AZRTOS-G0.1.1.0
2023-04-12 13:07:14,691 [WARN] PackLoader:240 - Cannot read IP mode file for STMicroelectronics.X-CUBE-SUBG2.5.0.0
2023-04-12 13:07:14,707 [WARN] PackLoader:240 - Cannot read IP mode file for STMicroelectronics.X-CUBE-NFC4.3.0.0
2023-04-12 13:07:14,748 [WARN] PackLoader:240 - Cannot read IP mode file for SEGGER.I-CUBE-embOS.1.2.0
2023-04-12 13:07:14,808 [WARN] PackLoader:240 - Cannot read IP mode file for STMicroelectronics.X-CUBE-TOF1.3.3.0
2023-04-12 13:07:14,837 [WARN] PackLoader:240 - Cannot read IP mode file for STMicroelectronics.FP-ATR-ASTRA1.1.1.1
2023-04-12 13:07:14,840 [WARN] PackLoader:240 - Cannot read IP mode file for STMicroelectronics.FP-ATR-ASTRA1.1.1.0
2023-04-12 13:07:14,849 [WARN] PackLoader:240 - Cannot read IP mode file for STMicroelectronics.X-CUBE-BLEMGR.1.3.0
2023-04-12 13:07:14,866 [WARN] PackLoader:240 - Cannot read IP mode file for STMicroelectronics.X-CUBE-AZRTOS-G4.1.0.0
2023-04-12 13:07:14,876 [WARN] PackLoader:240 - Cannot read IP mode file for STMicroelectronics.FP-ATR-SIGFOX1.3.2.0
2023-04-12 13:07:14,892 [WARN] PackLoader:240 - Cannot read IP mode file for STMicroelectronics.X-CUBE-AZRTOS-L4.1.0.0
2023-04-12 13:07:14,902 [WARN] PackLoader:240 - Cannot read IP mode file for emotas.I-CUBE-CANOPEN.1.1.2
2023-04-12 13:07:14,906 [WARN] PackLoader:240 - Cannot read IP mode file for STMicroelectronics.X-CUBE-TOUCHGFX.4.20.0
2023-04-12 13:07:14,917 [WARN] PackLoader:240 - Cannot read IP mode file for STMicroelectronics.X-CUBE-AZRTOS-WL.1.0.0
2023-04-12 13:07:14,925 [WARN] PackLoader:240 - Cannot read IP mode file for portGmbH.I-Cube-SoM-uGOAL.1.1.0
2023-04-12 13:07:14,930 [WARN] PackLoader:240 - Cannot read IP mode file for STMicroelectronics.X-CUBE-ALS.1.0.1
2023-04-12 13:07:14,977 [WARN] PackLoader:240 - Cannot read IP mode file for STMicroelectronics.X-CUBE-MEMS1.9.5.0
2023-04-12 13:07:15,135 [WARN] PackLoader:240 - Cannot read IP mode file for STMicroelectronics.X-CUBE-AZRTOS-WB.1.1.0
2023-04-12 13:07:15,168 [WARN] PackLoader:240 - Cannot read IP mode file for SEGGER.I-CUBE-embOS.1.3.1
2023-04-12 13:07:15,226 [WARN] PackLoader:240 - Cannot read IP mode file for STMicroelectronics.X-CUBE-AZRTOS-L5.1.0.0
2023-04-12 13:07:15,234 [WARN] PackLoader:240 - Cannot read IP mode file for STMicroelectronics.X-CUBE-EEPRMA1.3.1.1
2023-04-12 13:07:15,238 [WARN] PackLoader:240 - Cannot read IP mode file for STMicroelectronics.FP-ATR-ASTRA1.2.0.0
2023-04-12 13:07:15,239 [INFO] ThirdParty:978 - Integrity check success = true
2023-04-12 13:07:15,239 [INFO] IntegrityCheckThread:100 - exiting critical section [integrity check]
2023-04-12 13:07:15,239 [INFO] IntegrityCheckThread:103 - End integrity checks thread
2023-04-12 13:07:17,039 [INFO] ApiDb:240 - Found 297 in-development CPN: [B-G473E-ZEST1S, B-WB1M-WPAN1, B-WL5M-SUBG1, NUCLEO-C031C6, NUCLEO-H503RB, NUCLEO-H563ZI, NUCLEO-U545RE-Q, NUCLEO-U5A5ZJ-Q, NUCLEO-WBA52CG, STEVAL-PROTEUS1, STEVAL-STWINBX1, STM320518-EVAL, STM32C0116-DK, STM32C011D6Y3TR, STM32C011D6Y6TR, STM32C011F4P3, STM32C011F4P6, STM32C011F4U3, STM32C011F4U6TR, STM32C011F6P3, STM32C011F6P6, STM32C011F6U3, STM32C011F6U6TR, STM32C011J4M3, STM32C011J4M6, STM32C011J6M3, STM32C011J6M6, STM32C0316-DK, STM32C031C4T3, STM32C031C4T6, STM32C031C4U3, STM32C031C4U6, STM32C031C6T3, STM32C031C6T6, STM32C031C6U3, STM32C031C6U6, STM32C031F4P3, STM32C031F4P6, STM32C031F6P3, STM32C031F6P6, STM32C031G4U3, STM32C031G4U6, STM32C031G6U3, STM32C031G6U6, STM32C031K4T3, STM32C031K4T6, STM32C031K4U3, STM32C031K4U6, STM32C031K6T3, STM32C031K6T6, STM32C031K6U3, STM32C031K6U6, STM32G071K8TXN, STM32G071K8UXN, STM32G081GBU6N, STM32G081KBT6N, STM32G081KBUXN, STM32G0B1CCT6N, STM32G0B1KCT6, STM32G0B1NEY6TR, STM32G0B1RCT6N, STM32G0C1CCT6, STM32G0C1CCT6N, STM32G0C1CCU6N, STM32G0C1CET6N, STM32G0C1CEU6N, STM32G0C1KCT6, STM32G0C1NEY6TR, STM32G0C1RCI6N, STM32G0C1RCT6N, STM32G0C1REI6N, STM32G0C1RET6N, STM32G0C1VCI6, STM32G0C1VEI6, STM32G471CCT6, STM32G471CCU6, STM32G471CET3, STM32G471CET6, STM32G471CEU3, STM32G471CEU6, STM32G471MCT6, STM32G471MET3, STM32G471MET6, STM32G471MEY6TR, STM32G471QCT6, STM32G471QET3, STM32G471RCT6, STM32G471RET3, STM32G471RET6, STM32G471VCH6, STM32G471VCI6, STM32G471VCT6, STM32G471VEH3, STM32G471VEH6, STM32G471VEI3, STM32G471VEI6, STM32G471VET3, STM32G471VET6, STM32G474CCT6, STM32H503CBT6, STM32H503CBU6, STM32H503EBY6TR, STM32H503KBU6, STM32H503RBT6, STM32H562AGI6, STM32H562AII6, STM32H562IGK6, STM32H562IGT6, STM32H562IIK6, STM32H562IIT6, STM32H562RGT6, STM32H562RGV6, STM32H562RIT6, STM32H562RIV6, STM32H562VGT6, STM32H562VIT6, STM32H562ZGT6, STM32H562ZIT6, STM32H563AGI6, STM32H563AII3Q, STM32H563AII6, STM32H563IGK6, STM32H563IGT6, STM32H563IIK3Q, STM32H563IIK6, STM32H563IIT3Q, STM32H563IIT6, STM32H563MIY3QTR, STM32H563RGT6, STM32H563RGV6, STM32H563RIT6, STM32H563RIV6, STM32H563VGT6, STM32H563VIT3Q, STM32H563VIT6, STM32H563ZGT6, STM32H563ZIT3Q, STM32H563ZIT6, STM32H573AII3Q, STM32H573AII6, STM32H573I-DK, STM32H573IIK3Q, STM32H573IIK6, STM32H573IIT3Q, STM32H573IIT6, STM32H573MIY3QTR, STM32H573RIT6, STM32H573RIV6, STM32H573VIT3Q, STM32H573VIT6, STM32H573ZIT3Q, STM32H573ZIT6, STM32L4R5QGI6STR, STM32MP131AAE3, STM32MP131AAF3, STM32MP131AAG3, STM32MP131CAE3, STM32MP131CAF3, STM32MP131CAG3, STM32MP131DAE7, STM32MP131DAF7, STM32MP131DAG7, STM32MP131FAE7, STM32MP131FAF7, STM32MP131FAG7, STM32MP133AAE3, STM32MP133AAF3, STM32MP133AAG3, STM32MP133CAE3, STM32MP133CAF3, STM32MP133CAG3, STM32MP133DAE7, STM32MP133DAF7, STM32MP133DAG7, STM32MP133FAE7, STM32MP133FAF7, STM32MP133FAG7, STM32MP135AAE3, STM32MP135AAF3, STM32MP135AAG3, STM32MP135CAE3, STM32MP135CAF3, STM32MP135CAG3, STM32MP135DAE7, STM32MP135DAF7, STM32MP135DAG7, STM32MP135F-DK, STM32MP135FAE7, STM32MP135FAF7, STM32MP135FAF7T, STM32MP135FAF7U, STM32MP135FAG7, STM32U535CBT6, STM32U535CBT6Q, STM32U535CBU6, STM32U535CBU6Q, STM32U535CCT6, STM32U535CCT6Q, STM32U535CCU6, STM32U535CCU6Q, STM32U535CET6, STM32U535CET6Q, STM32U535CEU6, STM32U535CEU6Q, STM32U535JEY6QTR, STM32U535NCY6QTR, STM32U535NEY6QTR, STM32U535RBI6, STM32U535RBI6Q, STM32U535RBT6, STM32U535RBT6Q, STM32U535RCI6, STM32U535RCI6Q, STM32U535RCT6, STM32U535RCT6Q, STM32U535REI6, STM32U535REI6Q, STM32U535RET6, STM32U535RET6Q, STM32U535VCI6, STM32U535VCI6Q, STM32U535VCT6, STM32U535VCT6Q, STM32U535VEI6, STM32U535VEI6Q, STM32U535VET6, STM32U535VET6Q, STM32U545CET6, STM32U545CET6Q, STM32U545CEU6, STM32U545CEU6Q, STM32U545JEY6QTR, STM32U545NEY6QTR, STM32U545REI6, STM32U545REI6Q, STM32U545RET6, STM32U545RET6Q, STM32U545VEI6, STM32U545VEI6Q, STM32U545VET6, STM32U545VET6Q, STM32U595AIH6, STM32U595AIH6Q, STM32U595AJH6, STM32U595AJH6Q, STM32U595QII6, STM32U595QII6Q, STM32U595QJI6, STM32U595QJI6Q, STM32U595RIT6, STM32U595RIT6Q, STM32U595RJT6, STM32U595RJT6Q, STM32U595VIT6, STM32U595VIT6Q, STM32U595VJT6, STM32U595VJT6Q, STM32U595ZIT6, STM32U595ZIT6Q, STM32U595ZIY6QTR, STM32U595ZJT6, STM32U595ZJT6Q, STM32U595ZJY6QTR, STM32U599BJY6QTR, STM32U599NIH6Q, STM32U599NJH6Q, STM32U599VIT6Q, STM32U599VJT6, STM32U599VJT6Q, STM32U599ZIT6Q, STM32U599ZIY6QTR, STM32U599ZJT6Q, STM32U599ZJY6QTR, STM32U5A5AJH6, STM32U5A5AJH6Q, STM32U5A5QJI6, STM32U5A5QJI6Q, STM32U5A5RJT6, STM32U5A5RJT6Q, STM32U5A5VJT6, STM32U5A5VJT6Q, STM32U5A5ZJT6, STM32U5A5ZJT6Q, STM32U5A5ZJY6QTR, STM32U5A9BJY6QTR, STM32U5A9J-DK, STM32U5A9NJH6Q, STM32U5A9VJT6Q, STM32U5A9ZJT6Q, STM32U5A9ZJY6QTR, STM32WB1MMCH6, STM32WBA52CEU6, STM32WBA52CEU6T, STM32WBA52CGU6, STM32WBA52CGU6T, STM32WL5MOCH6, STM32WL5MOCH6TR]
2023-04-12 13:07:17,043 [INFO] DbMcus:216 - Found 3775 MCUs, 3775 are supported
2023-04-12 13:07:17,047 [INFO] ApiDb:423 - Load user favorites file C:\Users\hsuankai.chang/.stm32cubeide/favorites.mcus.txt: 0 item(s)
2023-04-12 13:07:17,047 [INFO] ApiDb:427 - User favorites MCUs=[]
2023-04-12 13:07:17,048 [INFO] DbMcus:222 - Set 0 / 0 favorites MCUs
2023-04-12 13:07:17,384 [INFO] ApiDb:423 - Load user favorites file C:\Users\hsuankai.chang/.stm32cubeide/favorites.boards.txt: 1 item(s)
2023-04-12 13:07:17,384 [INFO] ApiDb:427 - User favorites Boards=[B-L475E-IOT01A2]
2023-04-12 13:07:17,384 [INFO] DbBoards:190 - Set 1 / 1 favorites Boards
2023-04-12 13:07:17,385 [INFO] McuFinderGlobals:66 - Set McuFinderConnectedMode to true
2023-04-12 13:07:17,395 [INFO] MultiScanPanel:200 - Auto-refresh data requested => check proxy status ongoing
2023-04-12 13:07:17,400 [INFO] FinderPluginLoader:95 - Searching for filters in installed packs
2023-04-12 13:07:18,977 [INFO] LoadUrlFilesThread:185 - End of LoadServerUrlFiles without Thread
2023-04-12 13:07:19,021 [INFO] DetailPanel:341 - Set advertising image to C:/Users/hsuankai.chang/STM32Cube/Repository/\en.prom-stm32h5-mcu-finder.jpg
2023-04-12 13:07:25,388 [INFO] MultiScanPanel:200 - Auto-refresh data requested => check proxy status ongoing
2023-04-12 13:07:25,554 [INFO] LoadUrlFilesThread:185 - End of LoadServerUrlFiles without Thread
2023-04-12 13:07:25,554 [INFO] DetailPanel:341 - Set advertising image to C:/Users/hsuankai.chang/STM32Cube/Repository/\en.prom-stm32h5-mcu-finder.jpg
2023-04-12 13:07:32,720 [INFO] ServerAccessManage:473 - Download File DB2196.pdf
2023-04-12 13:07:32,951 [INFO] LoadUrlFilesThread:156 - End of LoadUrlFiles Thread
2023-04-12 13:07:33,168 [INFO] BoardAction:139 - Datasheet
2023-04-12 13:07:53,898 [INFO] McuFinderGlobals:66 - Set McuFinderConnectedMode to true
2023-04-12 13:07:54,161 [INFO] ApiDb:448 - Save user favorites file C:\Users\hsuankai.chang/.stm32cubeide/favorites.mcus.txt: 0 item(s)
2023-04-12 13:07:54,162 [INFO] ApiDb:452 - User favorites MCUs=[]
2023-04-12 13:07:54,164 [INFO] ApiDb:448 - Save user favorites file C:\Users\hsuankai.chang/.stm32cubeide/favorites.boards.txt: 1 item(s)
2023-04-12 13:07:54,164 [INFO] ApiDb:452 - User favorites Boards=[B-L475E-IOT01A2]
2023-04-12 13:42:23,169 [INFO] MainUpdater:2854 - connection check result : 10
2023-04-12 13:42:23,170 [INFO] MainUpdater:2854 - connection check result : 10
2023-04-12 13:42:23,196 [INFO] MicroXplorer:468 - Change Database Path : 
2023-04-12 13:42:23,197 [INFO] MicroXplorer:498 - Change Database Version : DB.6.0.80
2023-04-12 13:42:23,197 [WARN] ThirdParty:871 - waiting for thirdparty lock release [close project]
2023-04-12 13:42:23,197 [INFO] ThirdParty:873 - entering critical section [close project]
2023-04-12 13:42:23,199 [INFO] ThirdParty:883 - exiting critical section [close project]
2023-04-12 13:42:23,202 [INFO] PinOutPanel:1499 - setPackage(No Configuration,No Configuration)
2023-04-12 13:42:23,215 [INFO] UtilMem:75 - Begin LoadConfig() Used Memory: 256253136 Bytes (510656512)
2023-04-12 13:42:23,216 [INFO] MicroXplorer:468 - Change Database Path : 
2023-04-12 13:42:23,216 [INFO] MicroXplorer:498 - Change Database Version : DB.6.0.80
2023-04-12 13:42:23,216 [INFO] OpenFileManager:308 - Change cursor
2023-04-12 13:42:23,284 [INFO] Mcu:1937 - Initializing MCU STM32F446R(C-E)Tx STM32F446RETx STM32F446RET6
2023-04-12 13:42:25,582 [INFO] Context:659 - Trying to add GPIOservice into a context  which must be forbidden
2023-04-12 13:42:26,696 [INFO] RtosManager:555 - Registered RTOS mode: class=CMSIS, group=RTOS, mode=CMSIS_V1, owner=FREERTOS
2023-04-12 13:42:26,696 [INFO] RtosManager:555 - Registered RTOS mode: class=CMSIS, group=RTOS2, mode=CMSIS_V2, owner=FREERTOS
2023-04-12 13:42:26,696 [INFO] RtosManager:555 - Registered RTOS mode: class=RTOS, group=Core, mode=CMSIS_V1, owner=FREERTOS
2023-04-12 13:42:26,697 [INFO] RtosManager:555 - Registered RTOS mode: class=RTOS, group=Core, mode=CMSIS_V2, owner=FREERTOS
2023-04-12 13:42:26,697 [WARN] ModelIntegratedComponent:184 - Missing modes for component STMicroelectronics:FreeRTOS:0.0.1:STMicroelectronics:RTOS:FreeRTOS:Core:::10.2.0:
2023-04-12 13:42:26,729 [WARN] ModelIntegratedComponent:63 - No mode defined for component null
2023-04-12 13:42:26,729 [WARN] ModelIntegratedComponent:63 - No mode defined for component null
2023-04-12 13:42:26,729 [WARN] ModelIntegratedComponent:63 - No mode defined for component null
2023-04-12 13:42:26,729 [WARN] ModelIntegratedComponent:63 - No mode defined for component null
2023-04-12 13:42:26,729 [WARN] ModelIntegratedComponent:63 - No mode defined for component null
2023-04-12 13:42:26,729 [WARN] ModelIntegratedComponent:63 - No mode defined for component null
2023-04-12 13:42:26,729 [WARN] ModelIntegratedComponent:63 - No mode defined for component null
2023-04-12 13:42:26,730 [WARN] ModelIntegratedComponent:63 - No mode defined for component null
2023-04-12 13:42:26,730 [WARN] ModelIntegratedComponent:63 - No mode defined for component null
2023-04-12 13:42:26,730 [WARN] ModelIntegratedComponent:63 - No mode defined for component null
2023-04-12 13:42:26,730 [WARN] ModelIntegratedComponent:63 - No mode defined for component null
2023-04-12 13:42:26,730 [WARN] ModelIntegratedComponent:63 - No mode defined for component null
2023-04-12 13:42:26,730 [WARN] ModelIntegratedComponent:63 - No mode defined for component null
2023-04-12 13:42:26,730 [WARN] ModelIntegratedComponent:63 - No mode defined for component null
2023-04-12 13:42:26,730 [WARN] ModelIntegratedComponent:63 - No mode defined for component null
2023-04-12 13:42:26,730 [WARN] ModelIntegratedComponent:63 - No mode defined for component null
2023-04-12 13:42:26,731 [WARN] ModelIntegratedComponent:63 - No mode defined for component null
2023-04-12 13:42:26,731 [WARN] ModelIntegratedComponent:63 - No mode defined for component null
2023-04-12 13:42:26,731 [WARN] ModelIntegratedComponent:63 - No mode defined for component null
2023-04-12 13:42:26,731 [WARN] ModelIntegratedComponent:63 - No mode defined for component null
2023-04-12 13:42:26,731 [WARN] ModelIntegratedComponent:63 - No mode defined for component null
2023-04-12 13:42:26,731 [WARN] ModelIntegratedComponent:63 - No mode defined for component null
2023-04-12 13:42:26,731 [WARN] ModelIntegratedComponent:63 - No mode defined for component null
2023-04-12 13:42:26,731 [WARN] ModelIntegratedComponent:63 - No mode defined for component null
2023-04-12 13:42:26,731 [WARN] ModelIntegratedComponent:63 - No mode defined for component null
2023-04-12 13:42:26,732 [WARN] ModelIntegratedComponent:63 - No mode defined for component null
2023-04-12 13:42:26,732 [WARN] ModelIntegratedComponent:63 - No mode defined for component null
2023-04-12 13:42:26,732 [WARN] ModelIntegratedComponent:63 - No mode defined for component null
2023-04-12 13:42:26,732 [WARN] ModelIntegratedComponent:63 - No mode defined for component null
2023-04-12 13:42:26,732 [WARN] ModelIntegratedComponent:63 - No mode defined for component null
2023-04-12 13:42:26,732 [WARN] ModelIntegratedComponent:63 - No mode defined for component null
2023-04-12 13:42:26,732 [WARN] ModelIntegratedComponent:63 - No mode defined for component null
2023-04-12 13:42:26,733 [WARN] ModelIntegratedComponent:63 - No mode defined for component null
2023-04-12 13:42:27,049 [INFO] ThirdPartyModel:298 - Start build external matchings
2023-04-12 13:42:28,350 [INFO] ThirdPartyModel:316 - End build external matchings
2023-04-12 13:42:28,382 [INFO] RtosManager:919 - Current active RTOS is FREERTOS [Cortex-M4NS]
2023-04-12 13:42:28,403 [INFO] ImportTextPane:194 - (OptionalMessage_ERROR) IP (RCC) : Invalid parameter (48MHZClocksFreq_Value)
2023-04-12 13:42:28,403 [INFO] ImportTextPane:194 - (OptionalMessage_ERROR) IP (RCC) : Invalid parameter (EthernetFreq_Value)
2023-04-12 13:42:28,408 [INFO] ImportTextPane:194 - (OptionalMessage_ERROR) IP (RCC) : Parameter (FLatency) has Id (AdvancedSettings) currently not set
2023-04-12 13:42:28,408 [INFO] ImportTextPane:194 - (OptionalMessage_ERROR) IP (RCC) : Invalid parameter (FamilyName)
2023-04-12 13:42:28,408 [INFO] ImportTextPane:194 - (OptionalMessage_ERROR) IP (RCC) : Invalid parameter (I2SClocksFreq_Value)
2023-04-12 13:42:28,410 [INFO] ImportTextPane:194 - (OptionalMessage_ERROR) IP (RCC) : Parameter (SDIOFreq_Value) has invalid value (168000000)
2023-04-12 13:42:28,410 [INFO] ImportTextPane:194 - (OptionalMessage_ERROR) IP (RCC) : Parameter (USBFreq_Value) has invalid value (168000000)
2023-04-12 13:42:28,411 [INFO] ImportTextPane:194 - (OptionalMessage_ERROR) IP (RCC) : Invalid parameter (VCOInputMFreq_Value)
2023-04-12 13:42:28,411 [INFO] ImportTextPane:194 - (OptionalMessage_ERROR) IP (RCC) : Invalid parameter (VcooutputI2S)
2023-04-12 13:42:28,865 [INFO] UtilMem:75 - End LoadConfig() Used Memory: 334730568 Bytes (510656512)
2023-04-12 13:42:29,065 [WARN] ThirdParty:833 - waiting for thirdparty lock release [change project]
2023-04-12 13:42:29,065 [INFO] ThirdParty:835 - entering critical section [change project]
2023-04-12 13:42:29,066 [INFO] ThirdParty:1030 - CMSIS Pack Vendor :STMicroelectronics X-CUBE-ISPU 1.1.0
2023-04-12 13:42:29,066 [INFO] ThirdParty:1030 - CMSIS Pack Vendor :RoweBots I-CUBE-UNISONRTOS 5.5.0-4
2023-04-12 13:42:29,066 [INFO] ThirdParty:1030 - CMSIS Pack Vendor :STMicroelectronics X-CUBE-GNSS1 6.0.0
2023-04-12 13:42:29,066 [INFO] ThirdParty:1030 - CMSIS Pack Vendor :STMicroelectronics X-CUBE-AZRTOS-H7 2.1.0
2023-04-12 13:42:29,066 [INFO] ThirdParty:1030 - CMSIS Pack Vendor :STMicroelectronics USB_HOST 2.0.0
2023-04-12 13:42:29,066 [INFO] ThirdParty:1030 - CMSIS Pack Vendor :STMicroelectronics X-CUBE-AZRTOS-F4 1.1.0
2023-04-12 13:42:29,066 [INFO] ThirdParty:1030 - CMSIS Pack Vendor :STMicroelectronics LIBJPEG 8.0.0
2023-04-12 13:42:29,067 [INFO] ThirdParty:1030 - CMSIS Pack Vendor :wolfSSL I-CUBE-wolfSSL 5.4.0
2023-04-12 13:42:29,067 [INFO] ThirdParty:1030 - CMSIS Pack Vendor :STMicroelectronics X-CUBE-SMBUS 2.1.0
2023-04-12 13:42:29,067 [INFO] ThirdParty:1030 - CMSIS Pack Vendor :STMicroelectronics USB_DEVICE 3.0.0
2023-04-12 13:42:29,067 [INFO] ThirdParty:1030 - CMSIS Pack Vendor :STMicroelectronics X-CUBE-AI 8.0.0
2023-04-12 13:42:29,067 [INFO] ThirdParty:1030 - CMSIS Pack Vendor :STMicroelectronics X-CUBE-FREERTOS 1.0.0
2023-04-12 13:42:29,067 [INFO] ThirdParty:1030 - CMSIS Pack Vendor :STMicroelectronics X-CUBE-FREERTOS 1.0.1
2023-04-12 13:42:29,067 [INFO] ThirdParty:1030 - CMSIS Pack Vendor :STMicroelectronics X-CUBE-TOUCHGFX 4.21.1
2023-04-12 13:42:29,067 [INFO] ThirdParty:1030 - CMSIS Pack Vendor :STMicroelectronics X-CUBE-TOUCHGFX 4.21.0
2023-04-12 13:42:29,067 [INFO] ThirdParty:1030 - CMSIS Pack Vendor :STMicroelectronics X-CUBE-TOUCHGFX 4.21.3
2023-04-12 13:42:29,067 [INFO] ThirdParty:1030 - CMSIS Pack Vendor :STMicroelectronics X-CUBE-BLEMGR 1.0.0
2023-04-12 13:42:29,068 [INFO] ThirdParty:1030 - CMSIS Pack Vendor :STMicroelectronics X-CUBE-BLEMGR 1.2.0
2023-04-12 13:42:29,068 [INFO] ThirdParty:1030 - CMSIS Pack Vendor :STMicroelectronics X-CUBE-AZRTOS-F7 1.1.0
2023-04-12 13:42:29,068 [INFO] ThirdParty:1030 - CMSIS Pack Vendor :STMicroelectronics X-CUBE-MEMS1 9.4.0
2023-04-12 13:42:29,068 [INFO] ThirdParty:1030 - CMSIS Pack Vendor :STMicroelectronics USB_DEVICE 2.0.0
2023-04-12 13:42:29,068 [INFO] ThirdParty:1030 - CMSIS Pack Vendor :STMicroelectronics X-CUBE-AI 7.3.0
2023-04-12 13:42:29,068 [INFO] ThirdParty:1030 - CMSIS Pack Vendor :STMicroelectronics X-CUBE-BLE1 6.2.3
2023-04-12 13:42:29,068 [INFO] ThirdParty:1030 - CMSIS Pack Vendor :STMicroelectronics X-CUBE-ALGOBUILD 1.3.0
2023-04-12 13:42:29,068 [INFO] ThirdParty:1030 - CMSIS Pack Vendor :STMicroelectronics X-CUBE-BLE1 6.2.4
2023-04-12 13:42:29,068 [INFO] ThirdParty:1030 - CMSIS Pack Vendor :STMicroelectronics X-CUBE-AZRTOS-L5 1.1.0
2023-04-12 13:42:29,068 [INFO] ThirdParty:1030 - CMSIS Pack Vendor :STMicroelectronics FreeRTOS 0.0.1
2023-04-12 13:42:29,069 [INFO] ThirdParty:1030 - CMSIS Pack Vendor :STMicroelectronics X-CUBE-AZRTOS-G0 1.1.0
2023-04-12 13:42:29,069 [INFO] ThirdParty:1030 - CMSIS Pack Vendor :STMicroelectronics X-CUBE-BLEMGR 2.0.0
2023-04-12 13:42:29,069 [INFO] ThirdParty:1030 - CMSIS Pack Vendor :STMicroelectronics X-CUBE-SUBG2 5.0.0
2023-04-12 13:42:29,069 [INFO] ThirdParty:1030 - CMSIS Pack Vendor :STMicroelectronics X-CUBE-NFC4 3.0.0
2023-04-12 13:42:29,069 [INFO] ThirdParty:1030 - CMSIS Pack Vendor :SEGGER I-CUBE-embOS 1.2.0
2023-04-12 13:42:29,069 [INFO] ThirdParty:1030 - CMSIS Pack Vendor :STMicroelectronics STM32_WPAN 1.0.0
2023-04-12 13:42:29,069 [INFO] ThirdParty:1030 - CMSIS Pack Vendor :STMicroelectronics lwIP 2.0.3
2023-04-12 13:42:29,069 [INFO] ThirdParty:1030 - CMSIS Pack Vendor :STMicroelectronics X-CUBE-NFC4 2.0.5
2023-04-12 13:42:29,069 [INFO] ThirdParty:1030 - CMSIS Pack Vendor :STMicroelectronics X-CUBE-NFC4 2.0.4
2023-04-12 13:42:29,069 [INFO] ThirdParty:1030 - CMSIS Pack Vendor :STMicroelectronics USB_HOST 1.0.0
2023-04-12 13:42:29,069 [INFO] ThirdParty:1030 - CMSIS Pack Vendor :STMicroelectronics PDM2PCM 3.1.0
2023-04-12 13:42:29,069 [INFO] ThirdParty:1030 - CMSIS Pack Vendor :STMicroelectronics X-CUBE-AZRTOS-H7 3.1.0
2023-04-12 13:42:29,069 [INFO] ThirdParty:1030 - CMSIS Pack Vendor :STMicroelectronics X-CUBE-TOF1 3.3.0
2023-04-12 13:42:29,070 [INFO] ThirdParty:1030 - CMSIS Pack Vendor :STMicroelectronics FP-ATR-ASTRA1 1.1.1
2023-04-12 13:42:29,070 [INFO] ThirdParty:1030 - CMSIS Pack Vendor :STMicroelectronics PDM2PCM 3.3.0
2023-04-12 13:42:29,070 [INFO] ThirdParty:1030 - CMSIS Pack Vendor :STMicroelectronics X-CUBE-TOF1 3.1.0
2023-04-12 13:42:29,070 [INFO] ThirdParty:1030 - CMSIS Pack Vendor :STMicroelectronics FP-ATR-ASTRA1 1.1.0
2023-04-12 13:42:29,070 [INFO] ThirdParty:1030 - CMSIS Pack Vendor :STMicroelectronics X-CUBE-DISPLAY 3.0.0
2023-04-12 13:42:29,070 [INFO] ThirdParty:1030 - CMSIS Pack Vendor :STMicroelectronics X-CUBE-BLEMGR 1.3.0
2023-04-12 13:42:29,070 [INFO] ThirdParty:1030 - CMSIS Pack Vendor :STMicroelectronics X-CUBE-AZRTOS-F4 1.0.0
2023-04-12 13:42:29,070 [INFO] ThirdParty:1030 - CMSIS Pack Vendor :STMicroelectronics X-CUBE-AZRTOS-G4 1.0.0
2023-04-12 13:42:29,070 [INFO] ThirdParty:1030 - CMSIS Pack Vendor :STMicroelectronics FP-ATR-SIGFOX1 3.2.0
2023-04-12 13:42:29,070 [INFO] ThirdParty:1030 - CMSIS Pack Vendor :STMicroelectronics X-CUBE-AZRTOS-L4 1.0.0
2023-04-12 13:42:29,071 [INFO] ThirdParty:1030 - CMSIS Pack Vendor :STMicroelectronics HAL Drivers 0.0.0
2023-04-12 13:42:29,071 [INFO] ThirdParty:1030 - CMSIS Pack Vendor :STMicroelectronics MBEDTLS 2.16.2
2023-04-12 13:42:29,071 [INFO] ThirdParty:1030 - CMSIS Pack Vendor :emotas I-CUBE-CANOPEN 1.1.2
2023-04-12 13:42:29,071 [INFO] ThirdParty:1030 - CMSIS Pack Vendor :STMicroelectronics X-CUBE-TOUCHGFX 4.20.0
2023-04-12 13:42:29,071 [INFO] ThirdParty:1030 - CMSIS Pack Vendor :STMicroelectronics MBEDTLS 2.14.1
2023-04-12 13:42:29,071 [INFO] ThirdParty:1030 - CMSIS Pack Vendor :STMicroelectronics X-CUBE-NFC7 1.0.0
2023-04-12 13:42:29,071 [INFO] ThirdParty:1030 - CMSIS Pack Vendor :STMicroelectronics X-CUBE-AZRTOS-WL 1.0.0
2023-04-12 13:42:29,071 [INFO] ThirdParty:1030 - CMSIS Pack Vendor :STMicroelectronics X-CUBE-MEMS1 9.3.0
2023-04-12 13:42:29,071 [INFO] ThirdParty:1030 - CMSIS Pack Vendor :STMicroelectronics X-CUBE-EEPRMA1 4.1.0
2023-04-12 13:42:29,071 [INFO] ThirdParty:1030 - CMSIS Pack Vendor :portGmbH I-Cube-SoM-uGOAL 1.1.0
2023-04-12 13:42:29,072 [INFO] ThirdParty:1030 - CMSIS Pack Vendor :STMicroelectronics X-CUBE-ALS 1.0.1
2023-04-12 13:42:29,072 [INFO] ThirdParty:1030 - CMSIS Pack Vendor :STMicroelectronics X-CUBE-AI 7.2.0
2023-04-12 13:42:29,072 [INFO] ThirdParty:1030 - CMSIS Pack Vendor :STMicroelectronics X-CUBE-MEMS1 9.5.0
2023-04-12 13:42:29,072 [INFO] ThirdParty:1030 - CMSIS Pack Vendor :STMicroelectronics ThreadX 1.0.0
2023-04-12 13:42:29,072 [INFO] ThirdParty:1030 - CMSIS Pack Vendor :STMicroelectronics X-CUBE-AZRTOS-WB 1.1.0
2023-04-12 13:42:29,072 [INFO] ThirdParty:1030 - CMSIS Pack Vendor :SEGGER I-CUBE-embOS 1.3.1
2023-04-12 13:42:29,072 [INFO] ThirdParty:1030 - CMSIS Pack Vendor :STMicroelectronics X-CUBE-AZRTOS-L5 1.0.0
2023-04-12 13:42:29,072 [INFO] ThirdParty:1030 - CMSIS Pack Vendor :STMicroelectronics USB_DEVICE 1.0.0
2023-04-12 13:42:29,072 [INFO] ThirdParty:1030 - CMSIS Pack Vendor :STMicroelectronics X-CUBE-EEPRMA1 3.1.1
2023-04-12 13:42:29,072 [INFO] ThirdParty:1030 - CMSIS Pack Vendor :STMicroelectronics ThreadX 0.0.2
2023-04-12 13:42:29,072 [INFO] ThirdParty:1030 - CMSIS Pack Vendor :WES I-CUBE-Cesium 1.3.0
2023-04-12 13:42:29,073 [INFO] ThirdParty:1030 - CMSIS Pack Vendor :STMicroelectronics FP-ATR-ASTRA1 2.0.0
2023-04-12 13:42:29,073 [INFO] ThirdParty:1030 - CMSIS Pack Vendor :STMicroelectronics lwIP 2.1.2
2023-04-12 13:42:29,073 [INFO] ThirdParty:1030 - CMSIS Pack Vendor :STMicroelectronics X-CUBE-SFXS2LP1 4.0.0
2023-04-12 13:42:29,073 [INFO] ThirdParty:1030 - CMSIS Pack Vendor :STMicroelectronics X-CUBE-BLE2 3.3.0
2023-04-12 13:42:29,073 [INFO] ThirdParty:1030 - CMSIS Pack Vendor :STMicroelectronics X-CUBE-DISPLAY 2.2.0
2023-04-12 13:42:29,073 [INFO] ThirdParty:1030 - CMSIS Pack Vendor :STMicroelectronics X-CUBE-TOF1 3.2.0
2023-04-12 13:42:29,073 [INFO] ThirdParty:1030 - CMSIS Pack Vendor :STMicroelectronics PDM2PCM 3.2.0
2023-04-12 13:42:29,073 [INFO] ThirdParty:1030 - CMSIS Pack Vendor :STMicroelectronics X-CUBE-AZRTOS-H7 3.0.0
2023-04-12 13:42:29,073 [INFO] ThirdParty:1030 - CMSIS Pack Vendor :STMicroelectronics X-CUBE-ISPU 1.0.0
2023-04-12 13:42:29,074 [INFO] ThirdParty:841 - exiting critical section [change project]
2023-04-12 13:42:29,650 [INFO] PinOutPanel:1499 - setPackage(No Configuration,No Configuration)
2023-04-12 13:42:29,653 [INFO] PinOutPanel:1499 - setPackage(STM32F446RETx,LQFP64)
2023-04-12 13:42:30,753 [INFO] UtilMem:75 - Before build in PCC Used Memory: 283264976 Bytes (510656512)
2023-04-12 13:42:31,802 [INFO] UtilMem:75 - After build in PCC Used Memory: 426382928 Bytes (510656512)
2023-04-12 13:42:31,936 [INFO] ApiDbMcu:507 - Load IP Config File for FREERTOS
2023-04-12 13:42:32,015 [INFO] IPUIPlugin:80 - create IPUIPlugin
2023-04-12 13:42:32,015 [INFO] IPUIPlugin:80 - create IPUIPlugin
2023-04-12 13:42:32,015 [INFO] IPUIPlugin:80 - create IPUIPlugin
2023-04-12 13:42:32,015 [INFO] IPUIPlugin:80 - create IPUIPlugin
2023-04-12 13:42:32,015 [INFO] IPUIPlugin:80 - create IPUIPlugin
2023-04-12 13:42:32,016 [INFO] IPUIPlugin:80 - create IPUIPlugin
2023-04-12 13:42:32,016 [INFO] IPUIPlugin:80 - create IPUIPlugin
2023-04-12 13:42:32,016 [INFO] IPUIPlugin:80 - create IPUIPlugin
2023-04-12 13:42:32,017 [INFO] IPUIPlugin:80 - create IPUIPlugin
2023-04-12 13:42:32,017 [INFO] IPUIPlugin:80 - create IPUIPlugin
2023-04-12 13:42:32,018 [INFO] IPUIPlugin:80 - create IPUIPlugin
2023-04-12 13:42:32,018 [INFO] IPUIPlugin:80 - create IPUIPlugin
2023-04-12 13:42:32,018 [INFO] IPUIPlugin:80 - create IPUIPlugin
2023-04-12 13:42:32,018 [INFO] IPUIPlugin:80 - create IPUIPlugin
2023-04-12 13:42:32,019 [INFO] IPUIPlugin:80 - create IPUIPlugin
2023-04-12 13:42:32,019 [INFO] IPUIPlugin:80 - create IPUIPlugin
2023-04-12 13:42:32,019 [INFO] IPUIPlugin:80 - create IPUIPlugin
2023-04-12 13:42:32,019 [INFO] IPUIPlugin:80 - create IPUIPlugin
2023-04-12 13:42:32,020 [INFO] IPUIPlugin:80 - create IPUIPlugin
2023-04-12 13:42:32,020 [INFO] IPUIPlugin:80 - create IPUIPlugin
2023-04-12 13:42:32,020 [INFO] IPUIPlugin:80 - create IPUIPlugin
2023-04-12 13:42:32,020 [INFO] IPUIPlugin:80 - create IPUIPlugin
2023-04-12 13:42:32,021 [INFO] IPUIPlugin:80 - create IPUIPlugin
2023-04-12 13:42:32,021 [INFO] IPUIPlugin:80 - create IPUIPlugin
2023-04-12 13:42:32,021 [INFO] IPUIPlugin:80 - create IPUIPlugin
2023-04-12 13:42:32,022 [INFO] IPUIPlugin:80 - create IPUIPlugin
2023-04-12 13:42:32,022 [INFO] IPUIPlugin:80 - create IPUIPlugin
2023-04-12 13:42:32,023 [INFO] IPUIPlugin:80 - create IPUIPlugin
2023-04-12 13:42:32,023 [INFO] IPUIPlugin:80 - create IPUIPlugin
2023-04-12 13:42:32,024 [INFO] IPUIPlugin:80 - create IPUIPlugin
2023-04-12 13:42:32,025 [INFO] IPUIPlugin:80 - create IPUIPlugin
2023-04-12 13:42:32,025 [INFO] IPUIPlugin:80 - create IPUIPlugin
2023-04-12 13:42:32,026 [INFO] IPUIPlugin:80 - create IPUIPlugin
2023-04-12 13:42:32,027 [INFO] IPUIPlugin:80 - create IPUIPlugin
2023-04-12 13:42:32,028 [INFO] IPUIPlugin:80 - create IPUIPlugin
2023-04-12 13:42:32,028 [INFO] IPUIPlugin:80 - create IPUIPlugin
2023-04-12 13:42:32,029 [INFO] IPUIPlugin:80 - create IPUIPlugin
2023-04-12 13:42:32,029 [INFO] IPUIPlugin:80 - create IPUIPlugin
2023-04-12 13:42:32,030 [INFO] IPUIPlugin:80 - create IPUIPlugin
2023-04-12 13:42:32,030 [INFO] IPUIPlugin:80 - create IPUIPlugin
2023-04-12 13:42:32,031 [INFO] IPUIPlugin:80 - create IPUIPlugin
2023-04-12 13:42:32,031 [INFO] IPUIPlugin:80 - create IPUIPlugin
2023-04-12 13:42:32,031 [INFO] IPUIPlugin:80 - create IPUIPlugin
2023-04-12 13:42:32,032 [INFO] IPUIPlugin:80 - create IPUIPlugin
2023-04-12 13:42:32,032 [INFO] IPUIPlugin:80 - create IPUIPlugin
2023-04-12 13:42:32,033 [INFO] IPUIPlugin:80 - create IPUIPlugin
2023-04-12 13:42:32,034 [INFO] IPUIPlugin:80 - create IPUIPlugin
2023-04-12 13:42:32,034 [INFO] IPUIPlugin:80 - create IPUIPlugin
2023-04-12 13:42:32,035 [INFO] IPUIPlugin:80 - create IPUIPlugin
2023-04-12 13:42:32,035 [INFO] IPUIPlugin:80 - create IPUIPlugin
2023-04-12 13:42:32,036 [INFO] IPUIPlugin:80 - create IPUIPlugin
2023-04-12 13:42:32,037 [INFO] IPUIPlugin:80 - create IPUIPlugin
2023-04-12 13:42:32,038 [INFO] IPUIPlugin:80 - create IPUIPlugin
2023-04-12 13:42:32,038 [INFO] IPUIPlugin:80 - create IPUIPlugin
2023-04-12 13:42:32,039 [INFO] IPUIPlugin:80 - create IPUIPlugin
2023-04-12 13:42:32,040 [INFO] IPUIPlugin:80 - create IPUIPlugin
2023-04-12 13:42:32,041 [INFO] IPUIPlugin:80 - create IPUIPlugin
2023-04-12 13:42:32,041 [INFO] IPUIPlugin:80 - create IPUIPlugin
2023-04-12 13:42:32,042 [INFO] IPUIPlugin:80 - create IPUIPlugin
2023-04-12 13:42:32,043 [INFO] IPUIPlugin:80 - create IPUIPlugin
2023-04-12 13:42:32,065 [INFO] ApiDbMcu:507 - Load IP Config File for PDM2PCM
2023-04-12 13:42:32,150 [WARN] FreeRTOS:1023 - Null or empty value: should not occur! (nothing added to the table)
2023-04-12 13:42:32,671 [INFO] CADModel:165 - CPN selected for project levelSTM32F446RET6
2023-04-12 13:42:32,671 [INFO] CADModel:114 - Register for checkConnection events
2023-04-12 13:42:32,687 [INFO] RtosManager:697 - Active RTOS found at IOC load: FREERTOS [Cortex-M4NS]
2023-04-12 13:42:32,727 [INFO] OpenFileManager:328 - Restore cursor
